#
# A fatal error has been detected by the Java Runtime Environment:
#
#  SIGSEGV (0xb) at pc=0x00007f5bb70bfc27, pid=13611, tid=0x00007f5c2906b700
#
# JRE version: Java(TM) SE Runtime Environment (8.0_181-b13) (build 1.8.0_181-b13)
# Java VM: Java HotSpot(TM) 64-Bit Server VM (25.181-b13 mixed mode linux-amd64 compressed oops)
# Problematic frame:
# C  [libtesseract.so.4.0.0+0xa1c27]  tesseract::Tesseract::recog_all_words(PAGE_RES*, ETEXT_DESC*, TBOX const*, char const*, int)+0x437
#
# Failed to write core dump. Core dumps have been disabled. To enable core dumping, try "ulimit -c unlimited" before starting Java again
#
# If you would like to submit a bug report, please visit:
#   http://bugreport.java.com/bugreport/crash.jsp
# The crash happened outside the Java Virtual Machine in native code.
# See problematic frame for where to report the bug.
#

---------------  T H R E A D  ---------------

Current thread (0x00007f5c08ca1000):  JavaThread "http-nio-8085-exec-1" daemon [_thread_in_native, id=13705, stack(0x00007f5c28f6b000,0x00007f5c2906c000)]

siginfo: si_signo: 11 (SIGSEGV), si_code: 1 (SEGV_MAPERR), si_addr: 0x000000000000000c

Registers:
RAX=0x0000000000000000, RBX=0x00007f5bec35bad0, RCX=0x0000000000000000, RDX=0x00007f5bec37d6c8
RSP=0x00007f5c290671b0, RBP=0x00007f5c29067200, RSI=0x0000000000000000, RDI=0x00007f5c290672c0
R8 =0x0000000000000000, R9 =0x0000000000000000, R10=0x00007f5bec0008d0, R11=0x0000000000000000
R12=0x00007f5bec634aa0, R13=0x0000000000000000, R14=0x0000000000000000, R15=0x00007f5bec634aa0
RIP=0x00007f5bb70bfc27, EFLAGS=0x0000000000010246, CSGSFS=0x002b000000000033, ERR=0x0000000000000004
  TRAPNO=0x000000000000000e

Top of Stack: (sp=0x00007f5c290671b0)
0x00007f5c290671b0:   0000000000000000 0000000000000000
0x00007f5c290671c0:   0000000000000000 00007f5bec665bc0
0x00007f5c290671d0:   00007f5bec702400 00007f5bec65f5c0
0x00007f5c290671e0:   0000000000000001 00007f5c29067210
0x00007f5c290671f0:   00007f5bec665bc0 00007f5bb725099e
0x00007f5c29067200:   00007f5bec634aa0 0000000000000000
0x00007f5c29067210:   0000000000000000 0000000000000000
0x00007f5c29067220:   00007f5bec6f6d70 00007f5bec687a30
0x00007f5c29067230:   00007f5bec65f5c0 00007f5bec6f70f0
0x00007f5c29067240:   00007f5bec687a30 00007f5bec65f5c0
0x00007f5c29067250:   00007f5bec634aa8 00007f5bec65f5c0
0x00007f5c29067260:   00007f5bec65f5c0 00007f5bec65f5c0
0x00007f5c29067270:   0000000000000000 00007f5bec65f5c0
0x00007f5c29067280:   00007f5bec65f500 00007f5bec65f5e8
0x00007f5c29067290:   00007f5bec665bc0 00007f5bec687a30
0x00007f5c290672a0:   00007f5bec69cce0 00007f5bec370000
0x00007f5c290672b0:   00007f5bec687a30 00007f5bec634a00
0x00007f5c290672c0:   00007f5bec687a50 00007f5bec6f70f0
0x00007f5c290672d0:   00007f5bec6f6f30 00007f5bec6f72b0
0x00007f5c290672e0:   0000000000000000 00007f5bec6f6d70
0x00007f5c290672f0:   00007f5bec37d801 4d8fa0c0fd603200
0x00007f5c29067300:   00007f5c29067330 00007f5bec353580
0x00007f5c29067310:   00007f5c290673a0 0000000000000000
0x00007f5c29067320:   0000000000000000 0000000000000001
0x00007f5c29067330:   00007f5bec634aa0 00007f5bb70a9160
0x00007f5c29067340:   00007f5bec353580 00007f5c2906750c
0x00007f5c29067350:   00007f5c29067508 0000000000000001
0x00007f5c29067360:   00007f5c29067301 4d8fa0c0fd603200
0x00007f5c29067370:   00007f5c290674e0 00007f5bec353580
0x00007f5c29067380:   0000000000000000 00007f5c29067de0
0x00007f5c29067390:   00007f5c29067340 0000000000000001
0x00007f5c290673a0:   00007f5c290673f0 00007f5bb70aa3ff 

Instructions: (pc=0x00007f5bb70bfc27)
0x00007f5bb70bfc07:   00 31 f6 48 89 ef e8 ce f9 18 00 8b 83 a0 15 00
0x00007f5bb70bfc17:   00 85 c0 0f 8f c0 00 00 00 48 8b 83 40 0a 00 00
0x00007f5bb70bfc27:   80 78 0c 00 0f 85 a7 02 00 00 8b 83 58 47 02 00
0x00007f5bb70bfc37:   85 c0 0f 8e b1 00 00 00 31 d2 45 31 ff eb 2c 66 

Register to memory mapping:

RAX=0x0000000000000000 is an unknown value
RBX=0x00007f5bec35bad0 is an unknown value
RCX=0x0000000000000000 is an unknown value
RDX=0x00007f5bec37d6c8 is an unknown value
RSP=0x00007f5c290671b0 is pointing into the stack for thread: 0x00007f5c08ca1000
RBP=0x00007f5c29067200 is pointing into the stack for thread: 0x00007f5c08ca1000
RSI=0x0000000000000000 is an unknown value
RDI=0x00007f5c290672c0 is pointing into the stack for thread: 0x00007f5c08ca1000
R8 =0x0000000000000000 is an unknown value
R9 =0x0000000000000000 is an unknown value
R10=0x00007f5bec0008d0 is an unknown value
R11=0x0000000000000000 is an unknown value
R12=0x00007f5bec634aa0 is an unknown value
R13=0x0000000000000000 is an unknown value
R14=0x0000000000000000 is an unknown value
R15=0x00007f5bec634aa0 is an unknown value


Stack: [0x00007f5c28f6b000,0x00007f5c2906c000],  sp=0x00007f5c290671b0,  free space=1008k
Native frames: (J=compiled Java code, j=interpreted, Vv=VM code, C=native code)
C  [libtesseract.so.4.0.0+0xa1c27]  tesseract::Tesseract::recog_all_words(PAGE_RES*, ETEXT_DESC*, TBOX const*, char const*, int)+0x437
C  0x0000000000000000

Java frames: (J=compiled Java code, j=interpreted, Vv=VM code)
j  com.sun.jna.Native.invokePointer(JI[Ljava/lang/Object;)J+0
j  com.sun.jna.Function.invokePointer(I[Ljava/lang/Object;)Lcom/sun/jna/Pointer;+6
j  com.sun.jna.Function.invoke([Ljava/lang/Object;Ljava/lang/Class;Z)Ljava/lang/Object;+414
j  com.sun.jna.Function.invoke(Ljava/lang/reflect/Method;[Ljava/lang/Class;Ljava/lang/Class;[Ljava/lang/Object;Ljava/util/Map;)Ljava/lang/Object;+249
j  com.sun.jna.Library$Handler.invoke(Ljava/lang/Object;Ljava/lang/reflect/Method;[Ljava/lang/Object;)Ljava/lang/Object;+348
j  com.sun.proxy.$Proxy92.TessBaseAPIGetUTF8Text(Lnet/sourceforge/tess4j/ITessAPI$TessBaseAPI;)Lcom/sun/jna/Pointer;+16
j  net.sourceforge.tess4j.Tesseract.getOCRText(Ljava/lang/String;I)Ljava/lang/String;+62
j  net.sourceforge.tess4j.Tesseract.doOCR(Ljava/util/List;Ljava/lang/String;Ljava/awt/Rectangle;)Ljava/lang/String;+69
j  net.sourceforge.tess4j.Tesseract.doOCR(Ljava/io/File;Ljava/awt/Rectangle;)Ljava/lang/String;+10
j  net.sourceforge.tess4j.Tesseract.doOCR(Ljava/io/File;)Ljava/lang/String;+3
j  com.kenyo.hackathon.bcrp.service.impl.ImagenServiceImpl.proccesImage(Ljava/io/InputStream;Ljava/lang/String;)Ljava/lang/String;+132
j  com.kenyo.hackathon.bcrp.controller.ImagenController.proccessImage(Lorg/springframework/web/multipart/MultipartFile;)Lorg/springframework/http/ResponseEntity;+56
v  ~StubRoutines::call_stub
J 1435  sun.reflect.NativeMethodAccessorImpl.invoke0(Ljava/lang/reflect/Method;Ljava/lang/Object;[Ljava/lang/Object;)Ljava/lang/Object; (0 bytes) @ 0x00007f5c7cf30837 [0x00007f5c7cf307c0+0x77]
J 1434 C1 sun.reflect.NativeMethodAccessorImpl.invoke(Ljava/lang/Object;[Ljava/lang/Object;)Ljava/lang/Object; (104 bytes) @ 0x00007f5c7cf3328c [0x00007f5c7cf32ee0+0x3ac]
J 1111 C1 sun.reflect.DelegatingMethodAccessorImpl.invoke(Ljava/lang/Object;[Ljava/lang/Object;)Ljava/lang/Object; (10 bytes) @ 0x00007f5c7ce87504 [0x00007f5c7ce874c0+0x44]
J 1092 C1 java.lang.reflect.Method.invoke(Ljava/lang/Object;[Ljava/lang/Object;)Ljava/lang/Object; (62 bytes) @ 0x00007f5c7ce7bf64 [0x00007f5c7ce7be60+0x104]
j  org.springframework.web.method.support.InvocableHandlerMethod.doInvoke([Ljava/lang/Object;)Ljava/lang/Object;+16
j  org.springframework.web.method.support.InvocableHandlerMethod.invokeForRequest(Lorg/springframework/web/context/request/NativeWebRequest;Lorg/springframework/web/method/support/ModelAndViewContainer;[Ljava/lang/Object;)Ljava/lang/Object;+75
j  org.springframework.web.servlet.mvc.method.annotation.ServletInvocableHandlerMethod.invokeAndHandle(Lorg/springframework/web/context/request/ServletWebRequest;Lorg/springframework/web/method/support/ModelAndViewContainer;[Ljava/lang/Object;)V+4
j  org.springframework.web.servlet.mvc.method.annotation.RequestMappingHandlerAdapter.invokeHandlerMethod(Ljavax/servlet/http/HttpServletRequest;Ljavax/servlet/http/HttpServletResponse;Lorg/springframework/web/method/HandlerMethod;)Lorg/springframework/web/servlet/ModelAndView;+262
j  org.springframework.web.servlet.mvc.method.annotation.RequestMappingHandlerAdapter.handleInternal(Ljavax/servlet/http/HttpServletRequest;Ljavax/servlet/http/HttpServletResponse;Lorg/springframework/web/method/HandlerMethod;)Lorg/springframework/web/servlet/ModelAndView;+81
j  org.springframework.web.servlet.mvc.method.AbstractHandlerMethodAdapter.handle(Ljavax/servlet/http/HttpServletRequest;Ljavax/servlet/http/HttpServletResponse;Ljava/lang/Object;)Lorg/springframework/web/servlet/ModelAndView;+7
j  org.springframework.web.servlet.DispatcherServlet.doDispatch(Ljavax/servlet/http/HttpServletRequest;Ljavax/servlet/http/HttpServletResponse;)V+318
j  org.springframework.web.servlet.DispatcherServlet.doService(Ljavax/servlet/http/HttpServletRequest;Ljavax/servlet/http/HttpServletResponse;)V+301
j  org.springframework.web.servlet.FrameworkServlet.processRequest(Ljavax/servlet/http/HttpServletRequest;Ljavax/servlet/http/HttpServletResponse;)V+71
j  org.springframework.web.servlet.FrameworkServlet.doPost(Ljavax/servlet/http/HttpServletRequest;Ljavax/servlet/http/HttpServletResponse;)V+3
j  javax.servlet.http.HttpServlet.service(Ljavax/servlet/http/HttpServletRequest;Ljavax/servlet/http/HttpServletResponse;)V+149
j  org.springframework.web.servlet.FrameworkServlet.service(Ljavax/servlet/http/HttpServletRequest;Ljavax/servlet/http/HttpServletResponse;)V+33
j  javax.servlet.http.HttpServlet.service(Ljavax/servlet/ServletRequest;Ljavax/servlet/ServletResponse;)V+30
j  org.apache.catalina.core.ApplicationFilterChain.internalDoFilter(Ljavax/servlet/ServletRequest;Ljavax/servlet/ServletResponse;)V+304
j  org.apache.catalina.core.ApplicationFilterChain.doFilter(Ljavax/servlet/ServletRequest;Ljavax/servlet/ServletResponse;)V+101
j  org.apache.tomcat.websocket.server.WsFilter.doFilter(Ljavax/servlet/ServletRequest;Ljavax/servlet/ServletResponse;Ljavax/servlet/FilterChain;)V+21
j  org.apache.catalina.core.ApplicationFilterChain.internalDoFilter(Ljavax/servlet/ServletRequest;Ljavax/servlet/ServletResponse;)V+135
j  org.apache.catalina.core.ApplicationFilterChain.doFilter(Ljavax/servlet/ServletRequest;Ljavax/servlet/ServletResponse;)V+101
j  org.springframework.web.filter.RequestContextFilter.doFilterInternal(Ljavax/servlet/http/HttpServletRequest;Ljavax/servlet/http/HttpServletResponse;Ljavax/servlet/FilterChain;)V+21
j  org.springframework.web.filter.OncePerRequestFilter.doFilter(Ljavax/servlet/ServletRequest;Ljavax/servlet/ServletResponse;Ljavax/servlet/FilterChain;)V+111
j  org.apache.catalina.core.ApplicationFilterChain.internalDoFilter(Ljavax/servlet/ServletRequest;Ljavax/servlet/ServletResponse;)V+135
j  org.apache.catalina.core.ApplicationFilterChain.doFilter(Ljavax/servlet/ServletRequest;Ljavax/servlet/ServletResponse;)V+101
j  org.springframework.web.filter.HttpPutFormContentFilter.doFilterInternal(Ljavax/servlet/http/HttpServletRequest;Ljavax/servlet/http/HttpServletResponse;Ljavax/servlet/FilterChain;)V+95
j  org.springframework.web.filter.OncePerRequestFilter.doFilter(Ljavax/servlet/ServletRequest;Ljavax/servlet/ServletResponse;Ljavax/servlet/FilterChain;)V+111
j  org.apache.catalina.core.ApplicationFilterChain.internalDoFilter(Ljavax/servlet/ServletRequest;Ljavax/servlet/ServletResponse;)V+135
j  org.apache.catalina.core.ApplicationFilterChain.doFilter(Ljavax/servlet/ServletRequest;Ljavax/servlet/ServletResponse;)V+101
j  org.springframework.web.filter.HiddenHttpMethodFilter.doFilterInternal(Ljavax/servlet/http/HttpServletRequest;Ljavax/servlet/http/HttpServletResponse;Ljavax/servlet/FilterChain;)V+87
j  org.springframework.web.filter.OncePerRequestFilter.doFilter(Ljavax/servlet/ServletRequest;Ljavax/servlet/ServletResponse;Ljavax/servlet/FilterChain;)V+111
j  org.apache.catalina.core.ApplicationFilterChain.internalDoFilter(Ljavax/servlet/ServletRequest;Ljavax/servlet/ServletResponse;)V+135
j  org.apache.catalina.core.ApplicationFilterChain.doFilter(Ljavax/servlet/ServletRequest;Ljavax/servlet/ServletResponse;)V+101
j  org.springframework.web.filter.CharacterEncodingFilter.doFilterInternal(Ljavax/servlet/http/HttpServletRequest;Ljavax/servlet/http/HttpServletResponse;Ljavax/servlet/FilterChain;)V+53
j  org.springframework.web.filter.OncePerRequestFilter.doFilter(Ljavax/servlet/ServletRequest;Ljavax/servlet/ServletResponse;Ljavax/servlet/FilterChain;)V+111
j  org.apache.catalina.core.ApplicationFilterChain.internalDoFilter(Ljavax/servlet/ServletRequest;Ljavax/servlet/ServletResponse;)V+135
j  org.apache.catalina.core.ApplicationFilterChain.doFilter(Ljavax/servlet/ServletRequest;Ljavax/servlet/ServletResponse;)V+101
j  org.apache.catalina.core.StandardWrapperValve.invoke(Lorg/apache/catalina/connector/Request;Lorg/apache/catalina/connector/Response;)V+688
j  org.apache.catalina.core.StandardContextValve.invoke(Lorg/apache/catalina/connector/Request;Lorg/apache/catalina/connector/Response;)V+166
j  org.apache.catalina.authenticator.AuthenticatorBase.invoke(Lorg/apache/catalina/connector/Request;Lorg/apache/catalina/connector/Response;)V+260
j  org.apache.catalina.core.StandardHostValve.invoke(Lorg/apache/catalina/connector/Request;Lorg/apache/catalina/connector/Response;)V+138
j  org.apache.catalina.valves.ErrorReportValve.invoke(Lorg/apache/catalina/connector/Request;Lorg/apache/catalina/connector/Response;)V+6
j  org.apache.catalina.core.StandardEngineValve.invoke(Lorg/apache/catalina/connector/Request;Lorg/apache/catalina/connector/Response;)V+71
j  org.apache.catalina.connector.CoyoteAdapter.service(Lorg/apache/coyote/Request;Lorg/apache/coyote/Response;)V+199
j  org.apache.coyote.http11.Http11Processor.service(Lorg/apache/tomcat/util/net/SocketWrapperBase;)Lorg/apache/tomcat/util/net/AbstractEndpoint$Handler$SocketState;+806
j  org.apache.coyote.AbstractProcessorLight.process(Lorg/apache/tomcat/util/net/SocketWrapperBase;Lorg/apache/tomcat/util/net/SocketEvent;)Lorg/apache/tomcat/util/net/AbstractEndpoint$Handler$SocketState;+113
j  org.apache.coyote.AbstractProtocol$ConnectionHandler.process(Lorg/apache/tomcat/util/net/SocketWrapperBase;Lorg/apache/tomcat/util/net/SocketEvent;)Lorg/apache/tomcat/util/net/AbstractEndpoint$Handler$SocketState;+414
j  org.apache.tomcat.util.net.NioEndpoint$SocketProcessor.doRun()V+191
j  org.apache.tomcat.util.net.SocketProcessorBase.run()V+21
j  java.util.concurrent.ThreadPoolExecutor.runWorker(Ljava/util/concurrent/ThreadPoolExecutor$Worker;)V+95
j  java.util.concurrent.ThreadPoolExecutor$Worker.run()V+5
j  org.apache.tomcat.util.threads.TaskThread$WrappingRunnable.run()V+4
j  java.lang.Thread.run()V+11
v  ~StubRoutines::call_stub

---------------  P R O C E S S  ---------------

Java Threads: ( => current thread )
  0x00007f5bec0fd000 JavaThread "process reaper" daemon [_thread_blocked, id=13871, stack(0x00007f5c28009000,0x00007f5c28042000)]
  0x00007f5bec0cf000 JavaThread "Java2D Disposer" daemon [_thread_blocked, id=13869, stack(0x00007f5c2a485000,0x00007f5c2a586000)]
  0x00007f5c8c010000 JavaThread "DestroyJavaVM" [_thread_blocked, id=13613, stack(0x00007f5c92d28000,0x00007f5c92e28000)]
  0x00007f5c08d71800 JavaThread "http-nio-8085-AsyncTimeout" daemon [_thread_blocked, id=13718, stack(0x00007f5c2825e000,0x00007f5c2835f000)]
  0x00007f5c08d6f800 JavaThread "http-nio-8085-Acceptor-0" daemon [_thread_in_native, id=13717, stack(0x00007f5c2835f000,0x00007f5c28460000)]
  0x00007f5c08d6d000 JavaThread "http-nio-8085-ClientPoller-1" daemon [_thread_in_native, id=13716, stack(0x00007f5c28460000,0x00007f5c28561000)]
  0x00007f5c08d52000 JavaThread "http-nio-8085-ClientPoller-0" daemon [_thread_in_native, id=13715, stack(0x00007f5c28561000,0x00007f5c28662000)]
  0x00007f5c08d37000 JavaThread "http-nio-8085-exec-10" daemon [_thread_blocked, id=13714, stack(0x00007f5c28662000,0x00007f5c28763000)]
  0x00007f5c08d35000 JavaThread "http-nio-8085-exec-9" daemon [_thread_blocked, id=13713, stack(0x00007f5c28763000,0x00007f5c28864000)]
  0x00007f5c08d33000 JavaThread "http-nio-8085-exec-8" daemon [_thread_blocked, id=13712, stack(0x00007f5c28864000,0x00007f5c28965000)]
  0x00007f5c08d31800 JavaThread "http-nio-8085-exec-7" daemon [_thread_blocked, id=13711, stack(0x00007f5c28965000,0x00007f5c28a66000)]
  0x00007f5c08d2f800 JavaThread "http-nio-8085-exec-6" daemon [_thread_blocked, id=13710, stack(0x00007f5c28a66000,0x00007f5c28b67000)]
  0x00007f5c08ca8000 JavaThread "http-nio-8085-exec-5" daemon [_thread_blocked, id=13709, stack(0x00007f5c28b67000,0x00007f5c28c68000)]
  0x00007f5c08ca6000 JavaThread "http-nio-8085-exec-4" daemon [_thread_blocked, id=13708, stack(0x00007f5c28c68000,0x00007f5c28d69000)]
  0x00007f5c08ca4800 JavaThread "http-nio-8085-exec-3" daemon [_thread_blocked, id=13707, stack(0x00007f5c28d69000,0x00007f5c28e6a000)]
  0x00007f5c08ca2800 JavaThread "http-nio-8085-exec-2" daemon [_thread_blocked, id=13706, stack(0x00007f5c28e6a000,0x00007f5c28f6b000)]
=>0x00007f5c08ca1000 JavaThread "http-nio-8085-exec-1" daemon [_thread_in_native, id=13705, stack(0x00007f5c28f6b000,0x00007f5c2906c000)]
  0x00007f5c08c9d800 JavaThread "NioBlockingSelector.BlockPoller-1" daemon [_thread_in_native, id=13704, stack(0x00007f5c2936d000,0x00007f5c2946e000)]
  0x00007f5c08c21800 JavaThread "Live Reload Server" daemon [_thread_in_native, id=13703, stack(0x00007f5c2926c000,0x00007f5c2936d000)]
  0x00007f5c08c1b000 JavaThread "File Watcher" daemon [_thread_blocked, id=13701, stack(0x00007f5c2946e000,0x00007f5c2956f000)]
  0x00007f5c08962000 JavaThread "Tomcat JDBC Pool Cleaner[1984697014:1542948123300]" daemon [_thread_blocked, id=13675, stack(0x00007f5c29d6f000,0x00007f5c29e70000)]
  0x00007f5c08815000 JavaThread "container-0" [_thread_blocked, id=13674, stack(0x00007f5c2a083000,0x00007f5c2a184000)]
  0x00007f5c08811800 JavaThread "ContainerBackgroundProcessor[StandardEngine[Tomcat]]" daemon [_thread_blocked, id=13673, stack(0x00007f5c2a184000,0x00007f5c2a285000)]
  0x00007f5c8c68a800 JavaThread "RMI TCP Accept-0" daemon [_thread_in_native, id=13647, stack(0x00007f5c2ba4f000,0x00007f5c2bb50000)]
  0x00007f5c8c65d800 JavaThread "RMI TCP Accept-42453" daemon [_thread_in_native, id=13646, stack(0x00007f5c2bb5a000,0x00007f5c2bc5b000)]
  0x00007f5c8c644000 JavaThread "RMI TCP Accept-0" daemon [_thread_in_native, id=13645, stack(0x00007f5c2bc5b000,0x00007f5c2bd5c000)]
  0x00007f5c8c0d9000 JavaThread "Service Thread" daemon [_thread_blocked, id=13644, stack(0x00007f5c5407d000,0x00007f5c5417e000)]
  0x00007f5c8c0ce000 JavaThread "C1 CompilerThread3" daemon [_thread_blocked, id=13642, stack(0x00007f5c5417f000,0x00007f5c5427f000)]
  0x00007f5c8c0cb800 JavaThread "C2 CompilerThread2" daemon [_thread_blocked, id=13641, stack(0x00007f5c54280000,0x00007f5c54380000)]
  0x00007f5c8c0ca000 JavaThread "C2 CompilerThread1" daemon [_thread_blocked, id=13638, stack(0x00007f5c78027000,0x00007f5c78127000)]
  0x00007f5c8c0c7000 JavaThread "C2 CompilerThread0" daemon [_thread_blocked, id=13636, stack(0x00007f5c78128000,0x00007f5c78228000)]
  0x00007f5c8c0c5800 JavaThread "Signal Dispatcher" daemon [_thread_blocked, id=13633, stack(0x00007f5c78228000,0x00007f5c78329000)]
  0x00007f5c8c092800 JavaThread "Finalizer" daemon [_thread_blocked, id=13631, stack(0x00007f5c78329000,0x00007f5c7842a000)]
  0x00007f5c8c090000 JavaThread "Reference Handler" daemon [_thread_blocked, id=13630, stack(0x00007f5c7842a000,0x00007f5c7852b000)]

Other Threads:
  0x00007f5c8c086800 VMThread [stack: 0x00007f5c7852c000,0x00007f5c7862c000] [id=13629]
  0x00007f5c8c68d000 WatcherThread [stack: 0x00007f5c2b94f000,0x00007f5c2ba4f000] [id=13648]

VM state:not at safepoint (normal execution)

VM Mutex/Monitor currently owned by a thread: None

Heap:
 PSYoungGen      total 274944K, used 196760K [0x000000076d000000, 0x000000077f100000, 0x00000007c0000000)
  eden space 257024K, 71% used [0x000000076d000000,0x00000007783a9880,0x000000077cb00000)
  from space 17920K, 71% used [0x000000077dc80000,0x000000077e8fc8c8,0x000000077ee00000)
  to   space 17920K, 0% used [0x000000077cb00000,0x000000077cb00000,0x000000077dc80000)
 ParOldGen       total 183296K, used 25573K [0x00000006c7000000, 0x00000006d2300000, 0x000000076d000000)
  object space 183296K, 13% used [0x00000006c7000000,0x00000006c88f9688,0x00000006d2300000)
 Metaspace       used 46660K, capacity 47174K, committed 47744K, reserved 1091584K
  class space    used 6086K, capacity 6250K, committed 6272K, reserved 1048576K

Card table byte_map: [0x00007f5c7c049000,0x00007f5c7c812000] byte_map_base: 0x00007f5c78a11000

Marking Bits: (ParMarkBitMap*) 0x00007f5c921c80a0
 Begin Bits: [0x00007f5c54380000, 0x00007f5c581c0000)
 End Bits:   [0x00007f5c581c0000, 0x00007f5c5c000000)

Polling page: 0x00007f5c92e45000

CodeCache: size=245760Kb used=9826Kb max_used=9826Kb free=235933Kb
 bounds [0x00007f5c7cbd2000, 0x00007f5c7d582000, 0x00007f5c8bbd2000]
 total_blobs=4920 nmethods=4157 adapters=675
 compilation: enabled

Compilation events (10 events):
Event: 23,916 Thread 0x00007f5c8c0ce000 4184       1       java.awt.image.Raster::getSampleModelTranslateY (5 bytes)
Event: 23,916 Thread 0x00007f5c8c0ce000 nmethod 4184 0x00007f5c7cf15b50 code [0x00007f5c7cf15ca0, 0x00007f5c7cf15db0]
Event: 23,916 Thread 0x00007f5c8c0ce000 4186       1       java.awt.image.DataBuffer::getDataTypeSize (42 bytes)
Event: 23,916 Thread 0x00007f5c8c0ce000 nmethod 4186 0x00007f5c7cdef850 code [0x00007f5c7cdefa00, 0x00007f5c7cdefdb8]
Event: 23,916 Thread 0x00007f5c8c0ce000 4187       1       java.awt.image.ComponentSampleModel::getSampleSize (8 bytes)
Event: 23,916 Thread 0x00007f5c8c0ce000 nmethod 4187 0x00007f5c7cf15850 code [0x00007f5c7cf159c0, 0x00007f5c7cf15ae8]
Event: 23,916 Thread 0x00007f5c8c0ce000 4188       1       java.lang.Math::min (12 bytes)
Event: 23,916 Thread 0x00007f5c8c0ce000 nmethod 4188 0x00007f5c7cdef5d0 code [0x00007f5c7cdef720, 0x00007f5c7cdef810]
Event: 23,916 Thread 0x00007f5c8c0ce000 4189       1       java.io.RandomAccessFile::readFully (45 bytes)
Event: 23,916 Thread 0x00007f5c8c0ce000 nmethod 4189 0x00007f5c7cdef0d0 code [0x00007f5c7cdef240, 0x00007f5c7cdef478]

GC Heap History (10 events):
Event: 2,271 GC heap before
{Heap before GC invocations=6 (full 1):
 PSYoungGen      total 139264K, used 129024K [0x000000076d000000, 0x0000000776200000, 0x00000007c0000000)
  eden space 129024K, 100% used [0x000000076d000000,0x0000000774e00000,0x0000000774e00000)
  from space 10240K, 0% used [0x0000000775800000,0x0000000775800000,0x0000000776200000)
  to   space 10240K, 0% used [0x0000000774e00000,0x0000000774e00000,0x0000000775800000)
 ParOldGen       total 111616K, used 9186K [0x00000006c7000000, 0x00000006cdd00000, 0x000000076d000000)
  object space 111616K, 8% used [0x00000006c7000000,0x00000006c78f8920,0x00000006cdd00000)
 Metaspace       used 25310K, capacity 25690K, committed 25984K, reserved 1071104K
  class space    used 3272K, capacity 3377K, committed 3456K, reserved 1048576K
Event: 2,277 GC heap after
Heap after GC invocations=6 (full 1):
 PSYoungGen      total 139264K, used 8877K [0x000000076d000000, 0x0000000779600000, 0x00000007c0000000)
  eden space 129024K, 0% used [0x000000076d000000,0x000000076d000000,0x0000000774e00000)
  from space 10240K, 86% used [0x0000000774e00000,0x00000007756ab6c8,0x0000000775800000)
  to   space 11776K, 0% used [0x0000000778a80000,0x0000000778a80000,0x0000000779600000)
 ParOldGen       total 111616K, used 9194K [0x00000006c7000000, 0x00000006cdd00000, 0x000000076d000000)
  object space 111616K, 8% used [0x00000006c7000000,0x00000006c78fa920,0x00000006cdd00000)
 Metaspace       used 25310K, capacity 25690K, committed 25984K, reserved 1071104K
  class space    used 3272K, capacity 3377K, committed 3456K, reserved 1048576K
}
Event: 2,812 GC heap before
{Heap before GC invocations=7 (full 1):
 PSYoungGen      total 139264K, used 137901K [0x000000076d000000, 0x0000000779600000, 0x00000007c0000000)
  eden space 129024K, 100% used [0x000000076d000000,0x0000000774e00000,0x0000000774e00000)
  from space 10240K, 86% used [0x0000000774e00000,0x00000007756ab6c8,0x0000000775800000)
  to   space 11776K, 0% used [0x0000000778a80000,0x0000000778a80000,0x0000000779600000)
 ParOldGen       total 111616K, used 9194K [0x00000006c7000000, 0x00000006cdd00000, 0x000000076d000000)
  object space 111616K, 8% used [0x00000006c7000000,0x00000006c78fa920,0x00000006cdd00000)
 Metaspace       used 29093K, capacity 29540K, committed 29824K, reserved 1075200K
  class space    used 3762K, capacity 3864K, committed 3968K, reserved 1048576K
Event: 2,820 GC heap after
Heap after GC invocations=7 (full 1):
 PSYoungGen      total 187904K, used 11758K [0x000000076d000000, 0x0000000779c00000, 0x00000007c0000000)
  eden space 176128K, 0% used [0x000000076d000000,0x000000076d000000,0x0000000777c00000)
  from space 11776K, 99% used [0x0000000778a80000,0x00000007795fba50,0x0000000779600000)
  to   space 14848K, 0% used [0x0000000777c00000,0x0000000777c00000,0x0000000778a80000)
 ParOldGen       total 111616K, used 12253K [0x00000006c7000000, 0x00000006cdd00000, 0x000000076d000000)
  object space 111616K, 10% used [0x00000006c7000000,0x00000006c7bf76f8,0x00000006cdd00000)
 Metaspace       used 29093K, capacity 29540K, committed 29824K, reserved 1075200K
  class space    used 3762K, capacity 3864K, committed 3968K, reserved 1048576K
}
Event: 3,339 GC heap before
{Heap before GC invocations=8 (full 1):
 PSYoungGen      total 187904K, used 82029K [0x000000076d000000, 0x0000000779c00000, 0x00000007c0000000)
  eden space 176128K, 39% used [0x000000076d000000,0x000000077149fa80,0x0000000777c00000)
  from space 11776K, 99% used [0x0000000778a80000,0x00000007795fba50,0x0000000779600000)
  to   space 14848K, 0% used [0x0000000777c00000,0x0000000777c00000,0x0000000778a80000)
 ParOldGen       total 111616K, used 12253K [0x00000006c7000000, 0x00000006cdd00000, 0x000000076d000000)
  object space 111616K, 10% used [0x00000006c7000000,0x00000006c7bf76f8,0x00000006cdd00000)
 Metaspace       used 34715K, capacity 35170K, committed 35496K, reserved 1081344K
  class space    used 4525K, capacity 4605K, committed 4608K, reserved 1048576K
Event: 3,359 GC heap after
Heap after GC invocations=8 (full 1):
 PSYoungGen      total 190976K, used 14837K [0x000000076d000000, 0x000000077ee00000, 0x00000007c0000000)
  eden space 176128K, 0% used [0x000000076d000000,0x000000076d000000,0x0000000777c00000)
  from space 14848K, 99% used [0x0000000777c00000,0x0000000778a7d608,0x0000000778a80000)
  to   space 17920K, 0% used [0x000000077dc80000,0x000000077dc80000,0x000000077ee00000)
 ParOldGen       total 111616K, used 15572K [0x00000006c7000000, 0x00000006cdd00000, 0x000000076d000000)
  object space 111616K, 13% used [0x00000006c7000000,0x00000006c7f35358,0x00000006cdd00000)
 Metaspace       used 34715K, capacity 35170K, committed 35496K, reserved 1081344K
  class space    used 4525K, capacity 4605K, committed 4608K, reserved 1048576K
}
Event: 3,359 GC heap before
{Heap before GC invocations=9 (full 2):
 PSYoungGen      total 190976K, used 14837K [0x000000076d000000, 0x000000077ee00000, 0x00000007c0000000)
  eden space 176128K, 0% used [0x000000076d000000,0x000000076d000000,0x0000000777c00000)
  from space 14848K, 99% used [0x0000000777c00000,0x0000000778a7d608,0x0000000778a80000)
  to   space 17920K, 0% used [0x000000077dc80000,0x000000077dc80000,0x000000077ee00000)
 ParOldGen       total 111616K, used 15572K [0x00000006c7000000, 0x00000006cdd00000, 0x000000076d000000)
  object space 111616K, 13% used [0x00000006c7000000,0x00000006c7f35358,0x00000006cdd00000)
 Metaspace       used 34715K, capacity 35170K, committed 35496K, reserved 1081344K
  class space    used 4525K, capacity 4605K, committed 4608K, reserved 1048576K
Event: 3,397 GC heap after
Heap after GC invocations=9 (full 2):
 PSYoungGen      total 190976K, used 0K [0x000000076d000000, 0x000000077ee00000, 0x00000007c0000000)
  eden space 176128K, 0% used [0x000000076d000000,0x000000076d000000,0x0000000777c00000)
  from space 14848K, 0% used [0x0000000777c00000,0x0000000777c00000,0x0000000778a80000)
  to   space 17920K, 0% used [0x000000077dc80000,0x000000077dc80000,0x000000077ee00000)
 ParOldGen       total 183296K, used 25565K [0x00000006c7000000, 0x00000006d2300000, 0x000000076d000000)
  object space 183296K, 13% used [0x00000006c7000000,0x00000006c88f7688,0x00000006d2300000)
 Metaspace       used 34715K, capacity 35170K, committed 35496K, reserved 1081344K
  class space    used 4525K, capacity 4605K, committed 4608K, reserved 1048576K
}
Event: 4,350 GC heap before
{Heap before GC invocations=10 (full 2):
 PSYoungGen      total 190976K, used 176128K [0x000000076d000000, 0x000000077ee00000, 0x00000007c0000000)
  eden space 176128K, 100% used [0x000000076d000000,0x0000000777c00000,0x0000000777c00000)
  from space 14848K, 0% used [0x0000000777c00000,0x0000000777c00000,0x0000000778a80000)
  to   space 17920K, 0% used [0x000000077dc80000,0x000000077dc80000,0x000000077ee00000)
 ParOldGen       total 183296K, used 25565K [0x00000006c7000000, 0x00000006d2300000, 0x000000076d000000)
  object space 183296K, 13% used [0x00000006c7000000,0x00000006c88f7688,0x00000006d2300000)
 Metaspace       used 39835K, capacity 40324K, committed 40960K, reserved 1085440K
  class space    used 5117K, capacity 5272K, committed 5376K, reserved 1048576K
Event: 4,368 GC heap after
Heap after GC invocations=10 (full 2):
 PSYoungGen      total 274944K, used 12786K [0x000000076d000000, 0x000000077f100000, 0x00000007c0000000)
  eden space 257024K, 0% used [0x000000076d000000,0x000000076d000000,0x000000077cb00000)
  from space 17920K, 71% used [0x000000077dc80000,0x000000077e8fc8c8,0x000000077ee00000)
  to   space 17920K, 0% used [0x000000077cb00000,0x000000077cb00000,0x000000077dc80000)
 ParOldGen       total 183296K, used 25573K [0x00000006c7000000, 0x00000006d2300000, 0x000000076d000000)
  object space 183296K, 13% used [0x00000006c7000000,0x00000006c88f9688,0x00000006d2300000)
 Metaspace       used 39835K, capacity 40324K, committed 40960K, reserved 1085440K
  class space    used 5117K, capacity 5272K, committed 5376K, reserved 1048576K
}

Deoptimization events (0 events):
No events

Classes redefined (0 events):
No events

Internal exceptions (10 events):
Event: 22,154 Thread 0x00007f5c08ca1000 Exception <a 'java/lang/ClassNotFoundException': org/springframework/web/servlet/view/DefaultRequestToViewNameTranslatorCustomizer> (0x0000000774f380b0) thrown at [/HUDSON/workspace/8-2-build-linux-amd64/jdk8u181/11358/hotspot/src/share/vm/classfile/syste
Event: 22,155 Thread 0x00007f5c08ca1000 Exception <a 'java/lang/ClassNotFoundException': org/springframework/web/servlet/RequestToViewNameTranslatorCustomizer> (0x0000000774f68f38) thrown at [/HUDSON/workspace/8-2-build-linux-amd64/jdk8u181/11358/hotspot/src/share/vm/classfile/systemDictionary.
Event: 22,157 Thread 0x00007f5c08ca1000 Exception <a 'java/lang/ClassNotFoundException': java/lang/ObjectCustomizer> (0x0000000774fa62f0) thrown at [/HUDSON/workspace/8-2-build-linux-amd64/jdk8u181/11358/hotspot/src/share/vm/classfile/systemDictionary.cpp, line 210]
Event: 22,158 Thread 0x00007f5c08ca1000 Exception <a 'java/lang/ClassNotFoundException': org/springframework/web/servlet/support/AbstractFlashMapManagerCustomizer> (0x0000000774fca710) thrown at [/HUDSON/workspace/8-2-build-linux-amd64/jdk8u181/11358/hotspot/src/share/vm/classfile/systemDiction
Event: 22,158 Thread 0x00007f5c08ca1000 Exception <a 'java/lang/ClassNotFoundException': org/springframework/web/servlet/support/SessionFlashMapManagerCustomizer> (0x0000000774ff29c0) thrown at [/HUDSON/workspace/8-2-build-linux-amd64/jdk8u181/11358/hotspot/src/share/vm/classfile/systemDictiona
Event: 22,159 Thread 0x00007f5c08ca1000 Exception <a 'java/lang/ClassNotFoundException': org/springframework/web/servlet/FlashMapManagerCustomizer> (0x0000000775010ed8) thrown at [/HUDSON/workspace/8-2-build-linux-amd64/jdk8u181/11358/hotspot/src/share/vm/classfile/systemDictionary.cpp, line 21
Event: 22,489 Thread 0x00007f5c08ca1000 Exception <a 'java/io/FileNotFoundException'> (0x00000007759b23d8) thrown at [/HUDSON/workspace/8-2-build-linux-amd64/jdk8u181/11358/hotspot/src/share/vm/prims/jni.cpp, line 709]
Event: 22,489 Thread 0x00007f5c08ca1000 Exception <a 'java/io/FileNotFoundException'> (0x00000007759b3218) thrown at [/HUDSON/workspace/8-2-build-linux-amd64/jdk8u181/11358/hotspot/src/share/vm/prims/jni.cpp, line 709]
Event: 23,299 Thread 0x00007f5c08ca1000 Exception <a 'java/lang/UnsatisfiedLinkError': libtesseract.so: no se puede abrir el archivo del objeto compartido: No existe el archivo o el directorio> (0x0000000776e35238) thrown at [/HUDSON/workspace/8-2-build-linux-amd64/jdk8u181/11358/hotspot/src/sh
Event: 23,299 Thread 0x00007f5c08ca1000 Exception <a 'java/lang/UnsatisfiedLinkError': libtesseract.so: no se puede abrir el archivo del objeto compartido: No existe el archivo o el directorio> (0x0000000776e37850) thrown at [/HUDSON/workspace/8-2-build-linux-amd64/jdk8u181/11358/hotspot/src/sh

Events (10 events):
Event: 23,910 loading class com/github/jaiimageio/plugins/tiff/GeoTIFFTagSet$GeoAsciiParams
Event: 23,910 loading class com/github/jaiimageio/plugins/tiff/GeoTIFFTagSet$GeoAsciiParams done
Event: 23,911 loading class com/github/jaiimageio/plugins/tiff/TIFFDecompressor
Event: 23,911 loading class com/github/jaiimageio/plugins/tiff/TIFFDecompressor done
Event: 23,912 loading class com/github/jaiimageio/impl/plugins/tiff/TIFFNullDecompressor
Event: 23,912 loading class com/github/jaiimageio/impl/plugins/tiff/TIFFNullDecompressor done
Event: 23,920 loading class java/lang/StrictMath
Event: 23,920 loading class java/lang/StrictMath done
Event: 23,920 loading class com/sun/jna/Native$Buffers
Event: 23,920 loading class com/sun/jna/Native$Buffers done


Dynamic libraries:
00400000-00401000 r-xp 00000000 08:03 4070017                            /usr/lib/jvm/jdk1.8.0_181/bin/java
00600000-00601000 rw-p 00000000 08:03 4070017                            /usr/lib/jvm/jdk1.8.0_181/bin/java
00895000-008b6000 rw-p 00000000 00:00 0                                  [heap]
6c7000000-6d2300000 rw-p 00000000 00:00 0 
6d2300000-76d000000 ---p 00000000 00:00 0 
76d000000-77f100000 rw-p 00000000 00:00 0 
77f100000-7c0000000 ---p 00000000 00:00 0 
7c0000000-7c0620000 rw-p 00000000 00:00 0 
7c0620000-800000000 ---p 00000000 00:00 0 
7f5bb0000000-7f5bb0021000 rw-p 00000000 00:00 0 
7f5bb0021000-7f5bb4000000 ---p 00000000 00:00 0 
7f5bb49f0000-7f5bb4bc9000 rw-p 00000000 00:00 0 
7f5bb4da2000-7f5bb4e22000 rw-p 00000000 00:00 0 
7f5bb4e22000-7f5bb4fa2000 ---p 00000000 00:00 0 
7f5bb4fa2000-7f5bb4fad000 r-xp 00000000 08:03 3941003                    /usr/lib/x86_64-linux-gnu/libjbig.so.0
7f5bb4fad000-7f5bb51ac000 ---p 0000b000 08:03 3941003                    /usr/lib/x86_64-linux-gnu/libjbig.so.0
7f5bb51ac000-7f5bb51ad000 r--p 0000a000 08:03 3941003                    /usr/lib/x86_64-linux-gnu/libjbig.so.0
7f5bb51ad000-7f5bb51b0000 rw-p 0000b000 08:03 3941003                    /usr/lib/x86_64-linux-gnu/libjbig.so.0
7f5bb51b0000-7f5bb51d4000 r-xp 00000000 08:03 4985788                    /lib/x86_64-linux-gnu/liblzma.so.5.2.2
7f5bb51d4000-7f5bb53d4000 ---p 00024000 08:03 4985788                    /lib/x86_64-linux-gnu/liblzma.so.5.2.2
7f5bb53d4000-7f5bb53d5000 r--p 00024000 08:03 4985788                    /lib/x86_64-linux-gnu/liblzma.so.5.2.2
7f5bb53d5000-7f5bb53d6000 rw-p 00025000 08:03 4985788                    /lib/x86_64-linux-gnu/liblzma.so.5.2.2
7f5bb53d6000-7f5bb542a000 r-xp 00000000 08:03 3940741                    /usr/lib/x86_64-linux-gnu/libopenjp2.so.2.3.0
7f5bb542a000-7f5bb562a000 ---p 00054000 08:03 3940741                    /usr/lib/x86_64-linux-gnu/libopenjp2.so.2.3.0
7f5bb562a000-7f5bb562b000 r--p 00054000 08:03 3940741                    /usr/lib/x86_64-linux-gnu/libopenjp2.so.2.3.0
7f5bb562b000-7f5bb562c000 rw-p 00055000 08:03 3940741                    /usr/lib/x86_64-linux-gnu/libopenjp2.so.2.3.0
7f5bb562c000-7f5bb5692000 r-xp 00000000 08:03 3941478                    /usr/lib/x86_64-linux-gnu/libwebp.so.6.0.2
7f5bb5692000-7f5bb5891000 ---p 00066000 08:03 3941478                    /usr/lib/x86_64-linux-gnu/libwebp.so.6.0.2
7f5bb5891000-7f5bb5892000 r--p 00065000 08:03 3941478                    /usr/lib/x86_64-linux-gnu/libwebp.so.6.0.2
7f5bb5892000-7f5bb5893000 rw-p 00066000 08:03 3941478                    /usr/lib/x86_64-linux-gnu/libwebp.so.6.0.2
7f5bb5893000-7f5bb5895000 rw-p 00000000 00:00 0 
7f5bb5895000-7f5bb5908000 r-xp 00000000 08:03 3941394                    /usr/lib/x86_64-linux-gnu/libtiff.so.5.3.0
7f5bb5908000-7f5bb5b07000 ---p 00073000 08:03 3941394                    /usr/lib/x86_64-linux-gnu/libtiff.so.5.3.0
7f5bb5b07000-7f5bb5b0b000 r--p 00072000 08:03 3941394                    /usr/lib/x86_64-linux-gnu/libtiff.so.5.3.0
7f5bb5b0b000-7f5bb5b0c000 rw-p 00076000 08:03 3941394                    /usr/lib/x86_64-linux-gnu/libtiff.so.5.3.0
7f5bb5b0c000-7f5bb5b14000 r-xp 00000000 08:03 3942520                    /usr/lib/x86_64-linux-gnu/libgif.so.7.0.0
7f5bb5b14000-7f5bb5d13000 ---p 00008000 08:03 3942520                    /usr/lib/x86_64-linux-gnu/libgif.so.7.0.0
7f5bb5d13000-7f5bb5d14000 r--p 00007000 08:03 3942520                    /usr/lib/x86_64-linux-gnu/libgif.so.7.0.0
7f5bb5d14000-7f5bb5d15000 rw-p 00008000 08:03 3942520                    /usr/lib/x86_64-linux-gnu/libgif.so.7.0.0
7f5bb5d15000-7f5bb5d7c000 r-xp 00000000 08:03 3941007                    /usr/lib/x86_64-linux-gnu/libjpeg.so.8.1.2
7f5bb5d7c000-7f5bb5f7b000 ---p 00067000 08:03 3941007                    /usr/lib/x86_64-linux-gnu/libjpeg.so.8.1.2
7f5bb5f7b000-7f5bb5f7c000 r--p 00066000 08:03 3941007                    /usr/lib/x86_64-linux-gnu/libjpeg.so.8.1.2
7f5bb5f7c000-7f5bb5f7d000 rw-p 00067000 08:03 3941007                    /usr/lib/x86_64-linux-gnu/libjpeg.so.8.1.2
7f5bb5f7d000-7f5bb5fae000 r-xp 00000000 08:03 3941206                    /usr/lib/x86_64-linux-gnu/libpng16.so.16.34.0
7f5bb5fae000-7f5bb61ad000 ---p 00031000 08:03 3941206                    /usr/lib/x86_64-linux-gnu/libpng16.so.16.34.0
7f5bb61ad000-7f5bb61ae000 r--p 00030000 08:03 3941206                    /usr/lib/x86_64-linux-gnu/libpng16.so.16.34.0
7f5bb61ae000-7f5bb61af000 rw-p 00031000 08:03 3941206                    /usr/lib/x86_64-linux-gnu/libpng16.so.16.34.0
7f5bb61af000-7f5bb61cb000 r-xp 00000000 08:03 4985900                    /lib/x86_64-linux-gnu/libz.so.1.2.11
7f5bb61cb000-7f5bb63ca000 ---p 0001c000 08:03 4985900                    /lib/x86_64-linux-gnu/libz.so.1.2.11
7f5bb63ca000-7f5bb63cb000 r--p 0001b000 08:03 4985900                    /lib/x86_64-linux-gnu/libz.so.1.2.11
7f5bb63cb000-7f5bb63cc000 rw-p 0001c000 08:03 4985900                    /lib/x86_64-linux-gnu/libz.so.1.2.11
7f5bb63cc000-7f5bb63fa000 r-xp 00000000 08:03 3940810                    /usr/lib/x86_64-linux-gnu/libgomp.so.1.0.0
7f5bb63fa000-7f5bb65fa000 ---p 0002e000 08:03 3940810                    /usr/lib/x86_64-linux-gnu/libgomp.so.1.0.0
7f5bb65fa000-7f5bb65fb000 r--p 0002e000 08:03 3940810                    /usr/lib/x86_64-linux-gnu/libgomp.so.1.0.0
7f5bb65fb000-7f5bb65fc000 rw-p 0002f000 08:03 3940810                    /usr/lib/x86_64-linux-gnu/libgomp.so.1.0.0
7f5bb65fc000-7f5bb6613000 r-xp 00000000 08:03 4985765                    /lib/x86_64-linux-gnu/libgcc_s.so.1
7f5bb6613000-7f5bb6812000 ---p 00017000 08:03 4985765                    /lib/x86_64-linux-gnu/libgcc_s.so.1
7f5bb6812000-7f5bb6813000 r--p 00016000 08:03 4985765                    /lib/x86_64-linux-gnu/libgcc_s.so.1
7f5bb6813000-7f5bb6814000 rw-p 00017000 08:03 4985765                    /lib/x86_64-linux-gnu/libgcc_s.so.1
7f5bb6814000-7f5bb6992000 r-xp 00000000 08:03 3941363                    /usr/lib/x86_64-linux-gnu/libstdc++.so.6.0.25
7f5bb6992000-7f5bb6b92000 ---p 0017e000 08:03 3941363                    /usr/lib/x86_64-linux-gnu/libstdc++.so.6.0.25
7f5bb6b92000-7f5bb6b9c000 r--p 0017e000 08:03 3941363                    /usr/lib/x86_64-linux-gnu/libstdc++.so.6.0.25
7f5bb6b9c000-7f5bb6b9e000 rw-p 00188000 08:03 3941363                    /usr/lib/x86_64-linux-gnu/libstdc++.so.6.0.25
7f5bb6b9e000-7f5bb6ba2000 rw-p 00000000 00:00 0 
7f5bb6ba2000-7f5bb6dfe000 r-xp 00000000 08:03 3949189                    /usr/lib/x86_64-linux-gnu/liblept.so.5.0.2
7f5bb6dfe000-7f5bb6ffd000 ---p 0025c000 08:03 3949189                    /usr/lib/x86_64-linux-gnu/liblept.so.5.0.2
7f5bb6ffd000-7f5bb6ffe000 r--p 0025b000 08:03 3949189                    /usr/lib/x86_64-linux-gnu/liblept.so.5.0.2
7f5bb6ffe000-7f5bb7004000 rw-p 0025c000 08:03 3949189                    /usr/lib/x86_64-linux-gnu/liblept.so.5.0.2
7f5bb701e000-7f5bb732b000 r-xp 00000000 08:03 3949192                    /usr/lib/x86_64-linux-gnu/libtesseract.so.4.0.0
7f5bb732b000-7f5bb752a000 ---p 0030d000 08:03 3949192                    /usr/lib/x86_64-linux-gnu/libtesseract.so.4.0.0
7f5bb752a000-7f5bb752f000 r--p 0030c000 08:03 3949192                    /usr/lib/x86_64-linux-gnu/libtesseract.so.4.0.0
7f5bb752f000-7f5bb7530000 rw-p 00311000 08:03 3949192                    /usr/lib/x86_64-linux-gnu/libtesseract.so.4.0.0
7f5bb7530000-7f5bb77d4000 rw-p 00000000 00:00 0 
7f5bb77d4000-7f5bb77eb000 r-xp 00000000 08:03 141834                     /tmp/jna-101935210/jna1646422720167566524.tmp (deleted)
7f5bb77eb000-7f5bb78ea000 ---p 00017000 08:03 141834                     /tmp/jna-101935210/jna1646422720167566524.tmp (deleted)
7f5bb78ea000-7f5bb78ec000 rw-p 00016000 08:03 141834                     /tmp/jna-101935210/jna1646422720167566524.tmp (deleted)
7f5bb78ec000-7f5bb7927000 r-xp 00000000 08:03 5644385                    /usr/lib/jvm/jdk1.8.0_181/jre/lib/amd64/libjpeg.so
7f5bb7927000-7f5bb7b26000 ---p 0003b000 08:03 5644385                    /usr/lib/jvm/jdk1.8.0_181/jre/lib/amd64/libjpeg.so
7f5bb7b26000-7f5bb7b27000 rw-p 0003a000 08:03 5644385                    /usr/lib/jvm/jdk1.8.0_181/jre/lib/amd64/libjpeg.so
7f5bb7b27000-7f5bb7b2e000 r-xp 00000000 08:03 5644451                    /usr/lib/jvm/jdk1.8.0_181/jre/lib/amd64/libawt_headless.so
7f5bb7b2e000-7f5bb7d2d000 ---p 00007000 08:03 5644451                    /usr/lib/jvm/jdk1.8.0_181/jre/lib/amd64/libawt_headless.so
7f5bb7d2d000-7f5bb7d2e000 rw-p 00006000 08:03 5644451                    /usr/lib/jvm/jdk1.8.0_181/jre/lib/amd64/libawt_headless.so
7f5bb7d2e000-7f5bb7dd0000 r-xp 00000000 08:03 5644433                    /usr/lib/jvm/jdk1.8.0_181/jre/lib/amd64/libawt.so
7f5bb7dd0000-7f5bb7fd0000 ---p 000a2000 08:03 5644433                    /usr/lib/jvm/jdk1.8.0_181/jre/lib/amd64/libawt.so
7f5bb7fd0000-7f5bb7fdc000 rw-p 000a2000 08:03 5644433                    /usr/lib/jvm/jdk1.8.0_181/jre/lib/amd64/libawt.so
7f5bb7fdc000-7f5bb8000000 rw-p 00000000 00:00 0 
7f5bb8000000-7f5bb8021000 rw-p 00000000 00:00 0 
7f5bb8021000-7f5bbc000000 ---p 00000000 00:00 0 
7f5bbc000000-7f5bbc021000 rw-p 00000000 00:00 0 
7f5bbc021000-7f5bc0000000 ---p 00000000 00:00 0 
7f5bc0000000-7f5bc0021000 rw-p 00000000 00:00 0 
7f5bc0021000-7f5bc4000000 ---p 00000000 00:00 0 
7f5bc4000000-7f5bc4021000 rw-p 00000000 00:00 0 
7f5bc4021000-7f5bc8000000 ---p 00000000 00:00 0 
7f5bc8000000-7f5bc8021000 rw-p 00000000 00:00 0 
7f5bc8021000-7f5bcc000000 ---p 00000000 00:00 0 
7f5bcc000000-7f5bcc021000 rw-p 00000000 00:00 0 
7f5bcc021000-7f5bd0000000 ---p 00000000 00:00 0 
7f5bd0000000-7f5bd0021000 rw-p 00000000 00:00 0 
7f5bd0021000-7f5bd4000000 ---p 00000000 00:00 0 
7f5bd4000000-7f5bd4021000 rw-p 00000000 00:00 0 
7f5bd4021000-7f5bd8000000 ---p 00000000 00:00 0 
7f5bd8000000-7f5bd8021000 rw-p 00000000 00:00 0 
7f5bd8021000-7f5bdc000000 ---p 00000000 00:00 0 
7f5bdc000000-7f5bdc021000 rw-p 00000000 00:00 0 
7f5bdc021000-7f5be0000000 ---p 00000000 00:00 0 
7f5be0000000-7f5be0021000 rw-p 00000000 00:00 0 
7f5be0021000-7f5be4000000 ---p 00000000 00:00 0 
7f5be4000000-7f5be4021000 rw-p 00000000 00:00 0 
7f5be4021000-7f5be8000000 ---p 00000000 00:00 0 
7f5be8000000-7f5be8021000 rw-p 00000000 00:00 0 
7f5be8021000-7f5bec000000 ---p 00000000 00:00 0 
7f5bec000000-7f5bec733000 rw-p 00000000 00:00 0 
7f5bec733000-7f5bf0000000 ---p 00000000 00:00 0 
7f5bf0000000-7f5bf0021000 rw-p 00000000 00:00 0 
7f5bf0021000-7f5bf4000000 ---p 00000000 00:00 0 
7f5bf4000000-7f5bf4021000 rw-p 00000000 00:00 0 
7f5bf4021000-7f5bf8000000 ---p 00000000 00:00 0 
7f5bf8000000-7f5bf8021000 rw-p 00000000 00:00 0 
7f5bf8021000-7f5bfc000000 ---p 00000000 00:00 0 
7f5bfc000000-7f5bfc021000 rw-p 00000000 00:00 0 
7f5bfc021000-7f5c00000000 ---p 00000000 00:00 0 
7f5c00000000-7f5c0004e000 rw-p 00000000 00:00 0 
7f5c0004e000-7f5c04000000 ---p 00000000 00:00 0 
7f5c04000000-7f5c04021000 rw-p 00000000 00:00 0 
7f5c04021000-7f5c08000000 ---p 00000000 00:00 0 
7f5c08000000-7f5c08d75000 rw-p 00000000 00:00 0 
7f5c08d75000-7f5c0c000000 ---p 00000000 00:00 0 
7f5c0c000000-7f5c0c2d2000 rw-p 00000000 00:00 0 
7f5c0c2d2000-7f5c10000000 ---p 00000000 00:00 0 
7f5c10000000-7f5c10021000 rw-p 00000000 00:00 0 
7f5c10021000-7f5c14000000 ---p 00000000 00:00 0 
7f5c14000000-7f5c14021000 rw-p 00000000 00:00 0 
7f5c14021000-7f5c18000000 ---p 00000000 00:00 0 
7f5c18000000-7f5c18021000 rw-p 00000000 00:00 0 
7f5c18021000-7f5c1c000000 ---p 00000000 00:00 0 
7f5c1c000000-7f5c1c021000 rw-p 00000000 00:00 0 
7f5c1c021000-7f5c20000000 ---p 00000000 00:00 0 
7f5c20000000-7f5c20021000 rw-p 00000000 00:00 0 
7f5c20021000-7f5c24000000 ---p 00000000 00:00 0 
7f5c24000000-7f5c24021000 rw-p 00000000 00:00 0 
7f5c24021000-7f5c28000000 ---p 00000000 00:00 0 
7f5c28009000-7f5c2800c000 ---p 00000000 00:00 0 
7f5c2800c000-7f5c28042000 rw-p 00000000 00:00 0 
7f5c28042000-7f5c2805e000 r--s 00393000 08:03 5644285                    /usr/lib/jvm/jdk1.8.0_181/jre/lib/ext/cldrdata.jar
7f5c2805e000-7f5c2825e000 rw-p 00000000 00:00 0 
7f5c2825e000-7f5c28261000 ---p 00000000 00:00 0 
7f5c28261000-7f5c2835f000 rw-p 00000000 00:00 0 
7f5c2835f000-7f5c28362000 ---p 00000000 00:00 0 
7f5c28362000-7f5c28460000 rw-p 00000000 00:00 0 
7f5c28460000-7f5c28463000 ---p 00000000 00:00 0 
7f5c28463000-7f5c28561000 rw-p 00000000 00:00 0 
7f5c28561000-7f5c28564000 ---p 00000000 00:00 0 
7f5c28564000-7f5c28662000 rw-p 00000000 00:00 0 
7f5c28662000-7f5c28665000 ---p 00000000 00:00 0 
7f5c28665000-7f5c28763000 rw-p 00000000 00:00 0 
7f5c28763000-7f5c28766000 ---p 00000000 00:00 0 
7f5c28766000-7f5c28864000 rw-p 00000000 00:00 0 
7f5c28864000-7f5c28867000 ---p 00000000 00:00 0 
7f5c28867000-7f5c28965000 rw-p 00000000 00:00 0 
7f5c28965000-7f5c28968000 ---p 00000000 00:00 0 
7f5c28968000-7f5c28a66000 rw-p 00000000 00:00 0 
7f5c28a66000-7f5c28a69000 ---p 00000000 00:00 0 
7f5c28a69000-7f5c28b67000 rw-p 00000000 00:00 0 
7f5c28b67000-7f5c28b6a000 ---p 00000000 00:00 0 
7f5c28b6a000-7f5c28c68000 rw-p 00000000 00:00 0 
7f5c28c68000-7f5c28c6b000 ---p 00000000 00:00 0 
7f5c28c6b000-7f5c28d69000 rw-p 00000000 00:00 0 
7f5c28d69000-7f5c28d6c000 ---p 00000000 00:00 0 
7f5c28d6c000-7f5c28e6a000 rw-p 00000000 00:00 0 
7f5c28e6a000-7f5c28e6d000 ---p 00000000 00:00 0 
7f5c28e6d000-7f5c28f6b000 rw-p 00000000 00:00 0 
7f5c28f6b000-7f5c28f6e000 ---p 00000000 00:00 0 
7f5c28f6e000-7f5c2926c000 rw-p 00000000 00:00 0 
7f5c2926c000-7f5c2926f000 ---p 00000000 00:00 0 
7f5c2926f000-7f5c2936d000 rw-p 00000000 00:00 0 
7f5c2936d000-7f5c29370000 ---p 00000000 00:00 0 
7f5c29370000-7f5c2946e000 rw-p 00000000 00:00 0 
7f5c2946e000-7f5c29471000 ---p 00000000 00:00 0 
7f5c29471000-7f5c2976f000 rw-p 00000000 00:00 0 
7f5c2976f000-7f5c2996f000 rw-p 00000000 00:00 0 
7f5c2996f000-7f5c29b6f000 rw-p 00000000 00:00 0 
7f5c29b6f000-7f5c29d6f000 rw-p 00000000 00:00 0 
7f5c29d6f000-7f5c29d72000 ---p 00000000 00:00 0 
7f5c29d72000-7f5c2a070000 rw-p 00000000 00:00 0 
7f5c2a070000-7f5c2a083000 r--s 00345000 08:03 5644262                    /usr/lib/jvm/jdk1.8.0_181/jre/lib/resources.jar
7f5c2a083000-7f5c2a086000 ---p 00000000 00:00 0 
7f5c2a086000-7f5c2a184000 rw-p 00000000 00:00 0 
7f5c2a184000-7f5c2a187000 ---p 00000000 00:00 0 
7f5c2a187000-7f5c2a485000 rw-p 00000000 00:00 0 
7f5c2a485000-7f5c2a488000 ---p 00000000 00:00 0 
7f5c2a488000-7f5c2a586000 rw-p 00000000 00:00 0 
7f5c2a586000-7f5c2a58b000 r--s 002f9000 08:03 5644222                    /usr/lib/jvm/jdk1.8.0_181/jre/lib/charsets.jar
7f5c2a58b000-7f5c2a78b000 rw-p 00000000 00:00 0 
7f5c2a78b000-7f5c2a98b000 rw-p 00000000 00:00 0 
7f5c2a98b000-7f5c2ab8b000 rw-p 00000000 00:00 0 
7f5c2ab8b000-7f5c2ad8b000 rw-p 00000000 00:00 0 
7f5c2ad8b000-7f5c2ae20000 r--s 0110e000 08:03 5644286                    /usr/lib/jvm/jdk1.8.0_181/jre/lib/ext/jfxrt.jar
7f5c2ae20000-7f5c2b020000 rw-p 00000000 00:00 0 
7f5c2b020000-7f5c2b220000 rw-p 00000000 00:00 0 
7f5c2b220000-7f5c2b223000 ---p 00000000 00:00 0 
7f5c2b223000-7f5c2b521000 rw-p 00000000 00:00 0 
7f5c2b521000-7f5c2b524000 ---p 00000000 00:00 0 
7f5c2b524000-7f5c2b622000 rw-p 00000000 00:00 0 
7f5c2b622000-7f5c2b625000 ---p 00000000 00:00 0 
7f5c2b625000-7f5c2b923000 rw-p 00000000 00:00 0 
7f5c2b923000-7f5c2b92a000 r--s 00000000 08:03 4196533                    /usr/lib/x86_64-linux-gnu/gconv/gconv-modules.cache
7f5c2b92a000-7f5c2b94e000 r--p 00000000 08:03 4461069                    /usr/share/locale-langpack/es/LC_MESSAGES/libc.mo
7f5c2b94e000-7f5c2b94f000 ---p 00000000 00:00 0 
7f5c2b94f000-7f5c2ba4f000 rw-p 00000000 00:00 0 
7f5c2ba4f000-7f5c2ba52000 ---p 00000000 00:00 0 
7f5c2ba52000-7f5c2bb50000 rw-p 00000000 00:00 0 
7f5c2bb50000-7f5c2bb5a000 r--s 00116000 08:03 5644292                    /usr/lib/jvm/jdk1.8.0_181/jre/lib/ext/localedata.jar
7f5c2bb5a000-7f5c2bb5d000 ---p 00000000 00:00 0 
7f5c2bb5d000-7f5c2bc5b000 rw-p 00000000 00:00 0 
7f5c2bc5b000-7f5c2bc5e000 ---p 00000000 00:00 0 
7f5c2bc5e000-7f5c2bd5c000 rw-p 00000000 00:00 0 
7f5c2bd5c000-7f5c2bd61000 r--s 0009d000 08:03 5644281                    /usr/lib/jvm/jdk1.8.0_181/jre/lib/jsse.jar
7f5c2bd61000-7f5c2bd62000 r--s 0041e000 08:05 14551234                   /home/kenyo/.m2/repository/io/springfox/springfox-swagger-ui/2.8.0/springfox-swagger-ui-2.8.0.jar
7f5c2bd62000-7f5c2bd64000 r--s 00004000 08:05 14551232                   /home/kenyo/.m2/repository/org/mapstruct/mapstruct/1.2.0.Final/mapstruct-1.2.0.Final.jar
7f5c2bd64000-7f5c2bd66000 r--s 00000000 08:05 14551230                   /home/kenyo/.m2/repository/org/springframework/plugin/spring-plugin-metadata/1.2.0.RELEASE/spring-plugin-metadata-1.2.0.RELEASE.jar
7f5c2bd66000-7f5c2bd67000 r--s 00004000 08:05 14551228                   /home/kenyo/.m2/repository/org/springframework/plugin/spring-plugin-core/1.2.0.RELEASE/spring-plugin-core-1.2.0.RELEASE.jar
7f5c2bd67000-7f5c2bd69000 r--s 00009000 08:05 14551226                   /home/kenyo/.m2/repository/org/slf4j/slf4j-api/1.7.25/slf4j-api-1.7.25.jar
7f5c2bd69000-7f5c2bd6b000 r--s 0000e000 08:05 10099449                   /home/kenyo/.m2/repository/com/fasterxml/classmate/1.3.4/classmate-1.3.4.jar
7f5c2bd6b000-7f5c2bd9a000 r--s 00226000 08:05 14551224                   /home/kenyo/.m2/repository/com/google/guava/guava/20.0/guava-20.0.jar
7f5c2bd9a000-7f5c2bd9d000 r--s 0001d000 08:05 14551222                   /home/kenyo/.m2/repository/org/reflections/reflections/0.9.11/reflections-0.9.11.jar
7f5c2bd9d000-7f5c2bda2000 r--s 00027000 08:05 14551220                   /home/kenyo/.m2/repository/io/springfox/springfox-spring-web/2.8.0/springfox-spring-web-2.8.0.jar
7f5c2bda2000-7f5c2bda5000 r--s 00015000 08:05 14551218                   /home/kenyo/.m2/repository/io/springfox/springfox-swagger-common/2.8.0/springfox-swagger-common-2.8.0.jar
7f5c2bda5000-7f5c2bda8000 r--s 00011000 08:05 14551216                   /home/kenyo/.m2/repository/io/springfox/springfox-schema/2.8.0/springfox-schema-2.8.0.jar
7f5c2bda8000-7f5c2bde4000 r--s 0028e000 08:05 14551214                   /home/kenyo/.m2/repository/net/bytebuddy/byte-buddy/1.7.9/byte-buddy-1.7.9.jar
7f5c2bde4000-7f5c2bde8000 r--s 00018000 08:05 14551212                   /home/kenyo/.m2/repository/io/springfox/springfox-core/2.8.0/springfox-core-2.8.0.jar
7f5c2bde8000-7f5c2bdeb000 r--s 0000a000 08:05 14551210                   /home/kenyo/.m2/repository/io/springfox/springfox-spi/2.8.0/springfox-spi-2.8.0.jar
7f5c2bdeb000-7f5c2bdef000 r--s 00020000 08:05 14551208                   /home/kenyo/.m2/repository/io/swagger/swagger-models/1.5.14/swagger-models-1.5.14.jar
7f5c2bdef000-7f5c2be00000 r-xp 00000000 08:03 5644443                    /usr/lib/jvm/jdk1.8.0_181/jre/lib/amd64/libnio.so
7f5c2be00000-7f5c2bfff000 ---p 00011000 08:03 5644443                    /usr/lib/jvm/jdk1.8.0_181/jre/lib/amd64/libnio.so
7f5c2bfff000-7f5c2c000000 rw-p 00010000 08:03 5644443                    /usr/lib/jvm/jdk1.8.0_181/jre/lib/amd64/libnio.so
7f5c2c000000-7f5c2c021000 rw-p 00000000 00:00 0 
7f5c2c021000-7f5c30000000 ---p 00000000 00:00 0 
7f5c30000000-7f5c30774000 rw-p 00000000 00:00 0 
7f5c30774000-7f5c34000000 ---p 00000000 00:00 0 
7f5c34000000-7f5c34046000 rw-p 00000000 00:00 0 
7f5c34046000-7f5c38000000 ---p 00000000 00:00 0 
7f5c38000000-7f5c38021000 rw-p 00000000 00:00 0 
7f5c38021000-7f5c3c000000 ---p 00000000 00:00 0 
7f5c3c000000-7f5c3c021000 rw-p 00000000 00:00 0 
7f5c3c021000-7f5c40000000 ---p 00000000 00:00 0 
7f5c40000000-7f5c40021000 rw-p 00000000 00:00 0 
7f5c40021000-7f5c44000000 ---p 00000000 00:00 0 
7f5c44000000-7f5c44002000 r--s 00004000 08:05 14551206                   /home/kenyo/.m2/repository/io/swagger/swagger-annotations/1.5.14/swagger-annotations-1.5.14.jar
7f5c44002000-7f5c44004000 r--s 0000e000 08:05 14551204                   /home/kenyo/.m2/repository/io/springfox/springfox-swagger2/2.8.0/springfox-swagger2-2.8.0.jar
7f5c44004000-7f5c44006000 r--s 00004000 08:05 14551138                   /home/kenyo/.m2/repository/org/slf4j/log4j-over-slf4j/1.7.25/log4j-over-slf4j-1.7.25.jar
7f5c44006000-7f5c44008000 r--s 00003000 08:05 14551176                   /home/kenyo/.m2/repository/org/slf4j/jcl-over-slf4j/1.7.25/jcl-over-slf4j-1.7.25.jar
7f5c44008000-7f5c4400a000 r--s 00000000 08:05 14551136                   /home/kenyo/.m2/repository/org/slf4j/jul-to-slf4j/1.7.25/jul-to-slf4j-1.7.25.jar
7f5c4400a000-7f5c44015000 r--s 0006a000 08:05 14551134                   /home/kenyo/.m2/repository/ch/qos/logback/logback-core/1.1.11/logback-core-1.1.11.jar
7f5c44015000-7f5c4401c000 r--s 00045000 08:05 14551132                   /home/kenyo/.m2/repository/ch/qos/logback/logback-classic/1.1.11/logback-classic-1.1.11.jar
7f5c4401c000-7f5c4401d000 r--s 0000a000 08:05 10888072                   /home/kenyo/.m2/repository/asm/asm/3.3.1/asm-3.3.1.jar
7f5c4401d000-7f5c44024000 r--s 00040000 08:05 10759484                   /home/kenyo/.m2/repository/cglib/cglib/2.2.2/cglib-2.2.2.jar
7f5c44024000-7f5c44028000 r--s 00015000 08:05 15993289                   /home/kenyo/.m2/repository/org/rococoa/rococoa-core/0.5/rococoa-core-0.5.jar
7f5c44028000-7f5c4402d000 r--s 00229000 08:05 15993287                   /home/kenyo/.m2/repository/net/sourceforge/lept4j/lept4j/1.2.3/lept4j-1.2.3.jar
7f5c4402d000-7f5c44031000 r--s 0002f000 08:05 15339226                   /home/kenyo/.m2/repository/commons-io/commons-io/2.5/commons-io-2.5.jar
7f5c44031000-7f5c4403d000 r--s 00108000 08:05 13112553                   /home/kenyo/.m2/repository/com/lowagie/itext/2.1.7/itext-2.1.7.jar
7f5c4403d000-7f5c4403f000 r--s 00008000 08:05 14553348                   /home/kenyo/.m2/repository/commons-logging/commons-logging/1.0.4/commons-logging-1.0.4.jar
7f5c4403f000-7f5c44049000 r--s 00081000 08:05 15993285                   /home/kenyo/.m2/repository/org/apache/xmlgraphics/xmlgraphics-commons/1.4/xmlgraphics-commons-1.4.jar
7f5c44049000-7f5c44056000 r--s 00083000 08:05 13112319                   /home/kenyo/.m2/repository/commons-collections/commons-collections/3.2.2/commons-collections-3.2.2.jar
7f5c44056000-7f5c4405b000 r--s 00038000 08:05 11536213                   /home/kenyo/.m2/repository/commons-beanutils/commons-beanutils/1.9.3/commons-beanutils-1.9.3.jar
7f5c4405b000-7f5c44064000 r--s 0006f000 08:05 15339257                   /home/kenyo/.m2/repository/log4j/log4j/1.2.17/log4j-1.2.17.jar
7f5c44064000-7f5c44069000 r--s 00028000 08:05 15993283                   /home/kenyo/.m2/repository/org/ghost4j/ghost4j/1.0.1/ghost4j-1.0.1.jar
7f5c44069000-7f5c44074000 r--s 00088000 08:05 15993281                   /home/kenyo/.m2/repository/com/github/jai-imageio/jai-imageio-core/1.3.1/jai-imageio-core-1.3.1.jar
7f5c44074000-7f5c44078000 r--s 00112000 08:05 15993279                   /home/kenyo/.m2/repository/net/java/dev/jna/jna/4.2.2/jna-4.2.2.jar
7f5c44078000-7f5c4407a000 r--s 02050000 08:05 15993278                   /home/kenyo/.m2/repository/net/sourceforge/tess4j/tess4j/3.2.1/tess4j-3.2.1.jar
7f5c4407a000-7f5c44091000 r--s 000fe000 08:05 12063142                   /home/kenyo/.m2/repository/org/springframework/spring-core/4.3.21.BUILD-SNAPSHOT/spring-core-4.3.21.BUILD-SNAPSHOT.jar
7f5c44091000-7f5c44098000 r--s 0009f000 08:05 14551202                   /home/kenyo/.m2/repository/org/postgresql/postgresql/9.4.1212.jre7/postgresql-9.4.1212.jre7.jar
7f5c44098000-7f5c440b8000 r--s 000e7000 08:05 12979993                   /home/kenyo/.m2/repository/org/springframework/boot/spring-boot-autoconfigure/1.5.18.BUILD-SNAPSHOT/spring-boot-autoconfigure-1.5.18.BUILD-SNAPSHOT.jar
7f5c440b8000-7f5c440c8000 r--s 00098000 08:05 11936272                   /home/kenyo/.m2/repository/org/springframework/boot/spring-boot/1.5.18.BUILD-SNAPSHOT/spring-boot-1.5.18.BUILD-SNAPSHOT.jar
7f5c440c8000-7f5c440ce000 r--s 00030000 08:05 15991956                   /home/kenyo/.m2/repository/org/springframework/boot/spring-boot-devtools/1.5.18.BUILD-SNAPSHOT/spring-boot-devtools-1.5.18.BUILD-SNAPSHOT.jar
7f5c440ce000-7f5c440d4000 r--s 0003e000 08:05 12724689                   /home/kenyo/.m2/repository/org/springframework/spring-expression/4.3.21.BUILD-SNAPSHOT/spring-expression-4.3.21.BUILD-SNAPSHOT.jar
7f5c440d4000-7f5c440e5000 r--s 000d0000 08:05 15991955                   /home/kenyo/.m2/repository/org/springframework/spring-webmvc/4.3.21.BUILD-SNAPSHOT/spring-webmvc-4.3.21.BUILD-SNAPSHOT.jar
7f5c440e5000-7f5c440f7000 r--s 000b9000 08:05 15991954                   /home/kenyo/.m2/repository/org/springframework/spring-web/4.3.21.BUILD-SNAPSHOT/spring-web-4.3.21.BUILD-SNAPSHOT.jar
7f5c440f7000-7f5c440fb000 r--s 00042000 08:05 11016594                   /home/kenyo/.m2/repository/com/fasterxml/jackson/core/jackson-core/2.8.11/jackson-core-2.8.11.jar
7f5c440fb000-7f5c440fe000 r--s 0000b000 08:05 10758765                   /home/kenyo/.m2/repository/com/fasterxml/jackson/core/jackson-annotations/2.8.0/jackson-annotations-2.8.0.jar
7f5c440fe000-7f5c44110000 r--s 0011f000 08:05 10497143                   /home/kenyo/.m2/repository/com/fasterxml/jackson/core/jackson-databind/2.8.11.2/jackson-databind-2.8.11.2.jar
7f5c44110000-7f5c44114000 r--s 0000c000 08:05 14551194                   /home/kenyo/.m2/repository/javax/validation/validation-api/1.1.0.Final/validation-api-1.1.0.Final.jar
7f5c44114000-7f5c44125000 r--s 000a1000 08:05 14551192                   /home/kenyo/.m2/repository/org/hibernate/hibernate-validator/5.3.6.Final/hibernate-validator-5.3.6.Final.jar
7f5c44125000-7f5c4412a000 r--s 0003a000 08:05 15991967                   /home/kenyo/.m2/repository/org/apache/tomcat/embed/tomcat-embed-websocket/8.5.35/tomcat-embed-websocket-8.5.35.jar
7f5c4412a000-7f5c4412f000 r--s 00038000 08:05 15991965                   /home/kenyo/.m2/repository/org/apache/tomcat/embed/tomcat-embed-el/8.5.35/tomcat-embed-el-8.5.35.jar
7f5c4412f000-7f5c44131000 r--s 00002000 08:05 15991963                   /home/kenyo/.m2/repository/org/apache/tomcat/tomcat-annotations-api/8.5.35/tomcat-annotations-api-8.5.35.jar
7f5c44131000-7f5c4415b000 r--s 002d7000 08:05 15991961                   /home/kenyo/.m2/repository/org/apache/tomcat/embed/tomcat-embed-core/8.5.35/tomcat-embed-core-8.5.35.jar
7f5c4415b000-7f5c4415c000 r--s 00000000 08:05 15734206                   /home/kenyo/.m2/repository/org/springframework/boot/spring-boot-starter-tomcat/1.5.18.BUILD-SNAPSHOT/spring-boot-starter-tomcat-1.5.18.BUILD-SNAPSHOT.jar
7f5c4415c000-7f5c4415d000 r--s 00000000 08:05 15602291                   /home/kenyo/.m2/repository/org/springframework/boot/spring-boot-starter-web/1.5.18.BUILD-SNAPSHOT/spring-boot-starter-web-1.5.18.BUILD-SNAPSHOT.jar
7f5c4415d000-7f5c441aa000 r--s 0042b000 08:05 14159184                   /home/kenyo/.m2/repository/org/codehaus/groovy/groovy/2.4.15/groovy-2.4.15.jar
7f5c441aa000-7f5c441ad000 r--s 0001a000 08:05 14159164                   /home/kenyo/.m2/repository/nz/net/ultraq/thymeleaf/thymeleaf-layout-dialect/1.4.0/thymeleaf-layout-dialect-1.4.0.jar
7f5c441ad000-7f5c441b0000 r--s 00020000 08:05 14034376                   /home/kenyo/.m2/repository/org/unbescape/unbescape/1.1.0.RELEASE/unbescape-1.1.0.RELEASE.jar
7f5c441b0000-7f5c441b3000 r--s 00035000 08:05 13763836                   /home/kenyo/.m2/repository/ognl/ognl/3.0.8/ognl-3.0.8.jar
7f5c441b3000-7f5c441c0000 r--s 000b7000 08:05 13242136                   /home/kenyo/.m2/repository/org/thymeleaf/thymeleaf/2.1.6.RELEASE/thymeleaf-2.1.6.RELEASE.jar
7f5c441c0000-7f5c441c3000 r--s 00034000 08:05 12979898                   /home/kenyo/.m2/repository/org/thymeleaf/thymeleaf-spring4/2.1.6.RELEASE/thymeleaf-spring4-2.1.6.RELEASE.jar
7f5c441c3000-7f5c441d1000 r--s 000ad000 08:05 12456570                   /home/kenyo/.m2/repository/org/springframework/spring-beans/4.3.21.BUILD-SNAPSHOT/spring-beans-4.3.21.BUILD-SNAPSHOT.jar
7f5c441d1000-7f5c441d9000 r--s 0003a000 08:05 14812830                   /home/kenyo/.m2/repository/org/springframework/spring-tx/4.3.21.BUILD-SNAPSHOT/spring-tx-4.3.21.BUILD-SNAPSHOT.jar
7f5c441d9000-7f5c441f3000 r--s 000fe000 08:05 12194320                   /home/kenyo/.m2/repository/org/springframework/spring-context/4.3.21.BUILD-SNAPSHOT/spring-context-4.3.21.BUILD-SNAPSHOT.jar
7f5c441f3000-7f5c441fd000 r--s 0006b000 08:05 15206039                   /home/kenyo/.m2/repository/org/springframework/spring-orm/4.3.21.BUILD-SNAPSHOT/spring-orm-4.3.21.BUILD-SNAPSHOT.jar
7f5c441fd000-7f5c44210000 r--s 000b3000 08:05 15074605                   /home/kenyo/.m2/repository/org/springframework/data/spring-data-commons/1.13.16.RELEASE/spring-data-commons-1.13.16.RELEASE.jar
7f5c44210000-7f5c47211000 rw-p 00000000 00:00 0 
7f5c47211000-7f5c47227000 r-xp 00000000 08:03 5644440                    /usr/lib/jvm/jdk1.8.0_181/jre/lib/amd64/libnet.so
7f5c47227000-7f5c47427000 ---p 00016000 08:03 5644440                    /usr/lib/jvm/jdk1.8.0_181/jre/lib/amd64/libnet.so
7f5c47427000-7f5c47428000 rw-p 00016000 08:03 5644440                    /usr/lib/jvm/jdk1.8.0_181/jre/lib/amd64/libnet.so
7f5c47428000-7f5c47431000 r-xp 00000000 08:03 5644448                    /usr/lib/jvm/jdk1.8.0_181/jre/lib/amd64/libmanagement.so
7f5c47431000-7f5c47630000 ---p 00009000 08:03 5644448                    /usr/lib/jvm/jdk1.8.0_181/jre/lib/amd64/libmanagement.so
7f5c47630000-7f5c47631000 rw-p 00008000 08:03 5644448                    /usr/lib/jvm/jdk1.8.0_181/jre/lib/amd64/libmanagement.so
7f5c47631000-7f5c48000000 r--p 00000000 08:03 3939065                    /usr/lib/locale/locale-archive
7f5c48000000-7f5c48021000 rw-p 00000000 00:00 0 
7f5c48021000-7f5c4c000000 ---p 00000000 00:00 0 
7f5c4c000000-7f5c4c021000 rw-p 00000000 00:00 0 
7f5c4c021000-7f5c50000000 ---p 00000000 00:00 0 
7f5c50000000-7f5c50021000 rw-p 00000000 00:00 0 
7f5c50021000-7f5c54000000 ---p 00000000 00:00 0 
7f5c54000000-7f5c54007000 r--s 00043000 08:05 12590434                   /home/kenyo/.m2/repository/org/springframework/data/spring-data-jpa/1.11.16.RELEASE/spring-data-jpa-1.11.16.RELEASE.jar
7f5c54007000-7f5c54014000 r--s 00089000 08:05 14551164                   /home/kenyo/.m2/repository/org/hibernate/hibernate-entitymanager/5.0.12.Final/hibernate-entitymanager-5.0.12.Final.jar
7f5c54014000-7f5c5407d000 r--s 004f3000 08:05 14551148                   /home/kenyo/.m2/repository/org/hibernate/hibernate-core/5.0.12.Final/hibernate-core-5.0.12.Final.jar
7f5c5407d000-7f5c54080000 ---p 00000000 00:00 0 
7f5c54080000-7f5c5417e000 rw-p 00000000 00:00 0 
7f5c5417e000-7f5c5417f000 ---p 00000000 00:00 0 
7f5c5417f000-7f5c54182000 ---p 00000000 00:00 0 
7f5c54182000-7f5c5427f000 rw-p 00000000 00:00 0 
7f5c5427f000-7f5c54280000 ---p 00000000 00:00 0 
7f5c54280000-7f5c54283000 ---p 00000000 00:00 0 
7f5c54283000-7f5c5c000000 rw-p 00000000 00:00 0 
7f5c5c000000-7f5c5c021000 rw-p 00000000 00:00 0 
7f5c5c021000-7f5c60000000 ---p 00000000 00:00 0 
7f5c60000000-7f5c60021000 rw-p 00000000 00:00 0 
7f5c60021000-7f5c64000000 ---p 00000000 00:00 0 
7f5c64000000-7f5c64021000 rw-p 00000000 00:00 0 
7f5c64021000-7f5c68000000 ---p 00000000 00:00 0 
7f5c68000000-7f5c68021000 rw-p 00000000 00:00 0 
7f5c68021000-7f5c6c000000 ---p 00000000 00:00 0 
7f5c6c000000-7f5c6c021000 rw-p 00000000 00:00 0 
7f5c6c021000-7f5c70000000 ---p 00000000 00:00 0 
7f5c70000000-7f5c70021000 rw-p 00000000 00:00 0 
7f5c70021000-7f5c74000000 ---p 00000000 00:00 0 
7f5c74000000-7f5c74021000 rw-p 00000000 00:00 0 
7f5c74021000-7f5c78000000 ---p 00000000 00:00 0 
7f5c78000000-7f5c78003000 r--s 0000c000 08:05 15474456                   /home/kenyo/.m2/repository/org/springframework/spring-aspects/4.3.21.BUILD-SNAPSHOT/spring-aspects-4.3.21.BUILD-SNAPSHOT.jar
7f5c78003000-7f5c78005000 r--s 00006000 08:05 14551166                   /home/kenyo/.m2/repository/javax/transaction/javax.transaction-api/1.2/javax.transaction-api-1.2.jar
7f5c78005000-7f5c78008000 r--s 00010000 08:05 14551162                   /home/kenyo/.m2/repository/org/hibernate/common/hibernate-commons-annotations/5.0.1.Final/hibernate-commons-annotations-5.0.1.Final.jar
7f5c78008000-7f5c7800d000 r--s 00048000 08:05 14551160                   /home/kenyo/.m2/repository/dom4j/dom4j/1.6.1/dom4j-1.6.1.jar
7f5c7800d000-7f5c78012000 r--s 00068000 08:05 14551156                   /home/kenyo/.m2/repository/antlr/antlr/2.7.7/antlr-2.7.7.jar
7f5c78012000-7f5c7801c000 r--s 000aa000 08:05 14551154                   /home/kenyo/.m2/repository/org/javassist/javassist/3.21.0-GA/javassist-3.21.0-GA.jar
7f5c7801c000-7f5c78026000 r--s 00060000 08:05 14034693                   /home/kenyo/.m2/repository/org/springframework/spring-jdbc/4.3.21.BUILD-SNAPSHOT/spring-jdbc-4.3.21.BUILD-SNAPSHOT.jar
7f5c78026000-7f5c78027000 ---p 00000000 00:00 0 
7f5c78027000-7f5c7802a000 ---p 00000000 00:00 0 
7f5c7802a000-7f5c78127000 rw-p 00000000 00:00 0 
7f5c78127000-7f5c78128000 ---p 00000000 00:00 0 
7f5c78128000-7f5c7812b000 ---p 00000000 00:00 0 
7f5c7812b000-7f5c78228000 rw-p 00000000 00:00 0 
7f5c78228000-7f5c7822b000 ---p 00000000 00:00 0 
7f5c7822b000-7f5c78329000 rw-p 00000000 00:00 0 
7f5c78329000-7f5c7832c000 ---p 00000000 00:00 0 
7f5c7832c000-7f5c7842a000 rw-p 00000000 00:00 0 
7f5c7842a000-7f5c7842d000 ---p 00000000 00:00 0 
7f5c7842d000-7f5c7852b000 rw-p 00000000 00:00 0 
7f5c7852b000-7f5c7852c000 ---p 00000000 00:00 0 
7f5c7852c000-7f5c7a270000 rw-p 00000000 00:00 0 
7f5c7a270000-7f5c7a44a000 r--s 03d6b000 08:03 5644224                    /usr/lib/jvm/jdk1.8.0_181/jre/lib/rt.jar
7f5c7a44a000-7f5c7b412000 rw-p 00000000 00:00 0 
7f5c7b412000-7f5c7b413000 ---p 00000000 00:00 0 
7f5c7b413000-7f5c7b513000 rw-p 00000000 00:00 0 
7f5c7b513000-7f5c7b514000 ---p 00000000 00:00 0 
7f5c7b514000-7f5c7b614000 rw-p 00000000 00:00 0 
7f5c7b614000-7f5c7b615000 ---p 00000000 00:00 0 
7f5c7b615000-7f5c7b715000 rw-p 00000000 00:00 0 
7f5c7b715000-7f5c7b716000 ---p 00000000 00:00 0 
7f5c7b716000-7f5c7b816000 rw-p 00000000 00:00 0 
7f5c7b816000-7f5c7b817000 ---p 00000000 00:00 0 
7f5c7b817000-7f5c7b917000 rw-p 00000000 00:00 0 
7f5c7b917000-7f5c7b918000 ---p 00000000 00:00 0 
7f5c7b918000-7f5c7ba18000 rw-p 00000000 00:00 0 
7f5c7ba18000-7f5c7ba19000 ---p 00000000 00:00 0 
7f5c7ba19000-7f5c7bb73000 rw-p 00000000 00:00 0 
7f5c7bb73000-7f5c7c049000 ---p 00000000 00:00 0 
7f5c7c049000-7f5c7c0a3000 rw-p 00000000 00:00 0 
7f5c7c0a3000-7f5c7c579000 ---p 00000000 00:00 0 
7f5c7c579000-7f5c7c60a000 rw-p 00000000 00:00 0 
7f5c7c60a000-7f5c7c811000 ---p 00000000 00:00 0 
7f5c7c811000-7f5c7c839000 rw-p 00000000 00:00 0 
7f5c7c839000-7f5c7cbd2000 ---p 00000000 00:00 0 
7f5c7cbd2000-7f5c7d582000 rwxp 00000000 00:00 0 
7f5c7d582000-7f5c8bbd2000 ---p 00000000 00:00 0 
7f5c8bbd2000-7f5c8bbed000 r-xp 00000000 08:03 5644436                    /usr/lib/jvm/jdk1.8.0_181/jre/lib/amd64/libzip.so
7f5c8bbed000-7f5c8bded000 ---p 0001b000 08:03 5644436                    /usr/lib/jvm/jdk1.8.0_181/jre/lib/amd64/libzip.so
7f5c8bded000-7f5c8bdee000 rw-p 0001b000 08:03 5644436                    /usr/lib/jvm/jdk1.8.0_181/jre/lib/amd64/libzip.so
7f5c8bdee000-7f5c8bdf9000 r-xp 00000000 08:03 4985818                    /lib/x86_64-linux-gnu/libnss_files-2.27.so
7f5c8bdf9000-7f5c8bff8000 ---p 0000b000 08:03 4985818                    /lib/x86_64-linux-gnu/libnss_files-2.27.so
7f5c8bff8000-7f5c8bff9000 r--p 0000a000 08:03 4985818                    /lib/x86_64-linux-gnu/libnss_files-2.27.so
7f5c8bff9000-7f5c8bffa000 rw-p 0000b000 08:03 4985818                    /lib/x86_64-linux-gnu/libnss_files-2.27.so
7f5c8bffa000-7f5c8c000000 rw-p 00000000 00:00 0 
7f5c8c000000-7f5c8cb42000 rw-p 00000000 00:00 0 
7f5c8cb42000-7f5c90000000 ---p 00000000 00:00 0 
7f5c90000000-7f5c90001000 r--s 00000000 08:05 13112540                   /home/kenyo/.m2/repository/org/springframework/boot/spring-boot-starter-thymeleaf/1.5.18.BUILD-SNAPSHOT/spring-boot-starter-thymeleaf-1.5.18.BUILD-SNAPSHOT.jar
7f5c90001000-7f5c90004000 r--s 0002b000 08:05 14551158                   /home/kenyo/.m2/repository/org/jboss/jandex/2.0.0.Final/jandex-2.0.0.Final.jar
7f5c90004000-7f5c9001d000 r--s 001bf000 08:05 14551142                   /home/kenyo/.m2/repository/org/aspectj/aspectjweaver/1.8.13/aspectjweaver-1.8.13.jar
7f5c9001d000-7f5c900e2000 rw-p 00000000 00:00 0 
7f5c900e2000-7f5c900e3000 ---p 00000000 00:00 0 
7f5c900e3000-7f5c901e3000 rw-p 00000000 00:00 0 
7f5c901e3000-7f5c901fa000 r-xp 00000000 08:03 4985812                    /lib/x86_64-linux-gnu/libnsl-2.27.so
7f5c901fa000-7f5c903f9000 ---p 00017000 08:03 4985812                    /lib/x86_64-linux-gnu/libnsl-2.27.so
7f5c903f9000-7f5c903fa000 r--p 00016000 08:03 4985812                    /lib/x86_64-linux-gnu/libnsl-2.27.so
7f5c903fa000-7f5c903fb000 rw-p 00017000 08:03 4985812                    /lib/x86_64-linux-gnu/libnsl-2.27.so
7f5c903fb000-7f5c903fd000 rw-p 00000000 00:00 0 
7f5c903fd000-7f5c90408000 r-xp 00000000 08:03 4985829                    /lib/x86_64-linux-gnu/libnss_nis-2.27.so
7f5c90408000-7f5c90607000 ---p 0000b000 08:03 4985829                    /lib/x86_64-linux-gnu/libnss_nis-2.27.so
7f5c90607000-7f5c90608000 r--p 0000a000 08:03 4985829                    /lib/x86_64-linux-gnu/libnss_nis-2.27.so
7f5c90608000-7f5c90609000 rw-p 0000b000 08:03 4985829                    /lib/x86_64-linux-gnu/libnss_nis-2.27.so
7f5c90609000-7f5c90611000 r-xp 00000000 08:03 4985814                    /lib/x86_64-linux-gnu/libnss_compat-2.27.so
7f5c90611000-7f5c90811000 ---p 00008000 08:03 4985814                    /lib/x86_64-linux-gnu/libnss_compat-2.27.so
7f5c90811000-7f5c90812000 r--p 00008000 08:03 4985814                    /lib/x86_64-linux-gnu/libnss_compat-2.27.so
7f5c90812000-7f5c90813000 rw-p 00009000 08:03 4985814                    /lib/x86_64-linux-gnu/libnss_compat-2.27.so
7f5c90813000-7f5c9083e000 r-xp 00000000 08:03 5644430                    /usr/lib/jvm/jdk1.8.0_181/jre/lib/amd64/libjava.so
7f5c9083e000-7f5c90a3d000 ---p 0002b000 08:03 5644430                    /usr/lib/jvm/jdk1.8.0_181/jre/lib/amd64/libjava.so
7f5c90a3d000-7f5c90a3f000 rw-p 0002a000 08:03 5644430                    /usr/lib/jvm/jdk1.8.0_181/jre/lib/amd64/libjava.so
7f5c90a3f000-7f5c90a4c000 r-xp 00000000 08:03 5644435                    /usr/lib/jvm/jdk1.8.0_181/jre/lib/amd64/libverify.so
7f5c90a4c000-7f5c90c4c000 ---p 0000d000 08:03 5644435                    /usr/lib/jvm/jdk1.8.0_181/jre/lib/amd64/libverify.so
7f5c90c4c000-7f5c90c4e000 rw-p 0000d000 08:03 5644435                    /usr/lib/jvm/jdk1.8.0_181/jre/lib/amd64/libverify.so
7f5c90c4e000-7f5c90c55000 r-xp 00000000 08:03 4985869                    /lib/x86_64-linux-gnu/librt-2.27.so
7f5c90c55000-7f5c90e54000 ---p 00007000 08:03 4985869                    /lib/x86_64-linux-gnu/librt-2.27.so
7f5c90e54000-7f5c90e55000 r--p 00006000 08:03 4985869                    /lib/x86_64-linux-gnu/librt-2.27.so
7f5c90e55000-7f5c90e56000 rw-p 00007000 08:03 4985869                    /lib/x86_64-linux-gnu/librt-2.27.so
7f5c90e56000-7f5c90ff3000 r-xp 00000000 08:03 4985791                    /lib/x86_64-linux-gnu/libm-2.27.so
7f5c90ff3000-7f5c911f2000 ---p 0019d000 08:03 4985791                    /lib/x86_64-linux-gnu/libm-2.27.so
7f5c911f2000-7f5c911f3000 r--p 0019c000 08:03 4985791                    /lib/x86_64-linux-gnu/libm-2.27.so
7f5c911f3000-7f5c911f4000 rw-p 0019d000 08:03 4985791                    /lib/x86_64-linux-gnu/libm-2.27.so
7f5c911f4000-7f5c91ed0000 r-xp 00000000 08:03 5644412                    /usr/lib/jvm/jdk1.8.0_181/jre/lib/amd64/server/libjvm.so
7f5c91ed0000-7f5c920d0000 ---p 00cdc000 08:03 5644412                    /usr/lib/jvm/jdk1.8.0_181/jre/lib/amd64/server/libjvm.so
7f5c920d0000-7f5c921aa000 rw-p 00cdc000 08:03 5644412                    /usr/lib/jvm/jdk1.8.0_181/jre/lib/amd64/server/libjvm.so
7f5c921aa000-7f5c921f5000 rw-p 00000000 00:00 0 
7f5c921f5000-7f5c923dc000 r-xp 00000000 08:03 4985728                    /lib/x86_64-linux-gnu/libc-2.27.so
7f5c923dc000-7f5c925dc000 ---p 001e7000 08:03 4985728                    /lib/x86_64-linux-gnu/libc-2.27.so
7f5c925dc000-7f5c925e0000 r--p 001e7000 08:03 4985728                    /lib/x86_64-linux-gnu/libc-2.27.so
7f5c925e0000-7f5c925e2000 rw-p 001eb000 08:03 4985728                    /lib/x86_64-linux-gnu/libc-2.27.so
7f5c925e2000-7f5c925e6000 rw-p 00000000 00:00 0 
7f5c925e6000-7f5c925e9000 r-xp 00000000 08:03 4985751                    /lib/x86_64-linux-gnu/libdl-2.27.so
7f5c925e9000-7f5c927e8000 ---p 00003000 08:03 4985751                    /lib/x86_64-linux-gnu/libdl-2.27.so
7f5c927e8000-7f5c927e9000 r--p 00002000 08:03 4985751                    /lib/x86_64-linux-gnu/libdl-2.27.so
7f5c927e9000-7f5c927ea000 rw-p 00003000 08:03 4985751                    /lib/x86_64-linux-gnu/libdl-2.27.so
7f5c927ea000-7f5c92800000 r-xp 00000000 08:03 5644091                    /usr/lib/jvm/jdk1.8.0_181/lib/amd64/jli/libjli.so
7f5c92800000-7f5c929ff000 ---p 00016000 08:03 5644091                    /usr/lib/jvm/jdk1.8.0_181/lib/amd64/jli/libjli.so
7f5c929ff000-7f5c92a00000 rw-p 00015000 08:03 5644091                    /usr/lib/jvm/jdk1.8.0_181/lib/amd64/jli/libjli.so
7f5c92a00000-7f5c92a1a000 r-xp 00000000 08:03 4985861                    /lib/x86_64-linux-gnu/libpthread-2.27.so
7f5c92a1a000-7f5c92c19000 ---p 0001a000 08:03 4985861                    /lib/x86_64-linux-gnu/libpthread-2.27.so
7f5c92c19000-7f5c92c1a000 r--p 00019000 08:03 4985861                    /lib/x86_64-linux-gnu/libpthread-2.27.so
7f5c92c1a000-7f5c92c1b000 rw-p 0001a000 08:03 4985861                    /lib/x86_64-linux-gnu/libpthread-2.27.so
7f5c92c1b000-7f5c92c1f000 rw-p 00000000 00:00 0 
7f5c92c1f000-7f5c92c46000 r-xp 00000000 08:03 4985700                    /lib/x86_64-linux-gnu/ld-2.27.so
7f5c92c46000-7f5c92c4b000 r--s 00017000 08:05 14551152                   /home/kenyo/.m2/repository/org/hibernate/javax/persistence/hibernate-jpa-2.1-api/1.0.0.Final/hibernate-jpa-2.1-api-1.0.0.Final.jar
7f5c92c4b000-7f5c92c4d000 r--s 0000f000 08:05 14551150                   /home/kenyo/.m2/repository/org/jboss/logging/jboss-logging/3.3.2.Final/jboss-logging-3.3.2.Final.jar
7f5c92c4d000-7f5c92c56000 r--s 00054000 08:05 12324932                   /home/kenyo/.m2/repository/org/springframework/spring-aop/4.3.21.BUILD-SNAPSHOT/spring-aop-4.3.21.BUILD-SNAPSHOT.jar
7f5c92c56000-7f5c92d27000 rw-p 00000000 00:00 0 
7f5c92d27000-7f5c92d28000 ---p 00000000 00:00 0 
7f5c92d28000-7f5c92d2b000 ---p 00000000 00:00 0 
7f5c92d2b000-7f5c92e2c000 rw-p 00000000 00:00 0 
7f5c92e2c000-7f5c92e2e000 r--s 0000b000 08:05 14681603                   /home/kenyo/.m2/repository/org/apache/tomcat/tomcat-juli/8.5.35/tomcat-juli-8.5.35.jar
7f5c92e2e000-7f5c92e31000 r--s 00022000 08:05 14553334                   /home/kenyo/.m2/repository/org/apache/tomcat/tomcat-jdbc/8.5.35/tomcat-jdbc-8.5.35.jar
7f5c92e31000-7f5c92e32000 r--s 00000000 08:05 13764095                   /home/kenyo/.m2/repository/org/springframework/boot/spring-boot-starter-jdbc/1.5.18.BUILD-SNAPSHOT/spring-boot-starter-jdbc-1.5.18.BUILD-SNAPSHOT.jar
7f5c92e32000-7f5c92e33000 r--s 00000000 08:05 13502095                   /home/kenyo/.m2/repository/org/springframework/boot/spring-boot-starter-aop/1.5.18.BUILD-SNAPSHOT/spring-boot-starter-aop-1.5.18.BUILD-SNAPSHOT.jar
7f5c92e33000-7f5c92e39000 r--s 0003d000 08:05 14551140                   /home/kenyo/.m2/repository/org/yaml/snakeyaml/1.17/snakeyaml-1.17.jar
7f5c92e39000-7f5c92e3a000 r--s 00000000 08:05 13242002                   /home/kenyo/.m2/repository/org/springframework/boot/spring-boot-starter-logging/1.5.18.BUILD-SNAPSHOT/spring-boot-starter-logging-1.5.18.BUILD-SNAPSHOT.jar
7f5c92e3a000-7f5c92e3b000 r--s 00000000 08:05 11804302                   /home/kenyo/.m2/repository/org/springframework/boot/spring-boot-starter/1.5.18.BUILD-SNAPSHOT/spring-boot-starter-1.5.18.BUILD-SNAPSHOT.jar
7f5c92e3b000-7f5c92e3c000 r--s 00000000 08:05 11536882                   /home/kenyo/.m2/repository/org/springframework/boot/spring-boot-starter-data-jpa/1.5.18.BUILD-SNAPSHOT/spring-boot-starter-data-jpa-1.5.18.BUILD-SNAPSHOT.jar
7f5c92e3c000-7f5c92e44000 rw-s 00000000 08:03 6038140                    /tmp/hsperfdata_kenyo/13611
7f5c92e44000-7f5c92e45000 rw-p 00000000 00:00 0 
7f5c92e45000-7f5c92e46000 r--p 00000000 00:00 0 
7f5c92e46000-7f5c92e47000 r--p 00027000 08:03 4985700                    /lib/x86_64-linux-gnu/ld-2.27.so
7f5c92e47000-7f5c92e48000 rw-p 00028000 08:03 4985700                    /lib/x86_64-linux-gnu/ld-2.27.so
7f5c92e48000-7f5c92e49000 rw-p 00000000 00:00 0 
7ffc3fe19000-7ffc3fe3c000 rw-p 00000000 00:00 0                          [stack]
7ffc3fe66000-7ffc3fe69000 r--p 00000000 00:00 0                          [vvar]
7ffc3fe69000-7ffc3fe6b000 r-xp 00000000 00:00 0                          [vdso]
ffffffffff600000-ffffffffff601000 r-xp 00000000 00:00 0                  [vsyscall]

VM Arguments:
jvm_args: -Dcom.sun.management.jmxremote -Dcom.sun.management.jmxremote.port=42453 -Dcom.sun.management.jmxremote.authenticate=false -Dcom.sun.management.jmxremote.ssl=false -Djava.rmi.server.hostname=localhost -Dspring.liveBeansView.mbeanDomain -Dspring.application.admin.enabled=true -Djava.security.egd=file:/dev/./urandom -Xverify:none -XX:TieredStopAtLevel=1 -Dfile.encoding=UTF-8 
java_command: com.kenyo.hackathon.bcrp.BilleteAppApplication --spring.output.ansi.enabled=always
java_class_path (initial): /media/kenyo/DATA/PROYECTOS/BCR Hackathon/backend/billete-app/target/classes:/home/kenyo/.m2/repository/org/springframework/boot/spring-boot-starter-data-jpa/1.5.18.BUILD-SNAPSHOT/spring-boot-starter-data-jpa-1.5.18.BUILD-SNAPSHOT.jar:/home/kenyo/.m2/repository/org/springframework/boot/spring-boot-starter/1.5.18.BUILD-SNAPSHOT/spring-boot-starter-1.5.18.BUILD-SNAPSHOT.jar:/home/kenyo/.m2/repository/org/springframework/boot/spring-boot-starter-logging/1.5.18.BUILD-SNAPSHOT/spring-boot-starter-logging-1.5.18.BUILD-SNAPSHOT.jar:/home/kenyo/.m2/repository/org/yaml/snakeyaml/1.17/snakeyaml-1.17.jar:/home/kenyo/.m2/repository/org/springframework/boot/spring-boot-starter-aop/1.5.18.BUILD-SNAPSHOT/spring-boot-starter-aop-1.5.18.BUILD-SNAPSHOT.jar:/home/kenyo/.m2/repository/org/springframework/spring-aop/4.3.21.BUILD-SNAPSHOT/spring-aop-4.3.21.BUILD-SNAPSHOT.jar:/home/kenyo/.m2/repository/org/aspectj/aspectjweaver/1.8.13/aspectjweaver-1.8.13.jar:/home/kenyo/.m2/repository/org/springframework/boot/spring-boot-starter-jdbc/1.5.18.BUILD-SNAPSHOT/spring-boot-starter-jdbc-1.5.18.BUILD-SNAPSHOT.jar:/home/kenyo/.m2/repository/org/apache/tomcat/tomcat-jdbc/8.5.35/tomcat-jdbc-8.5.35.jar:/home/kenyo/.m2/repository/org/apache/tomcat/tomcat-juli/8.5.35/tomcat-juli-8.5.35.jar:/home/kenyo/.m2/repository/org/springframework/spring-jdbc/4.3.21.BUILD-SNAPSHOT/spring-jdbc-4.3.21.BUILD-SNAPSHOT.jar:/home/kenyo/.m2/repository/org/hibernate/hibernate-core/5.0.12.Final/hibernate-core-5.0.12.Final.jar:/home/kenyo/.m2/repository/org/jboss/logging/jboss-logging/3.3.2.Final/jboss-logging-3.3.2.Final.jar:/home/kenyo/.m2/repository/org/hibernate/javax/persistence/hibernate-jpa-2.1-api/1.0.0.Final/hibernate-jpa-2.1-api-1.0.0.Final.jar:/home/kenyo/.m2/repository/org/javassist/javassist/3.21.0-GA/javassist-3.21.0-GA.jar:/home/kenyo/.m2/repository/antlr/antlr/2.7.7/antlr-2.7.7.jar:/home/kenyo/.m2/repository/org/jboss/jandex/2.0.0.Final/jandex-2.0.0.Final.jar:/home/kenyo/.m2/rep
Launcher Type: SUN_STANDARD

Environment Variables:
JAVA_HOME=/usr/lib/jvm/java-8-oracle
PATH=/usr/local/sbin:/usr/local/bin:/usr/sbin:/usr/bin:/sbin:/bin:/usr/games:/usr/local/games:/snap/bin:/usr/lib/jvm/java-8-oracle/bin:/usr/lib/jvm/java-8-oracle/db/bin:/usr/lib/jvm/java-8-oracle/jre/bin
USERNAME=kenyo
SHELL=/bin/bash
DISPLAY=:0

Signal Handlers:
SIGSEGV: [libjvm.so+0xad2a40], sa_mask[0]=11111111011111111101111111111110, sa_flags=SA_RESTART|SA_SIGINFO
SIGBUS: [libjvm.so+0xad2a40], sa_mask[0]=11111111011111111101111111111110, sa_flags=SA_RESTART|SA_SIGINFO
SIGFPE: [libjvm.so+0x92a610], sa_mask[0]=11111111011111111101111111111110, sa_flags=SA_RESTART|SA_SIGINFO
SIGPIPE: [libjvm.so+0x92a610], sa_mask[0]=11111111011111111101111111111110, sa_flags=SA_RESTART|SA_SIGINFO
SIGXFSZ: [libjvm.so+0x92a610], sa_mask[0]=11111111011111111101111111111110, sa_flags=SA_RESTART|SA_SIGINFO
SIGILL: [libjvm.so+0x92a610], sa_mask[0]=11111111011111111101111111111110, sa_flags=SA_RESTART|SA_SIGINFO
SIGUSR1: SIG_DFL, sa_mask[0]=00000000000000000000000000000000, sa_flags=none
SIGUSR2: [libjvm.so+0x92be70], sa_mask[0]=00100000000000000000000000000000, sa_flags=SA_RESTART|SA_SIGINFO
SIGHUP: [libjvm.so+0x92d270], sa_mask[0]=11111111011111111101111111111110, sa_flags=SA_RESTART|SA_SIGINFO
SIGINT: [libjvm.so+0x92d270], sa_mask[0]=11111111011111111101111111111110, sa_flags=SA_RESTART|SA_SIGINFO
SIGTERM: [libjvm.so+0x92d270], sa_mask[0]=11111111011111111101111111111110, sa_flags=SA_RESTART|SA_SIGINFO
SIGQUIT: [libjvm.so+0x92d270], sa_mask[0]=11111111011111111101111111111110, sa_flags=SA_RESTART|SA_SIGINFO


---------------  S Y S T E M  ---------------

OS:DISTRIB_ID=Ubuntu
DISTRIB_RELEASE=18.04
DISTRIB_CODENAME=bionic
DISTRIB_DESCRIPTION="Ubuntu 18.04.1 LTS"

uname:Linux 4.15.0-36-generic #39-Ubuntu SMP Mon Sep 24 16:19:09 UTC 2018 x86_64
libc:glibc 2.27 NPTL 2.27 
rlimit: STACK 8192k, CORE 0k, NPROC 63097, NOFILE 1048576, AS infinity
load average:1,99 2,48 2,40

/proc/meminfo:
MemTotal:       16316300 kB
MemFree:          189536 kB
MemAvailable:    8171232 kB
Buffers:         2568324 kB
Cached:          5572456 kB
SwapCached:            0 kB
Active:          9271596 kB
Inactive:        5843752 kB
Active(anon):    6897936 kB
Inactive(anon):   319844 kB
Active(file):    2373660 kB
Inactive(file):  5523908 kB
Unevictable:         488 kB
Mlocked:             488 kB
SwapTotal:      20468732 kB
SwapFree:       20468732 kB
Dirty:              2832 kB
Writeback:             0 kB
AnonPages:       6975024 kB
Mapped:           915608 kB
Shmem:            243148 kB
Slab:             610956 kB
SReclaimable:     421836 kB
SUnreclaim:       189120 kB
KernelStack:       27104 kB
PageTables:       133536 kB
NFS_Unstable:          0 kB
Bounce:                0 kB
WritebackTmp:          0 kB
CommitLimit:    28626880 kB
Committed_AS:   24219828 kB
VmallocTotal:   34359738367 kB
VmallocUsed:           0 kB
VmallocChunk:          0 kB
HardwareCorrupted:     0 kB
AnonHugePages:         0 kB
ShmemHugePages:        0 kB
ShmemPmdMapped:        0 kB
CmaTotal:              0 kB
CmaFree:               0 kB
HugePages_Total:       0
HugePages_Free:        0
HugePages_Rsvd:        0
HugePages_Surp:        0
Hugepagesize:       2048 kB
DirectMap4k:      837216 kB
DirectMap2M:    15833088 kB
DirectMap1G:           0 kB


CPU:total 8 (initial active 8) (4 cores per cpu, 2 threads per core) family 6 model 142 stepping 10, cmov, cx8, fxsr, mmx, sse, sse2, sse3, ssse3, sse4.1, sse4.2, popcnt, avx, avx2, aes, clmul, erms, 3dnowpref, lzcnt, ht, tsc, tscinvbit, bmi1, bmi2, adx

/proc/cpuinfo:
processor	: 0
vendor_id	: GenuineIntel
cpu family	: 6
model		: 142
model name	: Intel(R) Core(TM) i7-8550U CPU @ 1.80GHz
stepping	: 10
microcode	: 0x96
cpu MHz		: 3100.278
cache size	: 8192 KB
physical id	: 0
siblings	: 8
core id		: 0
cpu cores	: 4
apicid		: 0
initial apicid	: 0
fpu		: yes
fpu_exception	: yes
cpuid level	: 22
wp		: yes
flags		: fpu vme de pse tsc msr pae mce cx8 apic sep mtrr pge mca cmov pat pse36 clflush dts acpi mmx fxsr sse sse2 ss ht tm pbe syscall nx pdpe1gb rdtscp lm constant_tsc art arch_perfmon pebs bts rep_good nopl xtopology nonstop_tsc cpuid aperfmperf tsc_known_freq pni pclmulqdq dtes64 monitor ds_cpl vmx est tm2 ssse3 sdbg fma cx16 xtpr pdcm pcid sse4_1 sse4_2 x2apic movbe popcnt tsc_deadline_timer aes xsave avx f16c rdrand lahf_lm abm 3dnowprefetch cpuid_fault epb invpcid_single pti ssbd ibrs ibpb stibp tpr_shadow vnmi flexpriority ept vpid fsgsbase tsc_adjust bmi1 avx2 smep bmi2 erms invpcid mpx rdseed adx smap clflushopt intel_pt xsaveopt xsavec xgetbv1 xsaves dtherm ida arat pln pts hwp hwp_notify hwp_act_window hwp_epp flush_l1d
bugs		: cpu_meltdown spectre_v1 spectre_v2 spec_store_bypass l1tf
bogomips	: 3984.00
clflush size	: 64
cache_alignment	: 64
address sizes	: 39 bits physical, 48 bits virtual
power management:

processor	: 1
vendor_id	: GenuineIntel
cpu family	: 6
model		: 142
model name	: Intel(R) Core(TM) i7-8550U CPU @ 1.80GHz
stepping	: 10
microcode	: 0x96
cpu MHz		: 3100.016
cache size	: 8192 KB
physical id	: 0
siblings	: 8
core id		: 1
cpu cores	: 4
apicid		: 2
initial apicid	: 2
fpu		: yes
fpu_exception	: yes
cpuid level	: 22
wp		: yes
flags		: fpu vme de pse tsc msr pae mce cx8 apic sep mtrr pge mca cmov pat pse36 clflush dts acpi mmx fxsr sse sse2 ss ht tm pbe syscall nx pdpe1gb rdtscp lm constant_tsc art arch_perfmon pebs bts rep_good nopl xtopology nonstop_tsc cpuid aperfmperf tsc_known_freq pni pclmulqdq dtes64 monitor ds_cpl vmx est tm2 ssse3 sdbg fma cx16 xtpr pdcm pcid sse4_1 sse4_2 x2apic movbe popcnt tsc_deadline_timer aes xsave avx f16c rdrand lahf_lm abm 3dnowprefetch cpuid_fault epb invpcid_single pti ssbd ibrs ibpb stibp tpr_shadow vnmi flexpriority ept vpid fsgsbase tsc_adjust bmi1 avx2 smep bmi2 erms invpcid mpx rdseed adx smap clflushopt intel_pt xsaveopt xsavec xgetbv1 xsaves dtherm ida arat pln pts hwp hwp_notify hwp_act_window hwp_epp flush_l1d
bugs		: cpu_meltdown spectre_v1 spectre_v2 spec_store_bypass l1tf
bogomips	: 3984.00
clflush size	: 64
cache_alignment	: 64
address sizes	: 39 bits physical, 48 bits virtual
power management:

processor	: 2
vendor_id	: GenuineIntel
cpu family	: 6
model		: 142
model name	: Intel(R) Core(TM) i7-8550U CPU @ 1.80GHz
stepping	: 10
microcode	: 0x96
cpu MHz		: 3100.366
cache size	: 8192 KB
physical id	: 0
siblings	: 8
core id		: 2
cpu cores	: 4
apicid		: 4
initial apicid	: 4
fpu		: yes
fpu_exception	: yes
cpuid level	: 22
wp		: yes
flags		: fpu vme de pse tsc msr pae mce cx8 apic sep mtrr pge mca cmov pat pse36 clflush dts acpi mmx fxsr sse sse2 ss ht tm pbe syscall nx pdpe1gb rdtscp lm constant_tsc art arch_perfmon pebs bts rep_good nopl xtopology nonstop_tsc cpuid aperfmperf tsc_known_freq pni pclmulqdq dtes64 monitor ds_cpl vmx est tm2 ssse3 sdbg fma cx16 xtpr pdcm pcid sse4_1 sse4_2 x2apic movbe popcnt tsc_deadline_timer aes xsave avx f16c rdrand lahf_lm abm 3dnowprefetch cpuid_fault epb invpcid_single pti ssbd ibrs ibpb stibp tpr_shadow vnmi flexpriority ept vpid fsgsbase tsc_adjust bmi1 avx2 smep bmi2 erms invpcid mpx rdseed adx smap clflushopt intel_pt xsaveopt xsavec xgetbv1 xsaves dtherm ida arat pln pts hwp hwp_notify hwp_act_window hwp_epp flush_l1d
bugs		: cpu_meltdown spectre_v1 spectre_v2 spec_store_bypass l1tf
bogomips	: 3984.00
clflush size	: 64
cache_alignment	: 64
address sizes	: 39 bits physical, 48 bits virtual
power management:

processor	: 3
vendor_id	: GenuineIntel
cpu family	: 6
model		: 142
model name	: Intel(R) Core(TM) i7-8550U CPU @ 1.80GHz
stepping	: 10
microcode	: 0x96
cpu MHz		: 3100.329
cache size	: 8192 KB
physical id	: 0
siblings	: 8
core id		: 3
cpu cores	: 4
apicid		: 6
initial apicid	: 6
fpu		: yes
fpu_exception	: yes
cpuid level	: 22
wp		: yes
flags		: fpu vme de pse tsc msr pae mce cx8 apic sep mtrr pge mca cmov pat pse36 clflush dts acpi mmx fxsr sse sse2 ss ht tm pbe syscall nx pdpe1gb rdtscp lm constant_tsc art arch_perfmon pebs bts rep_good nopl xtopology nonstop_tsc cpuid aperfmperf tsc_known_freq pni pclmulqdq dtes64 monitor ds_cpl vmx est tm2 ssse3 sdbg fma cx16 xtpr pdcm pcid sse4_1 sse4_2 x2apic movbe popcnt tsc_deadline_timer aes xsave avx f16c rdrand lahf_lm abm 3dnowprefetch cpuid_fault epb invpcid_single pti ssbd ibrs ibpb stibp tpr_shadow vnmi flexpriority ept vpid fsgsbase tsc_adjust bmi1 avx2 smep bmi2 erms invpcid mpx rdseed adx smap clflushopt intel_pt xsaveopt xsavec xgetbv1 xsaves dtherm ida arat pln pts hwp hwp_notify hwp_act_window hwp_epp flush_l1d
bugs		: cpu_meltdown spectre_v1 spectre_v2 spec_store_bypass l1tf
bogomips	: 3984.00
clflush size	: 64
cache_alignment	: 64
address sizes	: 39 bits physical, 48 bits virtual
power management:

processor	: 4
vendor_id	: GenuineIntel
cpu family	: 6
model		: 142
model name	: Intel(R) Core(TM) i7-8550U CPU @ 1.80GHz
stepping	: 10
microcode	: 0x96
cpu MHz		: 3099.958
cache size	: 8192 KB
physical id	: 0
siblings	: 8
core id		: 0
cpu cores	: 4
apicid		: 1
initial apicid	: 1
fpu		: yes
fpu_exception	: yes
cpuid level	: 22
wp		: yes
flags		: fpu vme de pse tsc msr pae mce cx8 apic sep mtrr pge mca cmov pat pse36 clflush dts acpi mmx fxsr sse sse2 ss ht tm pbe syscall nx pdpe1gb rdtscp lm constant_tsc art arch_perfmon pebs bts rep_good nopl xtopology nonstop_tsc cpuid aperfmperf tsc_known_freq pni pclmulqdq dtes64 monitor ds_cpl vmx est tm2 ssse3 sdbg fma cx16 xtpr pdcm pcid sse4_1 sse4_2 x2apic movbe popcnt tsc_deadline_timer aes xsave avx f16c rdrand lahf_lm abm 3dnowprefetch cpuid_fault epb invpcid_single pti ssbd ibrs ibpb stibp tpr_shadow vnmi flexpriority ept vpid fsgsbase tsc_adjust bmi1 avx2 smep bmi2 erms invpcid mpx rdseed adx smap clflushopt intel_pt xsaveopt xsavec xgetbv1 xsaves dtherm ida arat pln pts hwp hwp_notify hwp_act_window hwp_epp flush_l1d
bugs		: cpu_meltdown spectre_v1 spectre_v2 spec_store_bypass l1tf
bogomips	: 3984.00
clflush size	: 64
cache_alignment	: 64
address sizes	: 39 bits physical, 48 bits virtual
power management:

processor	: 5
vendor_id	: GenuineIntel
cpu family	: 6
model		: 142
model name	: Intel(R) Core(TM) i7-8550U CPU @ 1.80GHz
stepping	: 10
microcode	: 0x96
cpu MHz		: 3100.043
cache size	: 8192 KB
physical id	: 0
siblings	: 8
core id		: 1
cpu cores	: 4
apicid		: 3
initial apicid	: 3
fpu		: yes
fpu_exception	: yes
cpuid level	: 22
wp		: yes
flags		: fpu vme de pse tsc msr pae mce cx8 apic sep mtrr pge mca cmov pat pse36 clflush dts acpi mmx fxsr sse sse2 ss ht tm pbe syscall nx pdpe1gb rdtscp lm constant_tsc art arch_perfmon pebs bts rep_good nopl xtopology nonstop_tsc cpuid aperfmperf tsc_known_freq pni pclmulqdq dtes64 monitor ds_cpl vmx est tm2 ssse3 sdbg fma cx16 xtpr pdcm pcid sse4_1 sse4_2 x2apic movbe popcnt tsc_deadline_timer aes xsave avx f16c rdrand lahf_lm abm 3dnowprefetch cpuid_fault epb invpcid_single pti ssbd ibrs ibpb stibp tpr_shadow vnmi flexpriority ept vpid fsgsbase tsc_adjust bmi1 avx2 smep bmi2 erms invpcid mpx rdseed adx smap clflushopt intel_pt xsaveopt xsavec xgetbv1 xsaves dtherm ida arat pln pts hwp hwp_notify hwp_act_window hwp_epp flush_l1d
bugs		: cpu_meltdown spectre_v1 spectre_v2 spec_store_bypass l1tf
bogomips	: 3984.00
clflush size	: 64
cache_alignment	: 64
address sizes	: 39 bits physical, 48 bits virtual
power management:

processor	: 6
vendor_id	: GenuineIntel
cpu family	: 6
model		: 142
model name	: Intel(R) Core(TM) i7-8550U CPU @ 1.80GHz
stepping	: 10
microcode	: 0x96
cpu MHz		: 3100.026
cache size	: 8192 KB
physical id	: 0
siblings	: 8
core id		: 2
cpu cores	: 4
apicid		: 5
initial apicid	: 5
fpu		: yes
fpu_exception	: yes
cpuid level	: 22
wp		: yes
flags		: fpu vme de pse tsc msr pae mce cx8 apic sep mtrr pge mca cmov pat pse36 clflush dts acpi mmx fxsr sse sse2 ss ht tm pbe syscall nx pdpe1gb rdtscp lm constant_tsc art arch_perfmon pebs bts rep_good nopl xtopology nonstop_tsc cpuid aperfmperf tsc_known_freq pni pclmulqdq dtes64 monitor ds_cpl vmx est tm2 ssse3 sdbg fma cx16 xtpr pdcm pcid sse4_1 sse4_2 x2apic movbe popcnt tsc_deadline_timer aes xsave avx f16c rdrand lahf_lm abm 3dnowprefetch cpuid_fault epb invpcid_single pti ssbd ibrs ibpb stibp tpr_shadow vnmi flexpriority ept vpid fsgsbase tsc_adjust bmi1 avx2 smep bmi2 erms invpcid mpx rdseed adx smap clflushopt intel_pt xsaveopt xsavec xgetbv1 xsaves dtherm ida arat pln pts hwp hwp_notify hwp_act_window hwp_epp flush_l1d
bugs		: cpu_meltdown spectre_v1 spectre_v2 spec_store_bypass l1tf
bogomips	: 3984.00
clflush size	: 64
cache_alignment	: 64
address sizes	: 39 bits physical, 48 bits virtual
power management:

processor	: 7
vendor_id	: GenuineIntel
cpu family	: 6
model		: 142
model name	: Intel(R) Core(TM) i7-8550U CPU @ 1.80GHz
stepping	: 10
microcode	: 0x96
cpu MHz		: 3100.010
cache size	: 8192 KB
physical id	: 0
siblings	: 8
core id		: 3
cpu cores	: 4
apicid		: 7
initial apicid	: 7
fpu		: yes
fpu_exception	: yes
cpuid level	: 22
wp		: yes
flags		: fpu vme de pse tsc msr pae mce cx8 apic sep mtrr pge mca cmov pat pse36 clflush dts acpi mmx fxsr sse sse2 ss ht tm pbe syscall nx pdpe1gb rdtscp lm constant_tsc art arch_perfmon pebs bts rep_good nopl xtopology nonstop_tsc cpuid aperfmperf tsc_known_freq pni pclmulqdq dtes64 monitor ds_cpl vmx est tm2 ssse3 sdbg fma cx16 xtpr pdcm pcid sse4_1 sse4_2 x2apic movbe popcnt tsc_deadline_timer aes xsave avx f16c rdrand lahf_lm abm 3dnowprefetch cpuid_fault epb invpcid_single pti ssbd ibrs ibpb stibp tpr_shadow vnmi flexpriority ept vpid fsgsbase tsc_adjust bmi1 avx2 smep bmi2 erms invpcid mpx rdseed adx smap clflushopt intel_pt xsaveopt xsavec xgetbv1 xsaves dtherm ida arat pln pts hwp hwp_notify hwp_act_window hwp_epp flush_l1d
bugs		: cpu_meltdown spectre_v1 spectre_v2 spec_store_bypass l1tf
bogomips	: 3984.00
clflush size	: 64
cache_alignment	: 64
address sizes	: 39 bits physical, 48 bits virtual
power management:



Memory: 4k page, physical 16316300k(189552k free), swap 20468732k(20468732k free)

vm_info: Java HotSpot(TM) 64-Bit Server VM (25.181-b13) for linux-amd64 JRE (1.8.0_181-b13), built on Jul  7 2018 00:56:38 by "java_re" with gcc 4.3.0 20080428 (Red Hat 4.3.0-8)

time: Thu Nov 22 23:42:24 2018
elapsed time: 24 seconds (0d 0h 0m 24s)

