#
# A fatal error has been detected by the Java Runtime Environment:
#
#  SIGSEGV (0xb) at pc=0x00007fea6371769b, pid=15364, tid=0x00007fea690ee700
#
# JRE version: Java(TM) SE Runtime Environment (8.0_181-b13) (build 1.8.0_181-b13)
# Java VM: Java HotSpot(TM) 64-Bit Server VM (25.181-b13 mixed mode linux-amd64 compressed oops)
# Problematic frame:
# C  [libtesseract.so.4.0.0+0x25969b]  ERRCODE::error(char const*, TessErrorLogCode, char const*, ...) const+0x16b
#
# Failed to write core dump. Core dumps have been disabled. To enable core dumping, try "ulimit -c unlimited" before starting Java again
#
# If you would like to submit a bug report, please visit:
#   http://bugreport.java.com/bugreport/crash.jsp
# The crash happened outside the Java Virtual Machine in native code.
# See problematic frame for where to report the bug.
#

---------------  T H R E A D  ---------------

Current thread (0x00007fea04cfe800):  JavaThread "http-nio-8085-exec-7" daemon [_thread_in_native, id=15457, stack(0x00007fea68fee000,0x00007fea690ef000)]

siginfo: si_signo: 11 (SIGSEGV), si_code: 1 (SEGV_MAPERR), si_addr: 0x0000000000000000

Registers:
RAX=0x0000000000000055, RBX=0x00007fea690e9397, RCX=0x0000000000000000, RDX=0x00007fea930108b0
RSP=0x00007fea690e9340, RBP=0x00007fea690e9360, RSI=0x0000000000000055, RDI=0x00007fea690e6b70
R8 =0x0000000000000055, R9 =0x0000000000000055, R10=0x00000000ffffffab, R11=0x0000000000000000
R12=0x0000000000000002, R13=0x00007fea637274a1, R14=0x00007fea63c636e0, R15=0x00007fea690e98b0
RIP=0x00007fea6371769b, EFLAGS=0x0000000000010246, CSGSFS=0x002b000000000033, ERR=0x0000000000000004
  TRAPNO=0x000000000000000e

Top of Stack: (sp=0x00007fea690e9340)
0x00007fea690e9340:   00007fea690e98f0 0000003000000030
0x00007fea690e9350:   00007fea690e9850 00007fea690e9770
0x00007fea690e9360:   65206c6174614622 636e6520726f7272
0x00007fea690e9370:   64657265746e756f 554e203d3d202221
0x00007fea690e9380:   726f7272453a4c4c 207472657373413a
0x00007fea690e9390:   693a64656c696166 6720656c6966206e
0x00007fea690e93a0:   2e636f6c61626f6c 6e696c202c707063
0x00007fea690e93b0:   0000000a35372065 0000000000000000
0x00007fea690e93c0:   302c3134312c3935 322c36362c37382c
0x00007fea690e93d0:   0000000000000000 0000000000000000
0x00007fea690e93e0:   7825207325004100 000a642520732520
0x00007fea690e93f0:   0000000000000000 0000000000000000
0x00007fea690e9400:   3bbcc86800000000 0000000000000000
0x00007fea690e9410:   bc57d411a5b944ad 0000000000000000
0x00007fea690e9420:   bfc365fcb0159016 0000000000000000
0x00007fea690e9430:   0000000000000000 0000000000000000
0x00007fea690e9440:   00007fea690e9464 00007fea690e9860
0x00007fea690e9450:   00007fea690e9460 0000000000000400
0x00007fea690e9460:   00007fea00323031 0000000000000001
0x00007fea690e9470:   0000000000000022 00007fea92d55169
0x00007fea690e9480:   32000000fbad8001 facbf92b9137ea00
0x00007fea690e9490:   00007fea690e94d0 00007fea690e94d0
0x00007fea690e94a0:   00007fea690e9760 00007fea63749b7e
0x00007fea690e94b0:   00007fea690e9650 0000000000000001
0x00007fea690e94c0:   0000000000000022 00007fea92d55169
0x00007fea690e94d0:   00000000fbad8001 00007fea690e9760
0x00007fea690e94e0:   00007fea690e9760 00007fea690e9760
0x00007fea690e94f0:   00007fea690e9760 facbf92b9137ea00
0x00007fea690e9500:   00007fea690e9540 00007fea690e9540
0x00007fea690e9510:   00007fea690e9670 00007fea04c2cca9
0x00007fea690e9520:   0000000000000000 00007fea04c2cca7
0x00007fea690e9530:   00007fea63746058 00007fea92ca479d 

Instructions: (pc=0x00007fea6371769b)
0x00007fea6371767b:   be 01 00 00 00 48 8b 38 31 c0 e8 66 4b e2 ff 41
0x00007fea6371768b:   83 fc ff 7c 18 45 85 e4 7e 2f 41 83 fc 02 7f 0d
0x00007fea6371769b:   8b 04 25 00 00 00 00 0f 0b 0f 1f 40 00 48 8d 35
0x00007fea637176ab:   b2 05 03 00 48 8d 3d 22 c0 50 00 31 c9 ba 02 00 

Register to memory mapping:

RAX=0x0000000000000055 is an unknown value
RBX=0x00007fea690e9397 is pointing into the stack for thread: 0x00007fea04cfe800
RCX=0x0000000000000000 is an unknown value
RDX=0x00007fea930108b0: <offset 0x3ed8b0> in /lib/x86_64-linux-gnu/libc.so.6 at 0x00007fea92c23000
RSP=0x00007fea690e9340 is pointing into the stack for thread: 0x00007fea04cfe800
RBP=0x00007fea690e9360 is pointing into the stack for thread: 0x00007fea04cfe800
RSI=0x0000000000000055 is an unknown value
RDI=0x00007fea690e6b70 is pointing into the stack for thread: 0x00007fea04cfe800
R8 =0x0000000000000055 is an unknown value
R9 =0x0000000000000055 is an unknown value
R10=0x00000000ffffffab is an unknown value
R11=0x0000000000000000 is an unknown value
R12=0x0000000000000002 is an unknown value
R13=0x00007fea637274a1: <offset 0x2694a1> in /usr/lib/x86_64-linux-gnu/libtesseract.so.4.0.0 at 0x00007fea634be000
R14=0x00007fea63c636e0: <offset 0x7a56e0> in /usr/lib/x86_64-linux-gnu/libtesseract.so.4.0.0 at 0x00007fea634be000
R15=0x00007fea690e98b0 is pointing into the stack for thread: 0x00007fea04cfe800


Stack: [0x00007fea68fee000,0x00007fea690ef000],  sp=0x00007fea690e9340,  free space=1004k
Native frames: (J=compiled Java code, j=interpreted, Vv=VM code, C=native code)
C  [libtesseract.so.4.0.0+0x25969b]  ERRCODE::error(char const*, TessErrorLogCode, char const*, ...) const+0x16b
C  0x636e6520726f7272

Java frames: (J=compiled Java code, j=interpreted, Vv=VM code)
j  com.sun.jna.Native.invokeInt(JI[Ljava/lang/Object;)I+0
j  com.sun.jna.Function.invoke([Ljava/lang/Object;Ljava/lang/Class;Z)Ljava/lang/Object;+219
j  com.sun.jna.Function.invoke(Ljava/lang/reflect/Method;[Ljava/lang/Class;Ljava/lang/Class;[Ljava/lang/Object;Ljava/util/Map;)Ljava/lang/Object;+249
j  com.sun.jna.Library$Handler.invoke(Ljava/lang/Object;Ljava/lang/reflect/Method;[Ljava/lang/Object;)Ljava/lang/Object;+348
j  com.sun.proxy.$Proxy105.TessBaseAPIInit1(Lnet/sourceforge/tess4j/ITessAPI$TessBaseAPI;Ljava/lang/String;Ljava/lang/String;ILcom/sun/jna/ptr/PointerByReference;I)I+46
j  net.sourceforge.tess4j.Tesseract.init()V+87
j  net.sourceforge.tess4j.Tesseract.doOCR(Ljava/util/List;Ljava/lang/String;Ljava/awt/Rectangle;)Ljava/lang/String;+1
j  net.sourceforge.tess4j.Tesseract.doOCR(Ljava/io/File;Ljava/awt/Rectangle;)Ljava/lang/String;+10
j  net.sourceforge.tess4j.Tesseract.doOCR(Ljava/io/File;)Ljava/lang/String;+3
j  com.kenyo.hackathon.bcrp.service.impl.ImagenServiceImpl.proccesImage(Ljava/io/InputStream;Ljava/lang/String;)Ljava/lang/String;+155
j  com.kenyo.hackathon.bcrp.controller.ImagenController.proccessImage(Lorg/springframework/web/multipart/MultipartFile;)Lorg/springframework/http/ResponseEntity;+56
v  ~StubRoutines::call_stub
J 1145  sun.reflect.NativeMethodAccessorImpl.invoke0(Ljava/lang/reflect/Method;Ljava/lang/Object;[Ljava/lang/Object;)Ljava/lang/Object; (0 bytes) @ 0x00007fea7d2c72f7 [0x00007fea7d2c7280+0x77]
J 1144 C1 sun.reflect.NativeMethodAccessorImpl.invoke(Ljava/lang/Object;[Ljava/lang/Object;)Ljava/lang/Object; (104 bytes) @ 0x00007fea7d2dfa8c [0x00007fea7d2df6e0+0x3ac]
J 1103 C1 sun.reflect.DelegatingMethodAccessorImpl.invoke(Ljava/lang/Object;[Ljava/lang/Object;)Ljava/lang/Object; (10 bytes) @ 0x00007fea7d2addc4 [0x00007fea7d2add80+0x44]
J 1072 C1 java.lang.reflect.Method.invoke(Ljava/lang/Object;[Ljava/lang/Object;)Ljava/lang/Object; (62 bytes) @ 0x00007fea7d2a4f24 [0x00007fea7d2a4e20+0x104]
j  org.springframework.web.method.support.InvocableHandlerMethod.doInvoke([Ljava/lang/Object;)Ljava/lang/Object;+16
j  org.springframework.web.method.support.InvocableHandlerMethod.invokeForRequest(Lorg/springframework/web/context/request/NativeWebRequest;Lorg/springframework/web/method/support/ModelAndViewContainer;[Ljava/lang/Object;)Ljava/lang/Object;+75
j  org.springframework.web.servlet.mvc.method.annotation.ServletInvocableHandlerMethod.invokeAndHandle(Lorg/springframework/web/context/request/ServletWebRequest;Lorg/springframework/web/method/support/ModelAndViewContainer;[Ljava/lang/Object;)V+4
j  org.springframework.web.servlet.mvc.method.annotation.RequestMappingHandlerAdapter.invokeHandlerMethod(Ljavax/servlet/http/HttpServletRequest;Ljavax/servlet/http/HttpServletResponse;Lorg/springframework/web/method/HandlerMethod;)Lorg/springframework/web/servlet/ModelAndView;+262
j  org.springframework.web.servlet.mvc.method.annotation.RequestMappingHandlerAdapter.handleInternal(Ljavax/servlet/http/HttpServletRequest;Ljavax/servlet/http/HttpServletResponse;Lorg/springframework/web/method/HandlerMethod;)Lorg/springframework/web/servlet/ModelAndView;+81
j  org.springframework.web.servlet.mvc.method.AbstractHandlerMethodAdapter.handle(Ljavax/servlet/http/HttpServletRequest;Ljavax/servlet/http/HttpServletResponse;Ljava/lang/Object;)Lorg/springframework/web/servlet/ModelAndView;+7
j  org.springframework.web.servlet.DispatcherServlet.doDispatch(Ljavax/servlet/http/HttpServletRequest;Ljavax/servlet/http/HttpServletResponse;)V+318
j  org.springframework.web.servlet.DispatcherServlet.doService(Ljavax/servlet/http/HttpServletRequest;Ljavax/servlet/http/HttpServletResponse;)V+301
j  org.springframework.web.servlet.FrameworkServlet.processRequest(Ljavax/servlet/http/HttpServletRequest;Ljavax/servlet/http/HttpServletResponse;)V+71
j  org.springframework.web.servlet.FrameworkServlet.doPost(Ljavax/servlet/http/HttpServletRequest;Ljavax/servlet/http/HttpServletResponse;)V+3
j  javax.servlet.http.HttpServlet.service(Ljavax/servlet/http/HttpServletRequest;Ljavax/servlet/http/HttpServletResponse;)V+149
j  org.springframework.web.servlet.FrameworkServlet.service(Ljavax/servlet/http/HttpServletRequest;Ljavax/servlet/http/HttpServletResponse;)V+33
j  javax.servlet.http.HttpServlet.service(Ljavax/servlet/ServletRequest;Ljavax/servlet/ServletResponse;)V+30
j  org.apache.catalina.core.ApplicationFilterChain.internalDoFilter(Ljavax/servlet/ServletRequest;Ljavax/servlet/ServletResponse;)V+304
j  org.apache.catalina.core.ApplicationFilterChain.doFilter(Ljavax/servlet/ServletRequest;Ljavax/servlet/ServletResponse;)V+101
j  org.apache.tomcat.websocket.server.WsFilter.doFilter(Ljavax/servlet/ServletRequest;Ljavax/servlet/ServletResponse;Ljavax/servlet/FilterChain;)V+21
j  org.apache.catalina.core.ApplicationFilterChain.internalDoFilter(Ljavax/servlet/ServletRequest;Ljavax/servlet/ServletResponse;)V+135
j  org.apache.catalina.core.ApplicationFilterChain.doFilter(Ljavax/servlet/ServletRequest;Ljavax/servlet/ServletResponse;)V+101
j  org.springframework.web.filter.RequestContextFilter.doFilterInternal(Ljavax/servlet/http/HttpServletRequest;Ljavax/servlet/http/HttpServletResponse;Ljavax/servlet/FilterChain;)V+21
j  org.springframework.web.filter.OncePerRequestFilter.doFilter(Ljavax/servlet/ServletRequest;Ljavax/servlet/ServletResponse;Ljavax/servlet/FilterChain;)V+111
j  org.apache.catalina.core.ApplicationFilterChain.internalDoFilter(Ljavax/servlet/ServletRequest;Ljavax/servlet/ServletResponse;)V+135
j  org.apache.catalina.core.ApplicationFilterChain.doFilter(Ljavax/servlet/ServletRequest;Ljavax/servlet/ServletResponse;)V+101
j  org.springframework.web.filter.HttpPutFormContentFilter.doFilterInternal(Ljavax/servlet/http/HttpServletRequest;Ljavax/servlet/http/HttpServletResponse;Ljavax/servlet/FilterChain;)V+95
j  org.springframework.web.filter.OncePerRequestFilter.doFilter(Ljavax/servlet/ServletRequest;Ljavax/servlet/ServletResponse;Ljavax/servlet/FilterChain;)V+111
j  org.apache.catalina.core.ApplicationFilterChain.internalDoFilter(Ljavax/servlet/ServletRequest;Ljavax/servlet/ServletResponse;)V+135
j  org.apache.catalina.core.ApplicationFilterChain.doFilter(Ljavax/servlet/ServletRequest;Ljavax/servlet/ServletResponse;)V+101
j  org.springframework.web.filter.HiddenHttpMethodFilter.doFilterInternal(Ljavax/servlet/http/HttpServletRequest;Ljavax/servlet/http/HttpServletResponse;Ljavax/servlet/FilterChain;)V+87
j  org.springframework.web.filter.OncePerRequestFilter.doFilter(Ljavax/servlet/ServletRequest;Ljavax/servlet/ServletResponse;Ljavax/servlet/FilterChain;)V+111
j  org.apache.catalina.core.ApplicationFilterChain.internalDoFilter(Ljavax/servlet/ServletRequest;Ljavax/servlet/ServletResponse;)V+135
j  org.apache.catalina.core.ApplicationFilterChain.doFilter(Ljavax/servlet/ServletRequest;Ljavax/servlet/ServletResponse;)V+101
j  org.springframework.web.filter.CharacterEncodingFilter.doFilterInternal(Ljavax/servlet/http/HttpServletRequest;Ljavax/servlet/http/HttpServletResponse;Ljavax/servlet/FilterChain;)V+53
j  org.springframework.web.filter.OncePerRequestFilter.doFilter(Ljavax/servlet/ServletRequest;Ljavax/servlet/ServletResponse;Ljavax/servlet/FilterChain;)V+111
j  org.apache.catalina.core.ApplicationFilterChain.internalDoFilter(Ljavax/servlet/ServletRequest;Ljavax/servlet/ServletResponse;)V+135
j  org.apache.catalina.core.ApplicationFilterChain.doFilter(Ljavax/servlet/ServletRequest;Ljavax/servlet/ServletResponse;)V+101
j  org.apache.catalina.core.StandardWrapperValve.invoke(Lorg/apache/catalina/connector/Request;Lorg/apache/catalina/connector/Response;)V+688
j  org.apache.catalina.core.StandardContextValve.invoke(Lorg/apache/catalina/connector/Request;Lorg/apache/catalina/connector/Response;)V+166
j  org.apache.catalina.authenticator.AuthenticatorBase.invoke(Lorg/apache/catalina/connector/Request;Lorg/apache/catalina/connector/Response;)V+260
j  org.apache.catalina.core.StandardHostValve.invoke(Lorg/apache/catalina/connector/Request;Lorg/apache/catalina/connector/Response;)V+138
j  org.apache.catalina.valves.ErrorReportValve.invoke(Lorg/apache/catalina/connector/Request;Lorg/apache/catalina/connector/Response;)V+6
j  org.apache.catalina.core.StandardEngineValve.invoke(Lorg/apache/catalina/connector/Request;Lorg/apache/catalina/connector/Response;)V+71
j  org.apache.catalina.connector.CoyoteAdapter.service(Lorg/apache/coyote/Request;Lorg/apache/coyote/Response;)V+199
j  org.apache.coyote.http11.Http11Processor.service(Lorg/apache/tomcat/util/net/SocketWrapperBase;)Lorg/apache/tomcat/util/net/AbstractEndpoint$Handler$SocketState;+806
j  org.apache.coyote.AbstractProcessorLight.process(Lorg/apache/tomcat/util/net/SocketWrapperBase;Lorg/apache/tomcat/util/net/SocketEvent;)Lorg/apache/tomcat/util/net/AbstractEndpoint$Handler$SocketState;+113
j  org.apache.coyote.AbstractProtocol$ConnectionHandler.process(Lorg/apache/tomcat/util/net/SocketWrapperBase;Lorg/apache/tomcat/util/net/SocketEvent;)Lorg/apache/tomcat/util/net/AbstractEndpoint$Handler$SocketState;+414
j  org.apache.tomcat.util.net.NioEndpoint$SocketProcessor.doRun()V+191
j  org.apache.tomcat.util.net.SocketProcessorBase.run()V+21
j  java.util.concurrent.ThreadPoolExecutor.runWorker(Ljava/util/concurrent/ThreadPoolExecutor$Worker;)V+95
j  java.util.concurrent.ThreadPoolExecutor$Worker.run()V+5
j  org.apache.tomcat.util.threads.TaskThread$WrappingRunnable.run()V+4
j  java.lang.Thread.run()V+11
v  ~StubRoutines::call_stub

---------------  P R O C E S S  ---------------

Java Threads: ( => current thread )
  0x00007fe9c00ed800 JavaThread "process reaper" daemon [_thread_blocked, id=15568, stack(0x00007fea63c74000,0x00007fea63cad000)]
  0x00007fe9c00c7800 JavaThread "Java2D Disposer" daemon [_thread_blocked, id=15566, stack(0x00007fea6b7fc000,0x00007fea6b8fd000)]
  0x00007fea8c010000 JavaThread "DestroyJavaVM" [_thread_blocked, id=15369, stack(0x00007fea93756000,0x00007fea93856000)]
  0x00007fea04dc6000 JavaThread "http-nio-8085-AsyncTimeout" daemon [_thread_blocked, id=15464, stack(0x00007fea688e7000,0x00007fea689e8000)]
  0x00007fea04dc4000 JavaThread "http-nio-8085-Acceptor-0" daemon [_thread_in_native, id=15463, stack(0x00007fea689e8000,0x00007fea68ae9000)]
  0x00007fea04dbf800 JavaThread "http-nio-8085-ClientPoller-1" daemon [_thread_in_native, id=15462, stack(0x00007fea68ae9000,0x00007fea68bea000)]
  0x00007fea04da4800 JavaThread "http-nio-8085-ClientPoller-0" daemon [_thread_in_native, id=15461, stack(0x00007fea68bea000,0x00007fea68ceb000)]
  0x00007fea04d89800 JavaThread "http-nio-8085-exec-10" daemon [_thread_blocked, id=15460, stack(0x00007fea68ceb000,0x00007fea68dec000)]
  0x00007fea04d87800 JavaThread "http-nio-8085-exec-9" daemon [_thread_blocked, id=15459, stack(0x00007fea68dec000,0x00007fea68eed000)]
  0x00007fea04d85800 JavaThread "http-nio-8085-exec-8" daemon [_thread_blocked, id=15458, stack(0x00007fea68eed000,0x00007fea68fee000)]
=>0x00007fea04cfe800 JavaThread "http-nio-8085-exec-7" daemon [_thread_in_native, id=15457, stack(0x00007fea68fee000,0x00007fea690ef000)]
  0x00007fea04cfc800 JavaThread "http-nio-8085-exec-6" daemon [_thread_blocked, id=15456, stack(0x00007fea690ef000,0x00007fea691f0000)]
  0x00007fea04cfa800 JavaThread "http-nio-8085-exec-5" daemon [_thread_blocked, id=15455, stack(0x00007fea691f0000,0x00007fea692f1000)]
  0x00007fea04cf8800 JavaThread "http-nio-8085-exec-4" daemon [_thread_blocked, id=15454, stack(0x00007fea692f1000,0x00007fea693f2000)]
  0x00007fea04cf6800 JavaThread "http-nio-8085-exec-3" daemon [_thread_blocked, id=15453, stack(0x00007fea693f2000,0x00007fea694f3000)]
  0x00007fea04cf5000 JavaThread "http-nio-8085-exec-2" daemon [_thread_blocked, id=15452, stack(0x00007fea694f3000,0x00007fea695f4000)]
  0x00007fea04cf3800 JavaThread "http-nio-8085-exec-1" daemon [_thread_blocked, id=15451, stack(0x00007fea695f4000,0x00007fea696f5000)]
  0x00007fea04cf2000 JavaThread "NioBlockingSelector.BlockPoller-1" daemon [_thread_in_native, id=15450, stack(0x00007fea699f6000,0x00007fea69af7000)]
  0x00007fea04c78000 JavaThread "Live Reload Server" daemon [_thread_in_native, id=15449, stack(0x00007fea698f5000,0x00007fea699f6000)]
  0x00007fea04c71800 JavaThread "File Watcher" daemon [_thread_blocked, id=15447, stack(0x00007fea69af7000,0x00007fea69bf8000)]
  0x00007fea04968800 JavaThread "Tomcat JDBC Pool Cleaner[1984697014:1542948347240]" daemon [_thread_blocked, id=15417, stack(0x00007fea6a3f8000,0x00007fea6a4f9000)]
  0x00007fea0481b800 JavaThread "container-0" [_thread_blocked, id=15416, stack(0x00007fea6a6f9000,0x00007fea6a7fa000)]
  0x00007fea04819800 JavaThread "ContainerBackgroundProcessor[StandardEngine[Tomcat]]" daemon [_thread_blocked, id=15415, stack(0x00007fea6a7fa000,0x00007fea6a8fb000)]
  0x00007fea8c662800 JavaThread "RMI TCP Accept-0" daemon [_thread_in_native, id=15391, stack(0x00007fea700fd000,0x00007fea701fe000)]
  0x00007fea8c635000 JavaThread "RMI TCP Accept-45801" daemon [_thread_in_native, id=15390, stack(0x00007fea70208000,0x00007fea70309000)]
  0x00007fea8c61c000 JavaThread "RMI TCP Accept-0" daemon [_thread_in_native, id=15389, stack(0x00007fea70309000,0x00007fea7040a000)]
  0x00007fea8c0d8800 JavaThread "Service Thread" daemon [_thread_blocked, id=15388, stack(0x00007fea73cfd000,0x00007fea73dfe000)]
  0x00007fea8c0ce000 JavaThread "C1 CompilerThread3" daemon [_thread_blocked, id=15387, stack(0x00007fea73dff000,0x00007fea73eff000)]
  0x00007fea8c0cb800 JavaThread "C2 CompilerThread2" daemon [_thread_blocked, id=15386, stack(0x00007fea73f00000,0x00007fea74000000)]
  0x00007fea8c0ca000 JavaThread "C2 CompilerThread1" daemon [_thread_blocked, id=15385, stack(0x00007fea78084000,0x00007fea78184000)]
  0x00007fea8c0c7000 JavaThread "C2 CompilerThread0" daemon [_thread_blocked, id=15384, stack(0x00007fea78185000,0x00007fea78285000)]
  0x00007fea8c0c5800 JavaThread "Signal Dispatcher" daemon [_thread_blocked, id=15383, stack(0x00007fea78285000,0x00007fea78386000)]
  0x00007fea8c092800 JavaThread "Finalizer" daemon [_thread_blocked, id=15382, stack(0x00007fea78d55000,0x00007fea78e56000)]
  0x00007fea8c090000 JavaThread "Reference Handler" daemon [_thread_blocked, id=15381, stack(0x00007fea78e56000,0x00007fea78f57000)]

Other Threads:
  0x00007fea8c086800 VMThread [stack: 0x00007fea78f58000,0x00007fea79058000] [id=15380]
  0x00007fea8c665000 WatcherThread [stack: 0x00007fea6bf00000,0x00007fea6c000000] [id=15392]

VM state:not at safepoint (normal execution)

VM Mutex/Monitor currently owned by a thread: None

Heap:
 PSYoungGen      total 259584K, used 193025K [0x000000076d000000, 0x000000077fd80000, 0x00000007c0000000)
  eden space 245760K, 72% used [0x000000076d000000,0x0000000777f04e10,0x000000077c000000)
  from space 13824K, 99% used [0x000000077f000000,0x000000077fd7b918,0x000000077fd80000)
  to   space 18432K, 0% used [0x000000077d980000,0x000000077d980000,0x000000077eb80000)
 ParOldGen       total 188928K, used 25489K [0x00000006c7000000, 0x00000006d2880000, 0x000000076d000000)
  object space 188928K, 13% used [0x00000006c7000000,0x00000006c88e47b8,0x00000006d2880000)
 Metaspace       used 47383K, capacity 47910K, committed 48600K, reserved 1091584K
  class space    used 6135K, capacity 6282K, committed 6360K, reserved 1048576K

Card table byte_map: [0x00007fea7c837000,0x00007fea7d000000] byte_map_base: 0x00007fea791ff000

Marking Bits: (ParMarkBitMap*) 0x00007fea92bf60a0
 Begin Bits: [0x00007fea3c380000, 0x00007fea401c0000)
 End Bits:   [0x00007fea401c0000, 0x00007fea44000000)

Polling page: 0x00007fea93873000

CodeCache: size=245760Kb used=9896Kb max_used=9896Kb free=235863Kb
 bounds [0x00007fea7d000000, 0x00007fea7d9b0000, 0x00007fea8c000000]
 total_blobs=5153 nmethods=4389 adapters=676
 compilation: enabled

Compilation events (10 events):
Event: 21,661 Thread 0x00007fea8c0ce000 4480 %     1       sun.nio.cs.UTF_8$Decoder::decodeArrayLoop @ 73 (691 bytes)
Event: 21,663 Thread 0x00007fea8c0ce000 nmethod 4480% 0x00007fea7d99fed0 code [0x00007fea7d9a0520, 0x00007fea7d9a2428]
Event: 21,665 Thread 0x00007fea8c0ce000 4481       1       com.sun.jna.NativeLibrary$2::accept (88 bytes)
Event: 21,665 Thread 0x00007fea8c0ce000 nmethod 4481 0x00007fea7d9a5a10 code [0x00007fea7d9a5c20, 0x00007fea7d9a6228]
Event: 21,666 Thread 0x00007fea8c0ce000 4482       1       java.lang.ref.Reference::<init> (25 bytes)
Event: 21,666 Thread 0x00007fea8c0ce000 nmethod 4482 0x00007fea7d9a6650 code [0x00007fea7d9a67a0, 0x00007fea7d9a6930]
Event: 21,676 Thread 0x00007fea8c0ce000 4483       1       sun.misc.ProxyGenerator::generateStaticInitializer (457 bytes)
Event: 21,678 Thread 0x00007fea8c0ce000 nmethod 4483 0x00007fea7d9a72d0 code [0x00007fea7d9a7880, 0x00007fea7d9a9a88]
Event: 21,678 Thread 0x00007fea8c0ce000 4484       1       sun.misc.ProxyGenerator$ConstantPool::write (64 bytes)
Event: 21,678 Thread 0x00007fea8c0ce000 nmethod 4484 0x00007fea7d9abe50 code [0x00007fea7d9ac020, 0x00007fea7d9ac428]

GC Heap History (10 events):
Event: 2,451 GC heap before
{Heap before GC invocations=6 (full 1):
 PSYoungGen      total 139264K, used 129024K [0x000000076d000000, 0x0000000776200000, 0x00000007c0000000)
  eden space 129024K, 100% used [0x000000076d000000,0x0000000774e00000,0x0000000774e00000)
  from space 10240K, 0% used [0x0000000775800000,0x0000000775800000,0x0000000776200000)
  to   space 10240K, 0% used [0x0000000774e00000,0x0000000774e00000,0x0000000775800000)
 ParOldGen       total 109056K, used 9790K [0x00000006c7000000, 0x00000006cda80000, 0x000000076d000000)
  object space 109056K, 8% used [0x00000006c7000000,0x00000006c798f930,0x00000006cda80000)
 Metaspace       used 26252K, capacity 26668K, committed 26880K, reserved 1073152K
  class space    used 3402K, capacity 3508K, committed 3584K, reserved 1048576K
Event: 2,458 GC heap after
Heap after GC invocations=6 (full 1):
 PSYoungGen      total 139264K, used 10234K [0x000000076d000000, 0x000000077a180000, 0x00000007c0000000)
  eden space 129024K, 0% used [0x000000076d000000,0x000000076d000000,0x0000000774e00000)
  from space 10240K, 99% used [0x0000000774e00000,0x00000007757feaa8,0x0000000775800000)
  to   space 13312K, 0% used [0x0000000779480000,0x0000000779480000,0x000000077a180000)
 ParOldGen       total 109056K, used 10376K [0x00000006c7000000, 0x00000006cda80000, 0x000000076d000000)
  object space 109056K, 9% used [0x00000006c7000000,0x00000006c7a22050,0x00000006cda80000)
 Metaspace       used 26252K, capacity 26668K, committed 26880K, reserved 1073152K
  class space    used 3402K, capacity 3508K, committed 3584K, reserved 1048576K
}
Event: 2,980 GC heap before
{Heap before GC invocations=7 (full 1):
 PSYoungGen      total 139264K, used 139258K [0x000000076d000000, 0x000000077a180000, 0x00000007c0000000)
  eden space 129024K, 100% used [0x000000076d000000,0x0000000774e00000,0x0000000774e00000)
  from space 10240K, 99% used [0x0000000774e00000,0x00000007757feaa8,0x0000000775800000)
  to   space 13312K, 0% used [0x0000000779480000,0x0000000779480000,0x000000077a180000)
 ParOldGen       total 109056K, used 10376K [0x00000006c7000000, 0x00000006cda80000, 0x000000076d000000)
  object space 109056K, 9% used [0x00000006c7000000,0x00000006c7a22050,0x00000006cda80000)
 Metaspace       used 29155K, capacity 29604K, committed 29824K, reserved 1075200K
  class space    used 3769K, capacity 3864K, committed 3968K, reserved 1048576K
Event: 2,989 GC heap after
Heap after GC invocations=7 (full 1):
 PSYoungGen      total 199168K, used 13281K [0x000000076d000000, 0x000000077a680000, 0x00000007c0000000)
  eden space 185856K, 0% used [0x000000076d000000,0x000000076d000000,0x0000000778580000)
  from space 13312K, 99% used [0x0000000779480000,0x000000077a178510,0x000000077a180000)
  to   space 15360K, 0% used [0x0000000778580000,0x0000000778580000,0x0000000779480000)
 ParOldGen       total 109056K, used 11433K [0x00000006c7000000, 0x00000006cda80000, 0x000000076d000000)
  object space 109056K, 10% used [0x00000006c7000000,0x00000006c7b2a5a0,0x00000006cda80000)
 Metaspace       used 29155K, capacity 29604K, committed 29824K, reserved 1075200K
  class space    used 3769K, capacity 3864K, committed 3968K, reserved 1048576K
}
Event: 3,647 GC heap before
{Heap before GC invocations=8 (full 1):
 PSYoungGen      total 199168K, used 73006K [0x000000076d000000, 0x000000077a680000, 0x00000007c0000000)
  eden space 185856K, 32% used [0x000000076d000000,0x0000000770a53668,0x0000000778580000)
  from space 13312K, 99% used [0x0000000779480000,0x000000077a178510,0x000000077a180000)
  to   space 15360K, 0% used [0x0000000778580000,0x0000000778580000,0x0000000779480000)
 ParOldGen       total 109056K, used 11433K [0x00000006c7000000, 0x00000006cda80000, 0x000000076d000000)
  object space 109056K, 10% used [0x00000006c7000000,0x00000006c7b2a5a0,0x00000006cda80000)
 Metaspace       used 34685K, capacity 35138K, committed 35416K, reserved 1079296K
  class space    used 4528K, capacity 4637K, committed 4696K, reserved 1048576K
Event: 3,660 GC heap after
Heap after GC invocations=8 (full 1):
 PSYoungGen      total 201216K, used 15354K [0x000000076d000000, 0x0000000780200000, 0x00000007c0000000)
  eden space 185856K, 0% used [0x000000076d000000,0x000000076d000000,0x0000000778580000)
  from space 15360K, 99% used [0x0000000778580000,0x000000077947e9d0,0x0000000779480000)
  to   space 18432K, 0% used [0x000000077f000000,0x000000077f000000,0x0000000780200000)
 ParOldGen       total 109056K, used 13946K [0x00000006c7000000, 0x00000006cda80000, 0x000000076d000000)
  object space 109056K, 12% used [0x00000006c7000000,0x00000006c7d9eb98,0x00000006cda80000)
 Metaspace       used 34685K, capacity 35138K, committed 35416K, reserved 1079296K
  class space    used 4528K, capacity 4637K, committed 4696K, reserved 1048576K
}
Event: 3,660 GC heap before
{Heap before GC invocations=9 (full 2):
 PSYoungGen      total 201216K, used 15354K [0x000000076d000000, 0x0000000780200000, 0x00000007c0000000)
  eden space 185856K, 0% used [0x000000076d000000,0x000000076d000000,0x0000000778580000)
  from space 15360K, 99% used [0x0000000778580000,0x000000077947e9d0,0x0000000779480000)
  to   space 18432K, 0% used [0x000000077f000000,0x000000077f000000,0x0000000780200000)
 ParOldGen       total 109056K, used 13946K [0x00000006c7000000, 0x00000006cda80000, 0x000000076d000000)
  object space 109056K, 12% used [0x00000006c7000000,0x00000006c7d9eb98,0x00000006cda80000)
 Metaspace       used 34685K, capacity 35138K, committed 35416K, reserved 1079296K
  class space    used 4528K, capacity 4637K, committed 4696K, reserved 1048576K
Event: 3,747 GC heap after
Heap after GC invocations=9 (full 2):
 PSYoungGen      total 201216K, used 0K [0x000000076d000000, 0x0000000780200000, 0x00000007c0000000)
  eden space 185856K, 0% used [0x000000076d000000,0x000000076d000000,0x0000000778580000)
  from space 15360K, 0% used [0x0000000778580000,0x0000000778580000,0x0000000779480000)
  to   space 18432K, 0% used [0x000000077f000000,0x000000077f000000,0x0000000780200000)
 ParOldGen       total 188928K, used 25481K [0x00000006c7000000, 0x00000006d2880000, 0x000000076d000000)
  object space 188928K, 13% used [0x00000006c7000000,0x00000006c88e27b8,0x00000006d2880000)
 Metaspace       used 34685K, capacity 35138K, committed 35416K, reserved 1079296K
  class space    used 4528K, capacity 4637K, committed 4696K, reserved 1048576K
}
Event: 5,936 GC heap before
{Heap before GC invocations=10 (full 2):
 PSYoungGen      total 201216K, used 185856K [0x000000076d000000, 0x0000000780200000, 0x00000007c0000000)
  eden space 185856K, 100% used [0x000000076d000000,0x0000000778580000,0x0000000778580000)
  from space 15360K, 0% used [0x0000000778580000,0x0000000778580000,0x0000000779480000)
  to   space 18432K, 0% used [0x000000077f000000,0x000000077f000000,0x0000000780200000)
 ParOldGen       total 188928K, used 25481K [0x00000006c7000000, 0x00000006d2880000, 0x000000076d000000)
  object space 188928K, 13% used [0x00000006c7000000,0x00000006c88e27b8,0x00000006d2880000)
 Metaspace       used 40100K, capacity 40618K, committed 41176K, reserved 1085440K
  class space    used 5156K, capacity 5306K, committed 5336K, reserved 1048576K
Event: 5,950 GC heap after
Heap after GC invocations=10 (full 2):
 PSYoungGen      total 259584K, used 13806K [0x000000076d000000, 0x000000077fd80000, 0x00000007c0000000)
  eden space 245760K, 0% used [0x000000076d000000,0x000000076d000000,0x000000077c000000)
  from space 13824K, 99% used [0x000000077f000000,0x000000077fd7b918,0x000000077fd80000)
  to   space 18432K, 0% used [0x000000077d980000,0x000000077d980000,0x000000077eb80000)
 ParOldGen       total 188928K, used 25489K [0x00000006c7000000, 0x00000006d2880000, 0x000000076d000000)
  object space 188928K, 13% used [0x00000006c7000000,0x00000006c88e47b8,0x00000006d2880000)
 Metaspace       used 40100K, capacity 40618K, committed 41176K, reserved 1085440K
  class space    used 5156K, capacity 5306K, committed 5336K, reserved 1048576K
}

Deoptimization events (0 events):
No events

Classes redefined (0 events):
No events

Internal exceptions (10 events):
Event: 13,289 Thread 0x00007fea04cf5000 Exception <a 'java/lang/ArrayIndexOutOfBoundsException'> (0x00000007763e6b20) thrown at [/HUDSON/workspace/8-2-build-linux-amd64/jdk8u181/11358/hotspot/src/share/vm/runtime/sharedRuntime.cpp, line 605]
Event: 13,290 Thread 0x00007fea04cf5000 Exception <a 'java/lang/ArrayIndexOutOfBoundsException'> (0x00000007763e81f0) thrown at [/HUDSON/workspace/8-2-build-linux-amd64/jdk8u181/11358/hotspot/src/share/vm/runtime/sharedRuntime.cpp, line 605]
Event: 13,290 Thread 0x00007fea04cf5000 Exception <a 'java/lang/ArrayIndexOutOfBoundsException'> (0x00000007763eb6d8) thrown at [/HUDSON/workspace/8-2-build-linux-amd64/jdk8u181/11358/hotspot/src/share/vm/runtime/sharedRuntime.cpp, line 605]
Event: 13,292 Thread 0x00007fea04cf5000 Exception <a 'java/lang/ArrayIndexOutOfBoundsException'> (0x0000000776430388) thrown at [/HUDSON/workspace/8-2-build-linux-amd64/jdk8u181/11358/hotspot/src/share/vm/runtime/sharedRuntime.cpp, line 605]
Event: 13,292 Thread 0x00007fea04cf5000 Exception <a 'java/lang/ArrayIndexOutOfBoundsException'> (0x0000000776437d38) thrown at [/HUDSON/workspace/8-2-build-linux-amd64/jdk8u181/11358/hotspot/src/share/vm/runtime/sharedRuntime.cpp, line 605]
Event: 13,296 Thread 0x00007fea04cf5000 Exception <a 'java/lang/ArrayIndexOutOfBoundsException'> (0x00000007764e7360) thrown at [/HUDSON/workspace/8-2-build-linux-amd64/jdk8u181/11358/hotspot/src/share/vm/runtime/sharedRuntime.cpp, line 605]
Event: 21,526 Thread 0x00007fea04cfe800 Exception <a 'java/io/FileNotFoundException'> (0x0000000776737ef0) thrown at [/HUDSON/workspace/8-2-build-linux-amd64/jdk8u181/11358/hotspot/src/share/vm/prims/jni.cpp, line 709]
Event: 21,526 Thread 0x00007fea04cfe800 Exception <a 'java/io/FileNotFoundException'> (0x0000000776738d30) thrown at [/HUDSON/workspace/8-2-build-linux-amd64/jdk8u181/11358/hotspot/src/share/vm/prims/jni.cpp, line 709]
Event: 21,662 Thread 0x00007fea04cfe800 Exception <a 'java/lang/UnsatisfiedLinkError': libtesseract.so: no se puede abrir el archivo del objeto compartido: No existe el archivo o el directorio> (0x00000007779ff080) thrown at [/HUDSON/workspace/8-2-build-linux-amd64/jdk8u181/11358/hotspot/src/sh
Event: 21,662 Thread 0x00007fea04cfe800 Exception <a 'java/lang/UnsatisfiedLinkError': libtesseract.so: no se puede abrir el archivo del objeto compartido: No existe el archivo o el directorio> (0x0000000777a01698) thrown at [/HUDSON/workspace/8-2-build-linux-amd64/jdk8u181/11358/hotspot/src/sh

Events (10 events):
Event: 21,682 loading class com/sun/jna/MethodParameterContext
Event: 21,682 loading class com/sun/jna/MethodParameterContext done
Event: 21,682 loading class com/sun/jna/FunctionParameterContext
Event: 21,682 loading class com/sun/jna/FunctionParameterContext done
Event: 21,682 loading class com/sun/jna/ToNativeContext
Event: 21,682 loading class com/sun/jna/ToNativeContext done
Event: 21,683 loading class com/sun/jna/NativeString
Event: 21,683 loading class com/sun/jna/NativeString done
Event: 21,683 loading class com/sun/jna/NativeString$StringMemory
Event: 21,683 loading class com/sun/jna/NativeString$StringMemory done


Dynamic libraries:
00400000-00401000 r-xp 00000000 08:03 4070017                            /usr/lib/jvm/jdk1.8.0_181/bin/java
00600000-00601000 rw-p 00000000 08:03 4070017                            /usr/lib/jvm/jdk1.8.0_181/bin/java
0150c000-0152d000 rw-p 00000000 00:00 0                                  [heap]
6c7000000-6d2880000 rw-p 00000000 00:00 0 
6d2880000-76d000000 ---p 00000000 00:00 0 
76d000000-77fd80000 rw-p 00000000 00:00 0 
77fd80000-7c0000000 ---p 00000000 00:00 0 
7c0000000-7c0636000 rw-p 00000000 00:00 0 
7c0636000-800000000 ---p 00000000 00:00 0 
7fe9a8000000-7fe9a8021000 rw-p 00000000 00:00 0 
7fe9a8021000-7fe9ac000000 ---p 00000000 00:00 0 
7fe9ac000000-7fe9ac021000 rw-p 00000000 00:00 0 
7fe9ac021000-7fe9b0000000 ---p 00000000 00:00 0 
7fe9b0000000-7fe9b0021000 rw-p 00000000 00:00 0 
7fe9b0021000-7fe9b4000000 ---p 00000000 00:00 0 
7fe9b4000000-7fe9b4021000 rw-p 00000000 00:00 0 
7fe9b4021000-7fe9b8000000 ---p 00000000 00:00 0 
7fe9b8000000-7fe9b8021000 rw-p 00000000 00:00 0 
7fe9b8021000-7fe9bc000000 ---p 00000000 00:00 0 
7fe9bc000000-7fe9bc021000 rw-p 00000000 00:00 0 
7fe9bc021000-7fe9c0000000 ---p 00000000 00:00 0 
7fe9c0000000-7fe9c1510000 rw-p 00000000 00:00 0 
7fe9c1510000-7fe9c4000000 ---p 00000000 00:00 0 
7fe9c4000000-7fe9c4021000 rw-p 00000000 00:00 0 
7fe9c4021000-7fe9c8000000 ---p 00000000 00:00 0 
7fe9c8000000-7fe9c8021000 rw-p 00000000 00:00 0 
7fe9c8021000-7fe9cc000000 ---p 00000000 00:00 0 
7fe9cc000000-7fe9cc021000 rw-p 00000000 00:00 0 
7fe9cc021000-7fe9d0000000 ---p 00000000 00:00 0 
7fe9d0000000-7fe9d0021000 rw-p 00000000 00:00 0 
7fe9d0021000-7fe9d4000000 ---p 00000000 00:00 0 
7fe9d4000000-7fe9d4021000 rw-p 00000000 00:00 0 
7fe9d4021000-7fe9d8000000 ---p 00000000 00:00 0 
7fe9d8000000-7fe9d8057000 rw-p 00000000 00:00 0 
7fe9d8057000-7fe9dc000000 ---p 00000000 00:00 0 
7fe9dc000000-7fe9dc055000 rw-p 00000000 00:00 0 
7fe9dc055000-7fe9e0000000 ---p 00000000 00:00 0 
7fe9e0000000-7fe9e0021000 rw-p 00000000 00:00 0 
7fe9e0021000-7fe9e4000000 ---p 00000000 00:00 0 
7fe9e4000000-7fe9e4021000 rw-p 00000000 00:00 0 
7fe9e4021000-7fe9e8000000 ---p 00000000 00:00 0 
7fe9e8000000-7fe9e8021000 rw-p 00000000 00:00 0 
7fe9e8021000-7fe9ec000000 ---p 00000000 00:00 0 
7fe9ec000000-7fe9ec021000 rw-p 00000000 00:00 0 
7fe9ec021000-7fe9f0000000 ---p 00000000 00:00 0 
7fe9f0000000-7fe9f0021000 rw-p 00000000 00:00 0 
7fe9f0021000-7fe9f4000000 ---p 00000000 00:00 0 
7fe9f4000000-7fe9f4021000 rw-p 00000000 00:00 0 
7fe9f4021000-7fe9f8000000 ---p 00000000 00:00 0 
7fe9f8000000-7fe9f82d8000 rw-p 00000000 00:00 0 
7fe9f82d8000-7fe9fc000000 ---p 00000000 00:00 0 
7fe9fc000000-7fe9fc05c000 rw-p 00000000 00:00 0 
7fe9fc05c000-7fea00000000 ---p 00000000 00:00 0 
7fea00000000-7fea00021000 rw-p 00000000 00:00 0 
7fea00021000-7fea04000000 ---p 00000000 00:00 0 
7fea04000000-7fea04dcb000 rw-p 00000000 00:00 0 
7fea04dcb000-7fea08000000 ---p 00000000 00:00 0 
7fea08000000-7fea08021000 rw-p 00000000 00:00 0 
7fea08021000-7fea0c000000 ---p 00000000 00:00 0 
7fea0c000000-7fea0c021000 rw-p 00000000 00:00 0 
7fea0c021000-7fea10000000 ---p 00000000 00:00 0 
7fea10000000-7fea10021000 rw-p 00000000 00:00 0 
7fea10021000-7fea14000000 ---p 00000000 00:00 0 
7fea14000000-7fea14021000 rw-p 00000000 00:00 0 
7fea14021000-7fea18000000 ---p 00000000 00:00 0 
7fea18000000-7fea1870c000 rw-p 00000000 00:00 0 
7fea1870c000-7fea1c000000 ---p 00000000 00:00 0 
7fea1c000000-7fea1c021000 rw-p 00000000 00:00 0 
7fea1c021000-7fea20000000 ---p 00000000 00:00 0 
7fea20000000-7fea20021000 rw-p 00000000 00:00 0 
7fea20021000-7fea24000000 ---p 00000000 00:00 0 
7fea24000000-7fea24021000 rw-p 00000000 00:00 0 
7fea24021000-7fea28000000 ---p 00000000 00:00 0 
7fea28000000-7fea28021000 rw-p 00000000 00:00 0 
7fea28021000-7fea2c000000 ---p 00000000 00:00 0 
7fea2c000000-7fea2c046000 rw-p 00000000 00:00 0 
7fea2c046000-7fea30000000 ---p 00000000 00:00 0 
7fea30000000-7fea30021000 rw-p 00000000 00:00 0 
7fea30021000-7fea34000000 ---p 00000000 00:00 0 
7fea34000000-7fea34021000 rw-p 00000000 00:00 0 
7fea34021000-7fea38000000 ---p 00000000 00:00 0 
7fea38000000-7fea38021000 rw-p 00000000 00:00 0 
7fea38021000-7fea3c000000 ---p 00000000 00:00 0 
7fea3c380000-7fea44000000 rw-p 00000000 00:00 0 
7fea44000000-7fea44021000 rw-p 00000000 00:00 0 
7fea44021000-7fea48000000 ---p 00000000 00:00 0 
7fea48000000-7fea48021000 rw-p 00000000 00:00 0 
7fea48021000-7fea4c000000 ---p 00000000 00:00 0 
7fea4c000000-7fea4c021000 rw-p 00000000 00:00 0 
7fea4c021000-7fea50000000 ---p 00000000 00:00 0 
7fea54000000-7fea54021000 rw-p 00000000 00:00 0 
7fea54021000-7fea58000000 ---p 00000000 00:00 0 
7fea5a217000-7fea5ae96000 rw-p 00000000 00:00 0 
7fea5c000000-7fea5c021000 rw-p 00000000 00:00 0 
7fea5c021000-7fea60000000 ---p 00000000 00:00 0 
7fea6008e000-7fea602d8000 rw-p 00000000 00:00 0 
7fea61442000-7fea6144d000 r-xp 00000000 08:03 3941003                    /usr/lib/x86_64-linux-gnu/libjbig.so.0
7fea6144d000-7fea6164c000 ---p 0000b000 08:03 3941003                    /usr/lib/x86_64-linux-gnu/libjbig.so.0
7fea6164c000-7fea6164d000 r--p 0000a000 08:03 3941003                    /usr/lib/x86_64-linux-gnu/libjbig.so.0
7fea6164d000-7fea61650000 rw-p 0000b000 08:03 3941003                    /usr/lib/x86_64-linux-gnu/libjbig.so.0
7fea61650000-7fea61674000 r-xp 00000000 08:03 4985788                    /lib/x86_64-linux-gnu/liblzma.so.5.2.2
7fea61674000-7fea61874000 ---p 00024000 08:03 4985788                    /lib/x86_64-linux-gnu/liblzma.so.5.2.2
7fea61874000-7fea61875000 r--p 00024000 08:03 4985788                    /lib/x86_64-linux-gnu/liblzma.so.5.2.2
7fea61875000-7fea61876000 rw-p 00025000 08:03 4985788                    /lib/x86_64-linux-gnu/liblzma.so.5.2.2
7fea61876000-7fea618ca000 r-xp 00000000 08:03 3940741                    /usr/lib/x86_64-linux-gnu/libopenjp2.so.2.3.0
7fea618ca000-7fea61aca000 ---p 00054000 08:03 3940741                    /usr/lib/x86_64-linux-gnu/libopenjp2.so.2.3.0
7fea61aca000-7fea61acb000 r--p 00054000 08:03 3940741                    /usr/lib/x86_64-linux-gnu/libopenjp2.so.2.3.0
7fea61acb000-7fea61acc000 rw-p 00055000 08:03 3940741                    /usr/lib/x86_64-linux-gnu/libopenjp2.so.2.3.0
7fea61acc000-7fea61b32000 r-xp 00000000 08:03 3941478                    /usr/lib/x86_64-linux-gnu/libwebp.so.6.0.2
7fea61b32000-7fea61d31000 ---p 00066000 08:03 3941478                    /usr/lib/x86_64-linux-gnu/libwebp.so.6.0.2
7fea61d31000-7fea61d32000 r--p 00065000 08:03 3941478                    /usr/lib/x86_64-linux-gnu/libwebp.so.6.0.2
7fea61d32000-7fea61d33000 rw-p 00066000 08:03 3941478                    /usr/lib/x86_64-linux-gnu/libwebp.so.6.0.2
7fea61d33000-7fea61d35000 rw-p 00000000 00:00 0 
7fea61d35000-7fea61da8000 r-xp 00000000 08:03 3941394                    /usr/lib/x86_64-linux-gnu/libtiff.so.5.3.0
7fea61da8000-7fea61fa7000 ---p 00073000 08:03 3941394                    /usr/lib/x86_64-linux-gnu/libtiff.so.5.3.0
7fea61fa7000-7fea61fab000 r--p 00072000 08:03 3941394                    /usr/lib/x86_64-linux-gnu/libtiff.so.5.3.0
7fea61fab000-7fea61fac000 rw-p 00076000 08:03 3941394                    /usr/lib/x86_64-linux-gnu/libtiff.so.5.3.0
7fea61fac000-7fea61fb4000 r-xp 00000000 08:03 3942520                    /usr/lib/x86_64-linux-gnu/libgif.so.7.0.0
7fea61fb4000-7fea621b3000 ---p 00008000 08:03 3942520                    /usr/lib/x86_64-linux-gnu/libgif.so.7.0.0
7fea621b3000-7fea621b4000 r--p 00007000 08:03 3942520                    /usr/lib/x86_64-linux-gnu/libgif.so.7.0.0
7fea621b4000-7fea621b5000 rw-p 00008000 08:03 3942520                    /usr/lib/x86_64-linux-gnu/libgif.so.7.0.0
7fea621b5000-7fea6221c000 r-xp 00000000 08:03 3941007                    /usr/lib/x86_64-linux-gnu/libjpeg.so.8.1.2
7fea6221c000-7fea6241b000 ---p 00067000 08:03 3941007                    /usr/lib/x86_64-linux-gnu/libjpeg.so.8.1.2
7fea6241b000-7fea6241c000 r--p 00066000 08:03 3941007                    /usr/lib/x86_64-linux-gnu/libjpeg.so.8.1.2
7fea6241c000-7fea6241d000 rw-p 00067000 08:03 3941007                    /usr/lib/x86_64-linux-gnu/libjpeg.so.8.1.2
7fea6241d000-7fea6244e000 r-xp 00000000 08:03 3941206                    /usr/lib/x86_64-linux-gnu/libpng16.so.16.34.0
7fea6244e000-7fea6264d000 ---p 00031000 08:03 3941206                    /usr/lib/x86_64-linux-gnu/libpng16.so.16.34.0
7fea6264d000-7fea6264e000 r--p 00030000 08:03 3941206                    /usr/lib/x86_64-linux-gnu/libpng16.so.16.34.0
7fea6264e000-7fea6264f000 rw-p 00031000 08:03 3941206                    /usr/lib/x86_64-linux-gnu/libpng16.so.16.34.0
7fea6264f000-7fea6266b000 r-xp 00000000 08:03 4985900                    /lib/x86_64-linux-gnu/libz.so.1.2.11
7fea6266b000-7fea6286a000 ---p 0001c000 08:03 4985900                    /lib/x86_64-linux-gnu/libz.so.1.2.11
7fea6286a000-7fea6286b000 r--p 0001b000 08:03 4985900                    /lib/x86_64-linux-gnu/libz.so.1.2.11
7fea6286b000-7fea6286c000 rw-p 0001c000 08:03 4985900                    /lib/x86_64-linux-gnu/libz.so.1.2.11
7fea6286c000-7fea6289a000 r-xp 00000000 08:03 3940810                    /usr/lib/x86_64-linux-gnu/libgomp.so.1.0.0
7fea6289a000-7fea62a9a000 ---p 0002e000 08:03 3940810                    /usr/lib/x86_64-linux-gnu/libgomp.so.1.0.0
7fea62a9a000-7fea62a9b000 r--p 0002e000 08:03 3940810                    /usr/lib/x86_64-linux-gnu/libgomp.so.1.0.0
7fea62a9b000-7fea62a9c000 rw-p 0002f000 08:03 3940810                    /usr/lib/x86_64-linux-gnu/libgomp.so.1.0.0
7fea62a9c000-7fea62ab3000 r-xp 00000000 08:03 4985765                    /lib/x86_64-linux-gnu/libgcc_s.so.1
7fea62ab3000-7fea62cb2000 ---p 00017000 08:03 4985765                    /lib/x86_64-linux-gnu/libgcc_s.so.1
7fea62cb2000-7fea62cb3000 r--p 00016000 08:03 4985765                    /lib/x86_64-linux-gnu/libgcc_s.so.1
7fea62cb3000-7fea62cb4000 rw-p 00017000 08:03 4985765                    /lib/x86_64-linux-gnu/libgcc_s.so.1
7fea62cb4000-7fea62e32000 r-xp 00000000 08:03 3941363                    /usr/lib/x86_64-linux-gnu/libstdc++.so.6.0.25
7fea62e32000-7fea63032000 ---p 0017e000 08:03 3941363                    /usr/lib/x86_64-linux-gnu/libstdc++.so.6.0.25
7fea63032000-7fea6303c000 r--p 0017e000 08:03 3941363                    /usr/lib/x86_64-linux-gnu/libstdc++.so.6.0.25
7fea6303c000-7fea6303e000 rw-p 00188000 08:03 3941363                    /usr/lib/x86_64-linux-gnu/libstdc++.so.6.0.25
7fea6303e000-7fea63042000 rw-p 00000000 00:00 0 
7fea63042000-7fea6329e000 r-xp 00000000 08:03 3949189                    /usr/lib/x86_64-linux-gnu/liblept.so.5.0.2
7fea6329e000-7fea6349d000 ---p 0025c000 08:03 3949189                    /usr/lib/x86_64-linux-gnu/liblept.so.5.0.2
7fea6349d000-7fea6349e000 r--p 0025b000 08:03 3949189                    /usr/lib/x86_64-linux-gnu/liblept.so.5.0.2
7fea6349e000-7fea634a4000 rw-p 0025c000 08:03 3949189                    /usr/lib/x86_64-linux-gnu/liblept.so.5.0.2
7fea634be000-7fea637cb000 r-xp 00000000 08:03 3949192                    /usr/lib/x86_64-linux-gnu/libtesseract.so.4.0.0
7fea637cb000-7fea639ca000 ---p 0030d000 08:03 3949192                    /usr/lib/x86_64-linux-gnu/libtesseract.so.4.0.0
7fea639ca000-7fea639cf000 r--p 0030c000 08:03 3949192                    /usr/lib/x86_64-linux-gnu/libtesseract.so.4.0.0
7fea639cf000-7fea639d0000 rw-p 00311000 08:03 3949192                    /usr/lib/x86_64-linux-gnu/libtesseract.so.4.0.0
7fea639d0000-7fea63c74000 rw-p 00000000 00:00 0 
7fea63c74000-7fea63c77000 ---p 00000000 00:00 0 
7fea63c77000-7fea63cad000 rw-p 00000000 00:00 0 
7fea63cad000-7fea63cc4000 r-xp 00000000 08:03 141848                     /tmp/jna-101935210/jna2596202953899412836.tmp (deleted)
7fea63cc4000-7fea63dc3000 ---p 00017000 08:03 141848                     /tmp/jna-101935210/jna2596202953899412836.tmp (deleted)
7fea63dc3000-7fea63dc5000 rw-p 00016000 08:03 141848                     /tmp/jna-101935210/jna2596202953899412836.tmp (deleted)
7fea63dc5000-7fea63e00000 r-xp 00000000 08:03 5644385                    /usr/lib/jvm/jdk1.8.0_181/jre/lib/amd64/libjpeg.so
7fea63e00000-7fea63fff000 ---p 0003b000 08:03 5644385                    /usr/lib/jvm/jdk1.8.0_181/jre/lib/amd64/libjpeg.so
7fea63fff000-7fea64000000 rw-p 0003a000 08:03 5644385                    /usr/lib/jvm/jdk1.8.0_181/jre/lib/amd64/libjpeg.so
7fea64000000-7fea64021000 rw-p 00000000 00:00 0 
7fea64021000-7fea68000000 ---p 00000000 00:00 0 
7fea6800e000-7fea6814e000 rw-p 00000000 00:00 0 
7fea6814e000-7fea6820e000 ---p 00000000 00:00 0 
7fea6820e000-7fea68215000 r-xp 00000000 08:03 5644451                    /usr/lib/jvm/jdk1.8.0_181/jre/lib/amd64/libawt_headless.so
7fea68215000-7fea68414000 ---p 00007000 08:03 5644451                    /usr/lib/jvm/jdk1.8.0_181/jre/lib/amd64/libawt_headless.so
7fea68414000-7fea68415000 rw-p 00006000 08:03 5644451                    /usr/lib/jvm/jdk1.8.0_181/jre/lib/amd64/libawt_headless.so
7fea68415000-7fea684b7000 r-xp 00000000 08:03 5644433                    /usr/lib/jvm/jdk1.8.0_181/jre/lib/amd64/libawt.so
7fea684b7000-7fea686b7000 ---p 000a2000 08:03 5644433                    /usr/lib/jvm/jdk1.8.0_181/jre/lib/amd64/libawt.so
7fea686b7000-7fea686c3000 rw-p 000a2000 08:03 5644433                    /usr/lib/jvm/jdk1.8.0_181/jre/lib/amd64/libawt.so
7fea686c3000-7fea688e7000 rw-p 00000000 00:00 0 
7fea688e7000-7fea688ea000 ---p 00000000 00:00 0 
7fea688ea000-7fea689e8000 rw-p 00000000 00:00 0 
7fea689e8000-7fea689eb000 ---p 00000000 00:00 0 
7fea689eb000-7fea68ae9000 rw-p 00000000 00:00 0 
7fea68ae9000-7fea68aec000 ---p 00000000 00:00 0 
7fea68aec000-7fea68bea000 rw-p 00000000 00:00 0 
7fea68bea000-7fea68bed000 ---p 00000000 00:00 0 
7fea68bed000-7fea68ceb000 rw-p 00000000 00:00 0 
7fea68ceb000-7fea68cee000 ---p 00000000 00:00 0 
7fea68cee000-7fea68dec000 rw-p 00000000 00:00 0 
7fea68dec000-7fea68def000 ---p 00000000 00:00 0 
7fea68def000-7fea68eed000 rw-p 00000000 00:00 0 
7fea68eed000-7fea68ef0000 ---p 00000000 00:00 0 
7fea68ef0000-7fea68fee000 rw-p 00000000 00:00 0 
7fea68fee000-7fea68ff1000 ---p 00000000 00:00 0 
7fea68ff1000-7fea690ef000 rw-p 00000000 00:00 0 
7fea690ef000-7fea690f2000 ---p 00000000 00:00 0 
7fea690f2000-7fea691f0000 rw-p 00000000 00:00 0 
7fea691f0000-7fea691f3000 ---p 00000000 00:00 0 
7fea691f3000-7fea692f1000 rw-p 00000000 00:00 0 
7fea692f1000-7fea692f4000 ---p 00000000 00:00 0 
7fea692f4000-7fea693f2000 rw-p 00000000 00:00 0 
7fea693f2000-7fea693f5000 ---p 00000000 00:00 0 
7fea693f5000-7fea694f3000 rw-p 00000000 00:00 0 
7fea694f3000-7fea694f6000 ---p 00000000 00:00 0 
7fea694f6000-7fea695f4000 rw-p 00000000 00:00 0 
7fea695f4000-7fea695f7000 ---p 00000000 00:00 0 
7fea695f7000-7fea698f5000 rw-p 00000000 00:00 0 
7fea698f5000-7fea698f8000 ---p 00000000 00:00 0 
7fea698f8000-7fea699f6000 rw-p 00000000 00:00 0 
7fea699f6000-7fea699f9000 ---p 00000000 00:00 0 
7fea699f9000-7fea69af7000 rw-p 00000000 00:00 0 
7fea69af7000-7fea69afa000 ---p 00000000 00:00 0 
7fea69afa000-7fea69df8000 rw-p 00000000 00:00 0 
7fea69df8000-7fea69ff8000 rw-p 00000000 00:00 0 
7fea69ff8000-7fea6a1f8000 rw-p 00000000 00:00 0 
7fea6a1f8000-7fea6a3f8000 rw-p 00000000 00:00 0 
7fea6a3f8000-7fea6a3fb000 ---p 00000000 00:00 0 
7fea6a3fb000-7fea6a6f9000 rw-p 00000000 00:00 0 
7fea6a6f9000-7fea6a6fc000 ---p 00000000 00:00 0 
7fea6a6fc000-7fea6a7fa000 rw-p 00000000 00:00 0 
7fea6a7fa000-7fea6a7fd000 ---p 00000000 00:00 0 
7fea6a7fd000-7fea6aafb000 rw-p 00000000 00:00 0 
7fea6aafb000-7fea6aafe000 ---p 00000000 00:00 0 
7fea6aafe000-7fea6adfc000 rw-p 00000000 00:00 0 
7fea6adfc000-7fea6affc000 rw-p 00000000 00:00 0 
7fea6affc000-7fea6b1fc000 rw-p 00000000 00:00 0 
7fea6b1fc000-7fea6b3fc000 rw-p 00000000 00:00 0 
7fea6b3fc000-7fea6b5fc000 rw-p 00000000 00:00 0 
7fea6b5fc000-7fea6b7fc000 rw-p 00000000 00:00 0 
7fea6b7fc000-7fea6b7ff000 ---p 00000000 00:00 0 
7fea6b7ff000-7fea6bafd000 rw-p 00000000 00:00 0 
7fea6bafd000-7fea6bb00000 ---p 00000000 00:00 0 
7fea6bb00000-7fea6bbfe000 rw-p 00000000 00:00 0 
7fea6bbfe000-7fea6bc01000 ---p 00000000 00:00 0 
7fea6bc01000-7fea6beff000 rw-p 00000000 00:00 0 
7fea6beff000-7fea6bf00000 ---p 00000000 00:00 0 
7fea6bf00000-7fea6c000000 rw-p 00000000 00:00 0 
7fea6c000000-7fea6c021000 rw-p 00000000 00:00 0 
7fea6c021000-7fea70000000 ---p 00000000 00:00 0 
7fea70009000-7fea70025000 r--s 00393000 08:03 5644285                    /usr/lib/jvm/jdk1.8.0_181/jre/lib/ext/cldrdata.jar
7fea70025000-7fea70038000 r--s 00345000 08:03 5644262                    /usr/lib/jvm/jdk1.8.0_181/jre/lib/resources.jar
7fea70038000-7fea7003d000 r--s 002f9000 08:03 5644222                    /usr/lib/jvm/jdk1.8.0_181/jre/lib/charsets.jar
7fea7003d000-7fea700d2000 r--s 0110e000 08:03 5644286                    /usr/lib/jvm/jdk1.8.0_181/jre/lib/ext/jfxrt.jar
7fea700d2000-7fea700d9000 r--s 00000000 08:03 4196533                    /usr/lib/x86_64-linux-gnu/gconv/gconv-modules.cache
7fea700d9000-7fea700fd000 r--p 00000000 08:03 4461069                    /usr/share/locale-langpack/es/LC_MESSAGES/libc.mo
7fea700fd000-7fea70100000 ---p 00000000 00:00 0 
7fea70100000-7fea701fe000 rw-p 00000000 00:00 0 
7fea701fe000-7fea70208000 r--s 00116000 08:03 5644292                    /usr/lib/jvm/jdk1.8.0_181/jre/lib/ext/localedata.jar
7fea70208000-7fea7020b000 ---p 00000000 00:00 0 
7fea7020b000-7fea70309000 rw-p 00000000 00:00 0 
7fea70309000-7fea7030c000 ---p 00000000 00:00 0 
7fea7030c000-7fea7040a000 rw-p 00000000 00:00 0 
7fea7040a000-7fea7040f000 r--s 0009d000 08:03 5644281                    /usr/lib/jvm/jdk1.8.0_181/jre/lib/jsse.jar
7fea7040f000-7fea70410000 r--s 0041e000 08:05 14551234                   /home/kenyo/.m2/repository/io/springfox/springfox-swagger-ui/2.8.0/springfox-swagger-ui-2.8.0.jar
7fea70410000-7fea70412000 r--s 00004000 08:05 14551232                   /home/kenyo/.m2/repository/org/mapstruct/mapstruct/1.2.0.Final/mapstruct-1.2.0.Final.jar
7fea70412000-7fea70414000 r--s 00000000 08:05 14551230                   /home/kenyo/.m2/repository/org/springframework/plugin/spring-plugin-metadata/1.2.0.RELEASE/spring-plugin-metadata-1.2.0.RELEASE.jar
7fea70414000-7fea70415000 r--s 00004000 08:05 14551228                   /home/kenyo/.m2/repository/org/springframework/plugin/spring-plugin-core/1.2.0.RELEASE/spring-plugin-core-1.2.0.RELEASE.jar
7fea70415000-7fea70417000 r--s 00009000 08:05 14551226                   /home/kenyo/.m2/repository/org/slf4j/slf4j-api/1.7.25/slf4j-api-1.7.25.jar
7fea70417000-7fea70419000 r--s 0000e000 08:05 10099449                   /home/kenyo/.m2/repository/com/fasterxml/classmate/1.3.4/classmate-1.3.4.jar
7fea70419000-7fea70448000 r--s 00226000 08:05 14551224                   /home/kenyo/.m2/repository/com/google/guava/guava/20.0/guava-20.0.jar
7fea70448000-7fea7044b000 r--s 0001d000 08:05 14551222                   /home/kenyo/.m2/repository/org/reflections/reflections/0.9.11/reflections-0.9.11.jar
7fea7044b000-7fea70450000 r--s 00027000 08:05 14551220                   /home/kenyo/.m2/repository/io/springfox/springfox-spring-web/2.8.0/springfox-spring-web-2.8.0.jar
7fea70450000-7fea70453000 r--s 00015000 08:05 14551218                   /home/kenyo/.m2/repository/io/springfox/springfox-swagger-common/2.8.0/springfox-swagger-common-2.8.0.jar
7fea70453000-7fea70456000 r--s 00011000 08:05 14551216                   /home/kenyo/.m2/repository/io/springfox/springfox-schema/2.8.0/springfox-schema-2.8.0.jar
7fea70456000-7fea70492000 r--s 0028e000 08:05 14551214                   /home/kenyo/.m2/repository/net/bytebuddy/byte-buddy/1.7.9/byte-buddy-1.7.9.jar
7fea70492000-7fea70496000 r--s 00018000 08:05 14551212                   /home/kenyo/.m2/repository/io/springfox/springfox-core/2.8.0/springfox-core-2.8.0.jar
7fea70496000-7fea70499000 r--s 0000a000 08:05 14551210                   /home/kenyo/.m2/repository/io/springfox/springfox-spi/2.8.0/springfox-spi-2.8.0.jar
7fea70499000-7fea7049d000 r--s 00020000 08:05 14551208                   /home/kenyo/.m2/repository/io/swagger/swagger-models/1.5.14/swagger-models-1.5.14.jar
7fea7049d000-7fea7049f000 r--s 00004000 08:05 14551206                   /home/kenyo/.m2/repository/io/swagger/swagger-annotations/1.5.14/swagger-annotations-1.5.14.jar
7fea7049f000-7fea704a1000 r--s 0000e000 08:05 14551204                   /home/kenyo/.m2/repository/io/springfox/springfox-swagger2/2.8.0/springfox-swagger2-2.8.0.jar
7fea704a1000-7fea704a3000 r--s 00004000 08:05 14551138                   /home/kenyo/.m2/repository/org/slf4j/log4j-over-slf4j/1.7.25/log4j-over-slf4j-1.7.25.jar
7fea704a3000-7fea704a5000 r--s 00003000 08:05 14551176                   /home/kenyo/.m2/repository/org/slf4j/jcl-over-slf4j/1.7.25/jcl-over-slf4j-1.7.25.jar
7fea704a5000-7fea704a7000 r--s 00000000 08:05 14551136                   /home/kenyo/.m2/repository/org/slf4j/jul-to-slf4j/1.7.25/jul-to-slf4j-1.7.25.jar
7fea704a7000-7fea704b2000 r--s 0006a000 08:05 14551134                   /home/kenyo/.m2/repository/ch/qos/logback/logback-core/1.1.11/logback-core-1.1.11.jar
7fea704b2000-7fea704b9000 r--s 00045000 08:05 14551132                   /home/kenyo/.m2/repository/ch/qos/logback/logback-classic/1.1.11/logback-classic-1.1.11.jar
7fea704b9000-7fea704ba000 r--s 0000a000 08:05 10888072                   /home/kenyo/.m2/repository/asm/asm/3.3.1/asm-3.3.1.jar
7fea704ba000-7fea704c1000 r--s 00040000 08:05 10759484                   /home/kenyo/.m2/repository/cglib/cglib/2.2.2/cglib-2.2.2.jar
7fea704c1000-7fea704c5000 r--s 00015000 08:05 15993289                   /home/kenyo/.m2/repository/org/rococoa/rococoa-core/0.5/rococoa-core-0.5.jar
7fea704c5000-7fea704ca000 r--s 00229000 08:05 15993287                   /home/kenyo/.m2/repository/net/sourceforge/lept4j/lept4j/1.2.3/lept4j-1.2.3.jar
7fea704ca000-7fea704ce000 r--s 0002f000 08:05 15339226                   /home/kenyo/.m2/repository/commons-io/commons-io/2.5/commons-io-2.5.jar
7fea704ce000-7fea704da000 r--s 00108000 08:05 13112553                   /home/kenyo/.m2/repository/com/lowagie/itext/2.1.7/itext-2.1.7.jar
7fea704da000-7fea704dc000 r--s 00008000 08:05 14553348                   /home/kenyo/.m2/repository/commons-logging/commons-logging/1.0.4/commons-logging-1.0.4.jar
7fea704dc000-7fea704e6000 r--s 00081000 08:05 15993285                   /home/kenyo/.m2/repository/org/apache/xmlgraphics/xmlgraphics-commons/1.4/xmlgraphics-commons-1.4.jar
7fea704e6000-7fea704f3000 r--s 00083000 08:05 13112319                   /home/kenyo/.m2/repository/commons-collections/commons-collections/3.2.2/commons-collections-3.2.2.jar
7fea704f3000-7fea704f8000 r--s 00038000 08:05 11536213                   /home/kenyo/.m2/repository/commons-beanutils/commons-beanutils/1.9.3/commons-beanutils-1.9.3.jar
7fea704f8000-7fea70501000 r--s 0006f000 08:05 15339257                   /home/kenyo/.m2/repository/log4j/log4j/1.2.17/log4j-1.2.17.jar
7fea70501000-7fea70506000 r--s 00028000 08:05 15993283                   /home/kenyo/.m2/repository/org/ghost4j/ghost4j/1.0.1/ghost4j-1.0.1.jar
7fea70506000-7fea70511000 r--s 00088000 08:05 15993281                   /home/kenyo/.m2/repository/com/github/jai-imageio/jai-imageio-core/1.3.1/jai-imageio-core-1.3.1.jar
7fea70511000-7fea70515000 r--s 00112000 08:05 15993279                   /home/kenyo/.m2/repository/net/java/dev/jna/jna/4.2.2/jna-4.2.2.jar
7fea70515000-7fea70517000 r--s 02050000 08:05 15993278                   /home/kenyo/.m2/repository/net/sourceforge/tess4j/tess4j/3.2.1/tess4j-3.2.1.jar
7fea70517000-7fea7052e000 r--s 000fe000 08:05 12063142                   /home/kenyo/.m2/repository/org/springframework/spring-core/4.3.21.BUILD-SNAPSHOT/spring-core-4.3.21.BUILD-SNAPSHOT.jar
7fea7052e000-7fea70535000 r--s 0009f000 08:05 14551202                   /home/kenyo/.m2/repository/org/postgresql/postgresql/9.4.1212.jre7/postgresql-9.4.1212.jre7.jar
7fea70535000-7fea70555000 r--s 000e7000 08:05 12979993                   /home/kenyo/.m2/repository/org/springframework/boot/spring-boot-autoconfigure/1.5.18.BUILD-SNAPSHOT/spring-boot-autoconfigure-1.5.18.BUILD-SNAPSHOT.jar
7fea70555000-7fea70565000 r--s 00098000 08:05 11936272                   /home/kenyo/.m2/repository/org/springframework/boot/spring-boot/1.5.18.BUILD-SNAPSHOT/spring-boot-1.5.18.BUILD-SNAPSHOT.jar
7fea70565000-7fea7056b000 r--s 00030000 08:05 15991956                   /home/kenyo/.m2/repository/org/springframework/boot/spring-boot-devtools/1.5.18.BUILD-SNAPSHOT/spring-boot-devtools-1.5.18.BUILD-SNAPSHOT.jar
7fea7056b000-7fea70571000 r--s 0003e000 08:05 12724689                   /home/kenyo/.m2/repository/org/springframework/spring-expression/4.3.21.BUILD-SNAPSHOT/spring-expression-4.3.21.BUILD-SNAPSHOT.jar
7fea70571000-7fea70582000 r--s 000d0000 08:05 15991955                   /home/kenyo/.m2/repository/org/springframework/spring-webmvc/4.3.21.BUILD-SNAPSHOT/spring-webmvc-4.3.21.BUILD-SNAPSHOT.jar
7fea70582000-7fea70594000 r--s 000b9000 08:05 15991954                   /home/kenyo/.m2/repository/org/springframework/spring-web/4.3.21.BUILD-SNAPSHOT/spring-web-4.3.21.BUILD-SNAPSHOT.jar
7fea70594000-7fea70598000 r--s 00042000 08:05 11016594                   /home/kenyo/.m2/repository/com/fasterxml/jackson/core/jackson-core/2.8.11/jackson-core-2.8.11.jar
7fea70598000-7fea7059b000 r--s 0000b000 08:05 10758765                   /home/kenyo/.m2/repository/com/fasterxml/jackson/core/jackson-annotations/2.8.0/jackson-annotations-2.8.0.jar
7fea7059b000-7fea705ad000 r--s 0011f000 08:05 10497143                   /home/kenyo/.m2/repository/com/fasterxml/jackson/core/jackson-databind/2.8.11.2/jackson-databind-2.8.11.2.jar
7fea705ad000-7fea705b1000 r--s 0000c000 08:05 14551194                   /home/kenyo/.m2/repository/javax/validation/validation-api/1.1.0.Final/validation-api-1.1.0.Final.jar
7fea705b1000-7fea705c2000 r--s 000a1000 08:05 14551192                   /home/kenyo/.m2/repository/org/hibernate/hibernate-validator/5.3.6.Final/hibernate-validator-5.3.6.Final.jar
7fea705c2000-7fea705c7000 r--s 0003a000 08:05 15991967                   /home/kenyo/.m2/repository/org/apache/tomcat/embed/tomcat-embed-websocket/8.5.35/tomcat-embed-websocket-8.5.35.jar
7fea705c7000-7fea705cc000 r--s 00038000 08:05 15991965                   /home/kenyo/.m2/repository/org/apache/tomcat/embed/tomcat-embed-el/8.5.35/tomcat-embed-el-8.5.35.jar
7fea705cc000-7fea705ce000 r--s 00002000 08:05 15991963                   /home/kenyo/.m2/repository/org/apache/tomcat/tomcat-annotations-api/8.5.35/tomcat-annotations-api-8.5.35.jar
7fea705ce000-7fea705f8000 r--s 002d7000 08:05 15991961                   /home/kenyo/.m2/repository/org/apache/tomcat/embed/tomcat-embed-core/8.5.35/tomcat-embed-core-8.5.35.jar
7fea705f8000-7fea705f9000 r--s 00000000 08:05 15734206                   /home/kenyo/.m2/repository/org/springframework/boot/spring-boot-starter-tomcat/1.5.18.BUILD-SNAPSHOT/spring-boot-starter-tomcat-1.5.18.BUILD-SNAPSHOT.jar
7fea705f9000-7fea705fa000 r--s 00000000 08:05 15602291                   /home/kenyo/.m2/repository/org/springframework/boot/spring-boot-starter-web/1.5.18.BUILD-SNAPSHOT/spring-boot-starter-web-1.5.18.BUILD-SNAPSHOT.jar
7fea705fa000-7fea70647000 r--s 0042b000 08:05 14159184                   /home/kenyo/.m2/repository/org/codehaus/groovy/groovy/2.4.15/groovy-2.4.15.jar
7fea70647000-7fea7064a000 r--s 0001a000 08:05 14159164                   /home/kenyo/.m2/repository/nz/net/ultraq/thymeleaf/thymeleaf-layout-dialect/1.4.0/thymeleaf-layout-dialect-1.4.0.jar
7fea7064a000-7fea7064d000 r--s 00020000 08:05 14034376                   /home/kenyo/.m2/repository/org/unbescape/unbescape/1.1.0.RELEASE/unbescape-1.1.0.RELEASE.jar
7fea7064d000-7fea70650000 r--s 00035000 08:05 13763836                   /home/kenyo/.m2/repository/ognl/ognl/3.0.8/ognl-3.0.8.jar
7fea70650000-7fea7065d000 r--s 000b7000 08:05 13242136                   /home/kenyo/.m2/repository/org/thymeleaf/thymeleaf/2.1.6.RELEASE/thymeleaf-2.1.6.RELEASE.jar
7fea7065d000-7fea70660000 r--s 00034000 08:05 12979898                   /home/kenyo/.m2/repository/org/thymeleaf/thymeleaf-spring4/2.1.6.RELEASE/thymeleaf-spring4-2.1.6.RELEASE.jar
7fea70660000-7fea70663000 r--s 0000c000 08:05 15474456                   /home/kenyo/.m2/repository/org/springframework/spring-aspects/4.3.21.BUILD-SNAPSHOT/spring-aspects-4.3.21.BUILD-SNAPSHOT.jar
7fea70663000-7fea70671000 r--s 000ad000 08:05 12456570                   /home/kenyo/.m2/repository/org/springframework/spring-beans/4.3.21.BUILD-SNAPSHOT/spring-beans-4.3.21.BUILD-SNAPSHOT.jar
7fea70671000-7fea70679000 r--s 0003a000 08:05 14812830                   /home/kenyo/.m2/repository/org/springframework/spring-tx/4.3.21.BUILD-SNAPSHOT/spring-tx-4.3.21.BUILD-SNAPSHOT.jar
7fea70679000-7fea70693000 r--s 000fe000 08:05 12194320                   /home/kenyo/.m2/repository/org/springframework/spring-context/4.3.21.BUILD-SNAPSHOT/spring-context-4.3.21.BUILD-SNAPSHOT.jar
7fea70693000-7fea7069d000 r--s 0006b000 08:05 15206039                   /home/kenyo/.m2/repository/org/springframework/spring-orm/4.3.21.BUILD-SNAPSHOT/spring-orm-4.3.21.BUILD-SNAPSHOT.jar
7fea7069d000-7fea706b0000 r--s 000b3000 08:05 15074605                   /home/kenyo/.m2/repository/org/springframework/data/spring-data-commons/1.13.16.RELEASE/spring-data-commons-1.13.16.RELEASE.jar
7fea706b0000-7fea706b7000 r--s 00043000 08:05 12590434                   /home/kenyo/.m2/repository/org/springframework/data/spring-data-jpa/1.11.16.RELEASE/spring-data-jpa-1.11.16.RELEASE.jar
7fea706b7000-7fea706b9000 r--s 00006000 08:05 14551166                   /home/kenyo/.m2/repository/javax/transaction/javax.transaction-api/1.2/javax.transaction-api-1.2.jar
7fea706b9000-7fea706c6000 r--s 00089000 08:05 14551164                   /home/kenyo/.m2/repository/org/hibernate/hibernate-entitymanager/5.0.12.Final/hibernate-entitymanager-5.0.12.Final.jar
7fea706c6000-7fea706cb000 r--s 00048000 08:05 14551160                   /home/kenyo/.m2/repository/dom4j/dom4j/1.6.1/dom4j-1.6.1.jar
7fea706cb000-7fea706dc000 r-xp 00000000 08:03 5644443                    /usr/lib/jvm/jdk1.8.0_181/jre/lib/amd64/libnio.so
7fea706dc000-7fea708db000 ---p 00011000 08:03 5644443                    /usr/lib/jvm/jdk1.8.0_181/jre/lib/amd64/libnio.so
7fea708db000-7fea708dc000 rw-p 00010000 08:03 5644443                    /usr/lib/jvm/jdk1.8.0_181/jre/lib/amd64/libnio.so
7fea708dc000-7fea738dd000 rw-p 00000000 00:00 0 
7fea738dd000-7fea738f3000 r-xp 00000000 08:03 5644440                    /usr/lib/jvm/jdk1.8.0_181/jre/lib/amd64/libnet.so
7fea738f3000-7fea73af3000 ---p 00016000 08:03 5644440                    /usr/lib/jvm/jdk1.8.0_181/jre/lib/amd64/libnet.so
7fea73af3000-7fea73af4000 rw-p 00016000 08:03 5644440                    /usr/lib/jvm/jdk1.8.0_181/jre/lib/amd64/libnet.so
7fea73af4000-7fea73afd000 r-xp 00000000 08:03 5644448                    /usr/lib/jvm/jdk1.8.0_181/jre/lib/amd64/libmanagement.so
7fea73afd000-7fea73cfc000 ---p 00009000 08:03 5644448                    /usr/lib/jvm/jdk1.8.0_181/jre/lib/amd64/libmanagement.so
7fea73cfc000-7fea73cfd000 rw-p 00008000 08:03 5644448                    /usr/lib/jvm/jdk1.8.0_181/jre/lib/amd64/libmanagement.so
7fea73cfd000-7fea73d00000 ---p 00000000 00:00 0 
7fea73d00000-7fea73dfe000 rw-p 00000000 00:00 0 
7fea73dfe000-7fea73dff000 ---p 00000000 00:00 0 
7fea73dff000-7fea73e02000 ---p 00000000 00:00 0 
7fea73e02000-7fea73eff000 rw-p 00000000 00:00 0 
7fea73eff000-7fea73f00000 ---p 00000000 00:00 0 
7fea73f00000-7fea73f03000 ---p 00000000 00:00 0 
7fea73f03000-7fea74000000 rw-p 00000000 00:00 0 
7fea74000000-7fea74021000 rw-p 00000000 00:00 0 
7fea74021000-7fea78000000 ---p 00000000 00:00 0 
7fea78000000-7fea78003000 r--s 00010000 08:05 14551162                   /home/kenyo/.m2/repository/org/hibernate/common/hibernate-commons-annotations/5.0.1.Final/hibernate-commons-annotations-5.0.1.Final.jar
7fea78003000-7fea78006000 r--s 0002b000 08:05 14551158                   /home/kenyo/.m2/repository/org/jboss/jandex/2.0.0.Final/jandex-2.0.0.Final.jar
7fea78006000-7fea78010000 r--s 000aa000 08:05 14551154                   /home/kenyo/.m2/repository/org/javassist/javassist/3.21.0-GA/javassist-3.21.0-GA.jar
7fea78010000-7fea78079000 r--s 004f3000 08:05 14551148                   /home/kenyo/.m2/repository/org/hibernate/hibernate-core/5.0.12.Final/hibernate-core-5.0.12.Final.jar
7fea78079000-7fea78083000 r--s 00060000 08:05 14034693                   /home/kenyo/.m2/repository/org/springframework/spring-jdbc/4.3.21.BUILD-SNAPSHOT/spring-jdbc-4.3.21.BUILD-SNAPSHOT.jar
7fea78083000-7fea78084000 ---p 00000000 00:00 0 
7fea78084000-7fea78087000 ---p 00000000 00:00 0 
7fea78087000-7fea78184000 rw-p 00000000 00:00 0 
7fea78184000-7fea78185000 ---p 00000000 00:00 0 
7fea78185000-7fea78188000 ---p 00000000 00:00 0 
7fea78188000-7fea78285000 rw-p 00000000 00:00 0 
7fea78285000-7fea78288000 ---p 00000000 00:00 0 
7fea78288000-7fea78386000 rw-p 00000000 00:00 0 
7fea78386000-7fea78d55000 r--p 00000000 08:03 3939065                    /usr/lib/locale/locale-archive
7fea78d55000-7fea78d58000 ---p 00000000 00:00 0 
7fea78d58000-7fea78e56000 rw-p 00000000 00:00 0 
7fea78e56000-7fea78e59000 ---p 00000000 00:00 0 
7fea78e59000-7fea78f57000 rw-p 00000000 00:00 0 
7fea78f57000-7fea78f58000 ---p 00000000 00:00 0 
7fea78f58000-7fea7aceb000 rw-p 00000000 00:00 0 
7fea7aceb000-7fea7aec5000 r--s 03d6b000 08:03 5644224                    /usr/lib/jvm/jdk1.8.0_181/jre/lib/rt.jar
7fea7aec5000-7fea7bf03000 rw-p 00000000 00:00 0 
7fea7bf03000-7fea7bf04000 ---p 00000000 00:00 0 
7fea7bf04000-7fea7c004000 rw-p 00000000 00:00 0 
7fea7c004000-7fea7c005000 ---p 00000000 00:00 0 
7fea7c005000-7fea7c105000 rw-p 00000000 00:00 0 
7fea7c105000-7fea7c106000 ---p 00000000 00:00 0 
7fea7c106000-7fea7c206000 rw-p 00000000 00:00 0 
7fea7c206000-7fea7c207000 ---p 00000000 00:00 0 
7fea7c207000-7fea7c364000 rw-p 00000000 00:00 0 
7fea7c364000-7fea7c837000 ---p 00000000 00:00 0 
7fea7c837000-7fea7c894000 rw-p 00000000 00:00 0 
7fea7c894000-7fea7cd67000 ---p 00000000 00:00 0 
7fea7cd67000-7fea7cdfe000 rw-p 00000000 00:00 0 
7fea7cdfe000-7fea7cfff000 ---p 00000000 00:00 0 
7fea7cfff000-7fea7d000000 rw-p 00000000 00:00 0 
7fea7d000000-7fea7d9b0000 rwxp 00000000 00:00 0 
7fea7d9b0000-7fea8c000000 ---p 00000000 00:00 0 
7fea8c000000-7fea8cb12000 rw-p 00000000 00:00 0 
7fea8cb12000-7fea90000000 ---p 00000000 00:00 0 
7fea90000000-7fea90001000 r--s 00000000 08:05 13112540                   /home/kenyo/.m2/repository/org/springframework/boot/spring-boot-starter-thymeleaf/1.5.18.BUILD-SNAPSHOT/spring-boot-starter-thymeleaf-1.5.18.BUILD-SNAPSHOT.jar
7fea90001000-7fea90006000 r--s 00068000 08:05 14551156                   /home/kenyo/.m2/repository/antlr/antlr/2.7.7/antlr-2.7.7.jar
7fea90006000-7fea9001f000 r--s 001bf000 08:05 14551142                   /home/kenyo/.m2/repository/org/aspectj/aspectjweaver/1.8.13/aspectjweaver-1.8.13.jar
7fea9001f000-7fea90020000 ---p 00000000 00:00 0 
7fea90020000-7fea90120000 rw-p 00000000 00:00 0 
7fea90120000-7fea90121000 ---p 00000000 00:00 0 
7fea90121000-7fea90221000 rw-p 00000000 00:00 0 
7fea90221000-7fea90222000 ---p 00000000 00:00 0 
7fea90222000-7fea90322000 rw-p 00000000 00:00 0 
7fea90322000-7fea90323000 ---p 00000000 00:00 0 
7fea90323000-7fea9044a000 rw-p 00000000 00:00 0 
7fea9044a000-7fea907e3000 ---p 00000000 00:00 0 
7fea907e3000-7fea907fe000 r-xp 00000000 08:03 5644436                    /usr/lib/jvm/jdk1.8.0_181/jre/lib/amd64/libzip.so
7fea907fe000-7fea909fe000 ---p 0001b000 08:03 5644436                    /usr/lib/jvm/jdk1.8.0_181/jre/lib/amd64/libzip.so
7fea909fe000-7fea909ff000 rw-p 0001b000 08:03 5644436                    /usr/lib/jvm/jdk1.8.0_181/jre/lib/amd64/libzip.so
7fea909ff000-7fea90a0a000 r-xp 00000000 08:03 4985818                    /lib/x86_64-linux-gnu/libnss_files-2.27.so
7fea90a0a000-7fea90c09000 ---p 0000b000 08:03 4985818                    /lib/x86_64-linux-gnu/libnss_files-2.27.so
7fea90c09000-7fea90c0a000 r--p 0000a000 08:03 4985818                    /lib/x86_64-linux-gnu/libnss_files-2.27.so
7fea90c0a000-7fea90c0b000 rw-p 0000b000 08:03 4985818                    /lib/x86_64-linux-gnu/libnss_files-2.27.so
7fea90c0b000-7fea90c11000 rw-p 00000000 00:00 0 
7fea90c11000-7fea90c28000 r-xp 00000000 08:03 4985812                    /lib/x86_64-linux-gnu/libnsl-2.27.so
7fea90c28000-7fea90e27000 ---p 00017000 08:03 4985812                    /lib/x86_64-linux-gnu/libnsl-2.27.so
7fea90e27000-7fea90e28000 r--p 00016000 08:03 4985812                    /lib/x86_64-linux-gnu/libnsl-2.27.so
7fea90e28000-7fea90e29000 rw-p 00017000 08:03 4985812                    /lib/x86_64-linux-gnu/libnsl-2.27.so
7fea90e29000-7fea90e2b000 rw-p 00000000 00:00 0 
7fea90e2b000-7fea90e36000 r-xp 00000000 08:03 4985829                    /lib/x86_64-linux-gnu/libnss_nis-2.27.so
7fea90e36000-7fea91035000 ---p 0000b000 08:03 4985829                    /lib/x86_64-linux-gnu/libnss_nis-2.27.so
7fea91035000-7fea91036000 r--p 0000a000 08:03 4985829                    /lib/x86_64-linux-gnu/libnss_nis-2.27.so
7fea91036000-7fea91037000 rw-p 0000b000 08:03 4985829                    /lib/x86_64-linux-gnu/libnss_nis-2.27.so
7fea91037000-7fea9103f000 r-xp 00000000 08:03 4985814                    /lib/x86_64-linux-gnu/libnss_compat-2.27.so
7fea9103f000-7fea9123f000 ---p 00008000 08:03 4985814                    /lib/x86_64-linux-gnu/libnss_compat-2.27.so
7fea9123f000-7fea91240000 r--p 00008000 08:03 4985814                    /lib/x86_64-linux-gnu/libnss_compat-2.27.so
7fea91240000-7fea91241000 rw-p 00009000 08:03 4985814                    /lib/x86_64-linux-gnu/libnss_compat-2.27.so
7fea91241000-7fea9126c000 r-xp 00000000 08:03 5644430                    /usr/lib/jvm/jdk1.8.0_181/jre/lib/amd64/libjava.so
7fea9126c000-7fea9146b000 ---p 0002b000 08:03 5644430                    /usr/lib/jvm/jdk1.8.0_181/jre/lib/amd64/libjava.so
7fea9146b000-7fea9146d000 rw-p 0002a000 08:03 5644430                    /usr/lib/jvm/jdk1.8.0_181/jre/lib/amd64/libjava.so
7fea9146d000-7fea9147a000 r-xp 00000000 08:03 5644435                    /usr/lib/jvm/jdk1.8.0_181/jre/lib/amd64/libverify.so
7fea9147a000-7fea9167a000 ---p 0000d000 08:03 5644435                    /usr/lib/jvm/jdk1.8.0_181/jre/lib/amd64/libverify.so
7fea9167a000-7fea9167c000 rw-p 0000d000 08:03 5644435                    /usr/lib/jvm/jdk1.8.0_181/jre/lib/amd64/libverify.so
7fea9167c000-7fea91683000 r-xp 00000000 08:03 4985869                    /lib/x86_64-linux-gnu/librt-2.27.so
7fea91683000-7fea91882000 ---p 00007000 08:03 4985869                    /lib/x86_64-linux-gnu/librt-2.27.so
7fea91882000-7fea91883000 r--p 00006000 08:03 4985869                    /lib/x86_64-linux-gnu/librt-2.27.so
7fea91883000-7fea91884000 rw-p 00007000 08:03 4985869                    /lib/x86_64-linux-gnu/librt-2.27.so
7fea91884000-7fea91a21000 r-xp 00000000 08:03 4985791                    /lib/x86_64-linux-gnu/libm-2.27.so
7fea91a21000-7fea91c20000 ---p 0019d000 08:03 4985791                    /lib/x86_64-linux-gnu/libm-2.27.so
7fea91c20000-7fea91c21000 r--p 0019c000 08:03 4985791                    /lib/x86_64-linux-gnu/libm-2.27.so
7fea91c21000-7fea91c22000 rw-p 0019d000 08:03 4985791                    /lib/x86_64-linux-gnu/libm-2.27.so
7fea91c22000-7fea928fe000 r-xp 00000000 08:03 5644412                    /usr/lib/jvm/jdk1.8.0_181/jre/lib/amd64/server/libjvm.so
7fea928fe000-7fea92afe000 ---p 00cdc000 08:03 5644412                    /usr/lib/jvm/jdk1.8.0_181/jre/lib/amd64/server/libjvm.so
7fea92afe000-7fea92bd8000 rw-p 00cdc000 08:03 5644412                    /usr/lib/jvm/jdk1.8.0_181/jre/lib/amd64/server/libjvm.so
7fea92bd8000-7fea92c23000 rw-p 00000000 00:00 0 
7fea92c23000-7fea92e0a000 r-xp 00000000 08:03 4985728                    /lib/x86_64-linux-gnu/libc-2.27.so
7fea92e0a000-7fea9300a000 ---p 001e7000 08:03 4985728                    /lib/x86_64-linux-gnu/libc-2.27.so
7fea9300a000-7fea9300e000 r--p 001e7000 08:03 4985728                    /lib/x86_64-linux-gnu/libc-2.27.so
7fea9300e000-7fea93010000 rw-p 001eb000 08:03 4985728                    /lib/x86_64-linux-gnu/libc-2.27.so
7fea93010000-7fea93014000 rw-p 00000000 00:00 0 
7fea93014000-7fea93017000 r-xp 00000000 08:03 4985751                    /lib/x86_64-linux-gnu/libdl-2.27.so
7fea93017000-7fea93216000 ---p 00003000 08:03 4985751                    /lib/x86_64-linux-gnu/libdl-2.27.so
7fea93216000-7fea93217000 r--p 00002000 08:03 4985751                    /lib/x86_64-linux-gnu/libdl-2.27.so
7fea93217000-7fea93218000 rw-p 00003000 08:03 4985751                    /lib/x86_64-linux-gnu/libdl-2.27.so
7fea93218000-7fea9322e000 r-xp 00000000 08:03 5644091                    /usr/lib/jvm/jdk1.8.0_181/lib/amd64/jli/libjli.so
7fea9322e000-7fea9342d000 ---p 00016000 08:03 5644091                    /usr/lib/jvm/jdk1.8.0_181/lib/amd64/jli/libjli.so
7fea9342d000-7fea9342e000 rw-p 00015000 08:03 5644091                    /usr/lib/jvm/jdk1.8.0_181/lib/amd64/jli/libjli.so
7fea9342e000-7fea93448000 r-xp 00000000 08:03 4985861                    /lib/x86_64-linux-gnu/libpthread-2.27.so
7fea93448000-7fea93647000 ---p 0001a000 08:03 4985861                    /lib/x86_64-linux-gnu/libpthread-2.27.so
7fea93647000-7fea93648000 r--p 00019000 08:03 4985861                    /lib/x86_64-linux-gnu/libpthread-2.27.so
7fea93648000-7fea93649000 rw-p 0001a000 08:03 4985861                    /lib/x86_64-linux-gnu/libpthread-2.27.so
7fea93649000-7fea9364d000 rw-p 00000000 00:00 0 
7fea9364d000-7fea93674000 r-xp 00000000 08:03 4985700                    /lib/x86_64-linux-gnu/ld-2.27.so
7fea93674000-7fea93679000 r--s 00017000 08:05 14551152                   /home/kenyo/.m2/repository/org/hibernate/javax/persistence/hibernate-jpa-2.1-api/1.0.0.Final/hibernate-jpa-2.1-api-1.0.0.Final.jar
7fea93679000-7fea9367b000 r--s 0000f000 08:05 14551150                   /home/kenyo/.m2/repository/org/jboss/logging/jboss-logging/3.3.2.Final/jboss-logging-3.3.2.Final.jar
7fea9367b000-7fea93684000 r--s 00054000 08:05 12324932                   /home/kenyo/.m2/repository/org/springframework/spring-aop/4.3.21.BUILD-SNAPSHOT/spring-aop-4.3.21.BUILD-SNAPSHOT.jar
7fea93684000-7fea93755000 rw-p 00000000 00:00 0 
7fea93755000-7fea93756000 ---p 00000000 00:00 0 
7fea93756000-7fea93759000 ---p 00000000 00:00 0 
7fea93759000-7fea9385a000 rw-p 00000000 00:00 0 
7fea9385a000-7fea9385c000 r--s 0000b000 08:05 14681603                   /home/kenyo/.m2/repository/org/apache/tomcat/tomcat-juli/8.5.35/tomcat-juli-8.5.35.jar
7fea9385c000-7fea9385f000 r--s 00022000 08:05 14553334                   /home/kenyo/.m2/repository/org/apache/tomcat/tomcat-jdbc/8.5.35/tomcat-jdbc-8.5.35.jar
7fea9385f000-7fea93860000 r--s 00000000 08:05 13764095                   /home/kenyo/.m2/repository/org/springframework/boot/spring-boot-starter-jdbc/1.5.18.BUILD-SNAPSHOT/spring-boot-starter-jdbc-1.5.18.BUILD-SNAPSHOT.jar
7fea93860000-7fea93861000 r--s 00000000 08:05 13502095                   /home/kenyo/.m2/repository/org/springframework/boot/spring-boot-starter-aop/1.5.18.BUILD-SNAPSHOT/spring-boot-starter-aop-1.5.18.BUILD-SNAPSHOT.jar
7fea93861000-7fea93867000 r--s 0003d000 08:05 14551140                   /home/kenyo/.m2/repository/org/yaml/snakeyaml/1.17/snakeyaml-1.17.jar
7fea93867000-7fea93868000 r--s 00000000 08:05 13242002                   /home/kenyo/.m2/repository/org/springframework/boot/spring-boot-starter-logging/1.5.18.BUILD-SNAPSHOT/spring-boot-starter-logging-1.5.18.BUILD-SNAPSHOT.jar
7fea93868000-7fea93869000 r--s 00000000 08:05 11804302                   /home/kenyo/.m2/repository/org/springframework/boot/spring-boot-starter/1.5.18.BUILD-SNAPSHOT/spring-boot-starter-1.5.18.BUILD-SNAPSHOT.jar
7fea93869000-7fea9386a000 r--s 00000000 08:05 11536882                   /home/kenyo/.m2/repository/org/springframework/boot/spring-boot-starter-data-jpa/1.5.18.BUILD-SNAPSHOT/spring-boot-starter-data-jpa-1.5.18.BUILD-SNAPSHOT.jar
7fea9386a000-7fea93872000 rw-s 00000000 08:03 6038140                    /tmp/hsperfdata_kenyo/15364
7fea93872000-7fea93873000 rw-p 00000000 00:00 0 
7fea93873000-7fea93874000 r--p 00000000 00:00 0 
7fea93874000-7fea93875000 r--p 00027000 08:03 4985700                    /lib/x86_64-linux-gnu/ld-2.27.so
7fea93875000-7fea93876000 rw-p 00028000 08:03 4985700                    /lib/x86_64-linux-gnu/ld-2.27.so
7fea93876000-7fea93877000 rw-p 00000000 00:00 0 
7ffd1ab18000-7ffd1ab3b000 rw-p 00000000 00:00 0                          [stack]
7ffd1aba5000-7ffd1aba8000 r--p 00000000 00:00 0                          [vvar]
7ffd1aba8000-7ffd1abaa000 r-xp 00000000 00:00 0                          [vdso]
ffffffffff600000-ffffffffff601000 r-xp 00000000 00:00 0                  [vsyscall]

VM Arguments:
jvm_args: -Dcom.sun.management.jmxremote -Dcom.sun.management.jmxremote.port=45801 -Dcom.sun.management.jmxremote.authenticate=false -Dcom.sun.management.jmxremote.ssl=false -Djava.rmi.server.hostname=localhost -Dspring.liveBeansView.mbeanDomain -Dspring.application.admin.enabled=true -Djava.security.egd=file:/dev/./urandom -Xverify:none -XX:TieredStopAtLevel=1 -Dfile.encoding=UTF-8 
java_command: com.kenyo.hackathon.bcrp.BilleteAppApplication --spring.output.ansi.enabled=always
java_class_path (initial): /media/kenyo/DATA/PROYECTOS/BCR Hackathon/backend/billete-app/target/classes:/home/kenyo/.m2/repository/org/springframework/boot/spring-boot-starter-data-jpa/1.5.18.BUILD-SNAPSHOT/spring-boot-starter-data-jpa-1.5.18.BUILD-SNAPSHOT.jar:/home/kenyo/.m2/repository/org/springframework/boot/spring-boot-starter/1.5.18.BUILD-SNAPSHOT/spring-boot-starter-1.5.18.BUILD-SNAPSHOT.jar:/home/kenyo/.m2/repository/org/springframework/boot/spring-boot-starter-logging/1.5.18.BUILD-SNAPSHOT/spring-boot-starter-logging-1.5.18.BUILD-SNAPSHOT.jar:/home/kenyo/.m2/repository/org/yaml/snakeyaml/1.17/snakeyaml-1.17.jar:/home/kenyo/.m2/repository/org/springframework/boot/spring-boot-starter-aop/1.5.18.BUILD-SNAPSHOT/spring-boot-starter-aop-1.5.18.BUILD-SNAPSHOT.jar:/home/kenyo/.m2/repository/org/springframework/spring-aop/4.3.21.BUILD-SNAPSHOT/spring-aop-4.3.21.BUILD-SNAPSHOT.jar:/home/kenyo/.m2/repository/org/aspectj/aspectjweaver/1.8.13/aspectjweaver-1.8.13.jar:/home/kenyo/.m2/repository/org/springframework/boot/spring-boot-starter-jdbc/1.5.18.BUILD-SNAPSHOT/spring-boot-starter-jdbc-1.5.18.BUILD-SNAPSHOT.jar:/home/kenyo/.m2/repository/org/apache/tomcat/tomcat-jdbc/8.5.35/tomcat-jdbc-8.5.35.jar:/home/kenyo/.m2/repository/org/apache/tomcat/tomcat-juli/8.5.35/tomcat-juli-8.5.35.jar:/home/kenyo/.m2/repository/org/springframework/spring-jdbc/4.3.21.BUILD-SNAPSHOT/spring-jdbc-4.3.21.BUILD-SNAPSHOT.jar:/home/kenyo/.m2/repository/org/hibernate/hibernate-core/5.0.12.Final/hibernate-core-5.0.12.Final.jar:/home/kenyo/.m2/repository/org/jboss/logging/jboss-logging/3.3.2.Final/jboss-logging-3.3.2.Final.jar:/home/kenyo/.m2/repository/org/hibernate/javax/persistence/hibernate-jpa-2.1-api/1.0.0.Final/hibernate-jpa-2.1-api-1.0.0.Final.jar:/home/kenyo/.m2/repository/org/javassist/javassist/3.21.0-GA/javassist-3.21.0-GA.jar:/home/kenyo/.m2/repository/antlr/antlr/2.7.7/antlr-2.7.7.jar:/home/kenyo/.m2/repository/org/jboss/jandex/2.0.0.Final/jandex-2.0.0.Final.jar:/home/kenyo/.m2/rep
Launcher Type: SUN_STANDARD

Environment Variables:
JAVA_HOME=/usr/lib/jvm/java-8-oracle
PATH=/usr/local/sbin:/usr/local/bin:/usr/sbin:/usr/bin:/sbin:/bin:/usr/games:/usr/local/games:/snap/bin:/usr/lib/jvm/java-8-oracle/bin:/usr/lib/jvm/java-8-oracle/db/bin:/usr/lib/jvm/java-8-oracle/jre/bin
USERNAME=kenyo
SHELL=/bin/bash
DISPLAY=:0

Signal Handlers:
SIGSEGV: [libjvm.so+0xad2a40], sa_mask[0]=11111111011111111101111111111110, sa_flags=SA_RESTART|SA_SIGINFO
SIGBUS: [libjvm.so+0xad2a40], sa_mask[0]=11111111011111111101111111111110, sa_flags=SA_RESTART|SA_SIGINFO
SIGFPE: [libjvm.so+0x92a610], sa_mask[0]=11111111011111111101111111111110, sa_flags=SA_RESTART|SA_SIGINFO
SIGPIPE: [libjvm.so+0x92a610], sa_mask[0]=11111111011111111101111111111110, sa_flags=SA_RESTART|SA_SIGINFO
SIGXFSZ: [libjvm.so+0x92a610], sa_mask[0]=11111111011111111101111111111110, sa_flags=SA_RESTART|SA_SIGINFO
SIGILL: [libjvm.so+0x92a610], sa_mask[0]=11111111011111111101111111111110, sa_flags=SA_RESTART|SA_SIGINFO
SIGUSR1: SIG_DFL, sa_mask[0]=00000000000000000000000000000000, sa_flags=none
SIGUSR2: [libjvm.so+0x92be70], sa_mask[0]=00100000000000000000000000000000, sa_flags=SA_RESTART|SA_SIGINFO
SIGHUP: [libjvm.so+0x92d270], sa_mask[0]=11111111011111111101111111111110, sa_flags=SA_RESTART|SA_SIGINFO
SIGINT: [libjvm.so+0x92d270], sa_mask[0]=11111111011111111101111111111110, sa_flags=SA_RESTART|SA_SIGINFO
SIGTERM: [libjvm.so+0x92d270], sa_mask[0]=11111111011111111101111111111110, sa_flags=SA_RESTART|SA_SIGINFO
SIGQUIT: [libjvm.so+0x92d270], sa_mask[0]=11111111011111111101111111111110, sa_flags=SA_RESTART|SA_SIGINFO


---------------  S Y S T E M  ---------------

OS:DISTRIB_ID=Ubuntu
DISTRIB_RELEASE=18.04
DISTRIB_CODENAME=bionic
DISTRIB_DESCRIPTION="Ubuntu 18.04.1 LTS"

uname:Linux 4.15.0-36-generic #39-Ubuntu SMP Mon Sep 24 16:19:09 UTC 2018 x86_64
libc:glibc 2.27 NPTL 2.27 
rlimit: STACK 8192k, CORE 0k, NPROC 63097, NOFILE 1048576, AS infinity
load average:6,05 8,38 5,26

/proc/meminfo:
MemTotal:       16316300 kB
MemFree:          178880 kB
MemAvailable:    8065000 kB
Buffers:         2484744 kB
Cached:          5554644 kB
SwapCached:            0 kB
Active:          9382420 kB
Inactive:        5745116 kB
Active(anon):    6997844 kB
Inactive(anon):   329520 kB
Active(file):    2384576 kB
Inactive(file):  5415596 kB
Unevictable:         488 kB
Mlocked:             488 kB
SwapTotal:      20468732 kB
SwapFree:       20468732 kB
Dirty:              1748 kB
Writeback:             0 kB
AnonPages:       7088772 kB
Mapped:           907500 kB
Shmem:            239236 kB
Slab:             613916 kB
SReclaimable:     423656 kB
SUnreclaim:       190260 kB
KernelStack:       27072 kB
PageTables:       133960 kB
NFS_Unstable:          0 kB
Bounce:                0 kB
WritebackTmp:          0 kB
CommitLimit:    28626880 kB
Committed_AS:   24440544 kB
VmallocTotal:   34359738367 kB
VmallocUsed:           0 kB
VmallocChunk:          0 kB
HardwareCorrupted:     0 kB
AnonHugePages:         0 kB
ShmemHugePages:        0 kB
ShmemPmdMapped:        0 kB
CmaTotal:              0 kB
CmaFree:               0 kB
HugePages_Total:       0
HugePages_Free:        0
HugePages_Rsvd:        0
HugePages_Surp:        0
Hugepagesize:       2048 kB
DirectMap4k:      849504 kB
DirectMap2M:    15820800 kB
DirectMap1G:           0 kB


CPU:total 8 (initial active 8) (4 cores per cpu, 2 threads per core) family 6 model 142 stepping 10, cmov, cx8, fxsr, mmx, sse, sse2, sse3, ssse3, sse4.1, sse4.2, popcnt, avx, avx2, aes, clmul, erms, 3dnowpref, lzcnt, ht, tsc, tscinvbit, bmi1, bmi2, adx

/proc/cpuinfo:
processor	: 0
vendor_id	: GenuineIntel
cpu family	: 6
model		: 142
model name	: Intel(R) Core(TM) i7-8550U CPU @ 1.80GHz
stepping	: 10
microcode	: 0x96
cpu MHz		: 3180.766
cache size	: 8192 KB
physical id	: 0
siblings	: 8
core id		: 0
cpu cores	: 4
apicid		: 0
initial apicid	: 0
fpu		: yes
fpu_exception	: yes
cpuid level	: 22
wp		: yes
flags		: fpu vme de pse tsc msr pae mce cx8 apic sep mtrr pge mca cmov pat pse36 clflush dts acpi mmx fxsr sse sse2 ss ht tm pbe syscall nx pdpe1gb rdtscp lm constant_tsc art arch_perfmon pebs bts rep_good nopl xtopology nonstop_tsc cpuid aperfmperf tsc_known_freq pni pclmulqdq dtes64 monitor ds_cpl vmx est tm2 ssse3 sdbg fma cx16 xtpr pdcm pcid sse4_1 sse4_2 x2apic movbe popcnt tsc_deadline_timer aes xsave avx f16c rdrand lahf_lm abm 3dnowprefetch cpuid_fault epb invpcid_single pti ssbd ibrs ibpb stibp tpr_shadow vnmi flexpriority ept vpid fsgsbase tsc_adjust bmi1 avx2 smep bmi2 erms invpcid mpx rdseed adx smap clflushopt intel_pt xsaveopt xsavec xgetbv1 xsaves dtherm ida arat pln pts hwp hwp_notify hwp_act_window hwp_epp flush_l1d
bugs		: cpu_meltdown spectre_v1 spectre_v2 spec_store_bypass l1tf
bogomips	: 3984.00
clflush size	: 64
cache_alignment	: 64
address sizes	: 39 bits physical, 48 bits virtual
power management:

processor	: 1
vendor_id	: GenuineIntel
cpu family	: 6
model		: 142
model name	: Intel(R) Core(TM) i7-8550U CPU @ 1.80GHz
stepping	: 10
microcode	: 0x96
cpu MHz		: 3199.222
cache size	: 8192 KB
physical id	: 0
siblings	: 8
core id		: 1
cpu cores	: 4
apicid		: 2
initial apicid	: 2
fpu		: yes
fpu_exception	: yes
cpuid level	: 22
wp		: yes
flags		: fpu vme de pse tsc msr pae mce cx8 apic sep mtrr pge mca cmov pat pse36 clflush dts acpi mmx fxsr sse sse2 ss ht tm pbe syscall nx pdpe1gb rdtscp lm constant_tsc art arch_perfmon pebs bts rep_good nopl xtopology nonstop_tsc cpuid aperfmperf tsc_known_freq pni pclmulqdq dtes64 monitor ds_cpl vmx est tm2 ssse3 sdbg fma cx16 xtpr pdcm pcid sse4_1 sse4_2 x2apic movbe popcnt tsc_deadline_timer aes xsave avx f16c rdrand lahf_lm abm 3dnowprefetch cpuid_fault epb invpcid_single pti ssbd ibrs ibpb stibp tpr_shadow vnmi flexpriority ept vpid fsgsbase tsc_adjust bmi1 avx2 smep bmi2 erms invpcid mpx rdseed adx smap clflushopt intel_pt xsaveopt xsavec xgetbv1 xsaves dtherm ida arat pln pts hwp hwp_notify hwp_act_window hwp_epp flush_l1d
bugs		: cpu_meltdown spectre_v1 spectre_v2 spec_store_bypass l1tf
bogomips	: 3984.00
clflush size	: 64
cache_alignment	: 64
address sizes	: 39 bits physical, 48 bits virtual
power management:

processor	: 2
vendor_id	: GenuineIntel
cpu family	: 6
model		: 142
model name	: Intel(R) Core(TM) i7-8550U CPU @ 1.80GHz
stepping	: 10
microcode	: 0x96
cpu MHz		: 3241.716
cache size	: 8192 KB
physical id	: 0
siblings	: 8
core id		: 2
cpu cores	: 4
apicid		: 4
initial apicid	: 4
fpu		: yes
fpu_exception	: yes
cpuid level	: 22
wp		: yes
flags		: fpu vme de pse tsc msr pae mce cx8 apic sep mtrr pge mca cmov pat pse36 clflush dts acpi mmx fxsr sse sse2 ss ht tm pbe syscall nx pdpe1gb rdtscp lm constant_tsc art arch_perfmon pebs bts rep_good nopl xtopology nonstop_tsc cpuid aperfmperf tsc_known_freq pni pclmulqdq dtes64 monitor ds_cpl vmx est tm2 ssse3 sdbg fma cx16 xtpr pdcm pcid sse4_1 sse4_2 x2apic movbe popcnt tsc_deadline_timer aes xsave avx f16c rdrand lahf_lm abm 3dnowprefetch cpuid_fault epb invpcid_single pti ssbd ibrs ibpb stibp tpr_shadow vnmi flexpriority ept vpid fsgsbase tsc_adjust bmi1 avx2 smep bmi2 erms invpcid mpx rdseed adx smap clflushopt intel_pt xsaveopt xsavec xgetbv1 xsaves dtherm ida arat pln pts hwp hwp_notify hwp_act_window hwp_epp flush_l1d
bugs		: cpu_meltdown spectre_v1 spectre_v2 spec_store_bypass l1tf
bogomips	: 3984.00
clflush size	: 64
cache_alignment	: 64
address sizes	: 39 bits physical, 48 bits virtual
power management:

processor	: 3
vendor_id	: GenuineIntel
cpu family	: 6
model		: 142
model name	: Intel(R) Core(TM) i7-8550U CPU @ 1.80GHz
stepping	: 10
microcode	: 0x96
cpu MHz		: 3230.988
cache size	: 8192 KB
physical id	: 0
siblings	: 8
core id		: 3
cpu cores	: 4
apicid		: 6
initial apicid	: 6
fpu		: yes
fpu_exception	: yes
cpuid level	: 22
wp		: yes
flags		: fpu vme de pse tsc msr pae mce cx8 apic sep mtrr pge mca cmov pat pse36 clflush dts acpi mmx fxsr sse sse2 ss ht tm pbe syscall nx pdpe1gb rdtscp lm constant_tsc art arch_perfmon pebs bts rep_good nopl xtopology nonstop_tsc cpuid aperfmperf tsc_known_freq pni pclmulqdq dtes64 monitor ds_cpl vmx est tm2 ssse3 sdbg fma cx16 xtpr pdcm pcid sse4_1 sse4_2 x2apic movbe popcnt tsc_deadline_timer aes xsave avx f16c rdrand lahf_lm abm 3dnowprefetch cpuid_fault epb invpcid_single pti ssbd ibrs ibpb stibp tpr_shadow vnmi flexpriority ept vpid fsgsbase tsc_adjust bmi1 avx2 smep bmi2 erms invpcid mpx rdseed adx smap clflushopt intel_pt xsaveopt xsavec xgetbv1 xsaves dtherm ida arat pln pts hwp hwp_notify hwp_act_window hwp_epp flush_l1d
bugs		: cpu_meltdown spectre_v1 spectre_v2 spec_store_bypass l1tf
bogomips	: 3984.00
clflush size	: 64
cache_alignment	: 64
address sizes	: 39 bits physical, 48 bits virtual
power management:

processor	: 4
vendor_id	: GenuineIntel
cpu family	: 6
model		: 142
model name	: Intel(R) Core(TM) i7-8550U CPU @ 1.80GHz
stepping	: 10
microcode	: 0x96
cpu MHz		: 3150.154
cache size	: 8192 KB
physical id	: 0
siblings	: 8
core id		: 0
cpu cores	: 4
apicid		: 1
initial apicid	: 1
fpu		: yes
fpu_exception	: yes
cpuid level	: 22
wp		: yes
flags		: fpu vme de pse tsc msr pae mce cx8 apic sep mtrr pge mca cmov pat pse36 clflush dts acpi mmx fxsr sse sse2 ss ht tm pbe syscall nx pdpe1gb rdtscp lm constant_tsc art arch_perfmon pebs bts rep_good nopl xtopology nonstop_tsc cpuid aperfmperf tsc_known_freq pni pclmulqdq dtes64 monitor ds_cpl vmx est tm2 ssse3 sdbg fma cx16 xtpr pdcm pcid sse4_1 sse4_2 x2apic movbe popcnt tsc_deadline_timer aes xsave avx f16c rdrand lahf_lm abm 3dnowprefetch cpuid_fault epb invpcid_single pti ssbd ibrs ibpb stibp tpr_shadow vnmi flexpriority ept vpid fsgsbase tsc_adjust bmi1 avx2 smep bmi2 erms invpcid mpx rdseed adx smap clflushopt intel_pt xsaveopt xsavec xgetbv1 xsaves dtherm ida arat pln pts hwp hwp_notify hwp_act_window hwp_epp flush_l1d
bugs		: cpu_meltdown spectre_v1 spectre_v2 spec_store_bypass l1tf
bogomips	: 3984.00
clflush size	: 64
cache_alignment	: 64
address sizes	: 39 bits physical, 48 bits virtual
power management:

processor	: 5
vendor_id	: GenuineIntel
cpu family	: 6
model		: 142
model name	: Intel(R) Core(TM) i7-8550U CPU @ 1.80GHz
stepping	: 10
microcode	: 0x96
cpu MHz		: 3275.708
cache size	: 8192 KB
physical id	: 0
siblings	: 8
core id		: 1
cpu cores	: 4
apicid		: 3
initial apicid	: 3
fpu		: yes
fpu_exception	: yes
cpuid level	: 22
wp		: yes
flags		: fpu vme de pse tsc msr pae mce cx8 apic sep mtrr pge mca cmov pat pse36 clflush dts acpi mmx fxsr sse sse2 ss ht tm pbe syscall nx pdpe1gb rdtscp lm constant_tsc art arch_perfmon pebs bts rep_good nopl xtopology nonstop_tsc cpuid aperfmperf tsc_known_freq pni pclmulqdq dtes64 monitor ds_cpl vmx est tm2 ssse3 sdbg fma cx16 xtpr pdcm pcid sse4_1 sse4_2 x2apic movbe popcnt tsc_deadline_timer aes xsave avx f16c rdrand lahf_lm abm 3dnowprefetch cpuid_fault epb invpcid_single pti ssbd ibrs ibpb stibp tpr_shadow vnmi flexpriority ept vpid fsgsbase tsc_adjust bmi1 avx2 smep bmi2 erms invpcid mpx rdseed adx smap clflushopt intel_pt xsaveopt xsavec xgetbv1 xsaves dtherm ida arat pln pts hwp hwp_notify hwp_act_window hwp_epp flush_l1d
bugs		: cpu_meltdown spectre_v1 spectre_v2 spec_store_bypass l1tf
bogomips	: 3984.00
clflush size	: 64
cache_alignment	: 64
address sizes	: 39 bits physical, 48 bits virtual
power management:

processor	: 6
vendor_id	: GenuineIntel
cpu family	: 6
model		: 142
model name	: Intel(R) Core(TM) i7-8550U CPU @ 1.80GHz
stepping	: 10
microcode	: 0x96
cpu MHz		: 3128.618
cache size	: 8192 KB
physical id	: 0
siblings	: 8
core id		: 2
cpu cores	: 4
apicid		: 5
initial apicid	: 5
fpu		: yes
fpu_exception	: yes
cpuid level	: 22
wp		: yes
flags		: fpu vme de pse tsc msr pae mce cx8 apic sep mtrr pge mca cmov pat pse36 clflush dts acpi mmx fxsr sse sse2 ss ht tm pbe syscall nx pdpe1gb rdtscp lm constant_tsc art arch_perfmon pebs bts rep_good nopl xtopology nonstop_tsc cpuid aperfmperf tsc_known_freq pni pclmulqdq dtes64 monitor ds_cpl vmx est tm2 ssse3 sdbg fma cx16 xtpr pdcm pcid sse4_1 sse4_2 x2apic movbe popcnt tsc_deadline_timer aes xsave avx f16c rdrand lahf_lm abm 3dnowprefetch cpuid_fault epb invpcid_single pti ssbd ibrs ibpb stibp tpr_shadow vnmi flexpriority ept vpid fsgsbase tsc_adjust bmi1 avx2 smep bmi2 erms invpcid mpx rdseed adx smap clflushopt intel_pt xsaveopt xsavec xgetbv1 xsaves dtherm ida arat pln pts hwp hwp_notify hwp_act_window hwp_epp flush_l1d
bugs		: cpu_meltdown spectre_v1 spectre_v2 spec_store_bypass l1tf
bogomips	: 3984.00
clflush size	: 64
cache_alignment	: 64
address sizes	: 39 bits physical, 48 bits virtual
power management:

processor	: 7
vendor_id	: GenuineIntel
cpu family	: 6
model		: 142
model name	: Intel(R) Core(TM) i7-8550U CPU @ 1.80GHz
stepping	: 10
microcode	: 0x96
cpu MHz		: 3123.627
cache size	: 8192 KB
physical id	: 0
siblings	: 8
core id		: 3
cpu cores	: 4
apicid		: 7
initial apicid	: 7
fpu		: yes
fpu_exception	: yes
cpuid level	: 22
wp		: yes
flags		: fpu vme de pse tsc msr pae mce cx8 apic sep mtrr pge mca cmov pat pse36 clflush dts acpi mmx fxsr sse sse2 ss ht tm pbe syscall nx pdpe1gb rdtscp lm constant_tsc art arch_perfmon pebs bts rep_good nopl xtopology nonstop_tsc cpuid aperfmperf tsc_known_freq pni pclmulqdq dtes64 monitor ds_cpl vmx est tm2 ssse3 sdbg fma cx16 xtpr pdcm pcid sse4_1 sse4_2 x2apic movbe popcnt tsc_deadline_timer aes xsave avx f16c rdrand lahf_lm abm 3dnowprefetch cpuid_fault epb invpcid_single pti ssbd ibrs ibpb stibp tpr_shadow vnmi flexpriority ept vpid fsgsbase tsc_adjust bmi1 avx2 smep bmi2 erms invpcid mpx rdseed adx smap clflushopt intel_pt xsaveopt xsavec xgetbv1 xsaves dtherm ida arat pln pts hwp hwp_notify hwp_act_window hwp_epp flush_l1d
bugs		: cpu_meltdown spectre_v1 spectre_v2 spec_store_bypass l1tf
bogomips	: 3984.00
clflush size	: 64
cache_alignment	: 64
address sizes	: 39 bits physical, 48 bits virtual
power management:



Memory: 4k page, physical 16316300k(178896k free), swap 20468732k(20468732k free)

vm_info: Java HotSpot(TM) 64-Bit Server VM (25.181-b13) for linux-amd64 JRE (1.8.0_181-b13), built on Jul  7 2018 00:56:38 by "java_re" with gcc 4.3.0 20080428 (Red Hat 4.3.0-8)

time: Thu Nov 22 23:46:06 2018
elapsed time: 22 seconds (0d 0h 0m 22s)

